00:00:00.007274 main     VirtualBox XPCOM Server 6.0.4 r128164 linux.amd64 (Mar  5 2019 19:56:31) release log
00:00:00.007282 main     Log opened 2019-04-01T11:46:54.504847000Z
00:00:00.007283 main     Build Type: release
00:00:00.007294 main     OS Product: Linux
00:00:00.007297 main     OS Release: 5.0.4-arch1-1-ARCH
00:00:00.007299 main     OS Version: #1 SMP PREEMPT Sat Mar 23 21:00:33 UTC 2019
00:00:00.007371 main     DMI Product Name: System Product Name
00:00:00.007405 main     DMI Product Version: System Version
00:00:00.007521 main     Host RAM: 7858MB (7.6GB) total, 7084MB (6.9GB) available
00:00:00.007529 main     Executable: /usr/lib/virtualbox/VBoxSVC
00:00:00.007530 main     Process ID: 9647
00:00:00.007532 main     Package type: LINUX_64BITS_GENERIC (OSE)
00:00:00.011202 main     IPC socket path: /tmp/.vbox-deanpalmer-ipc/ipcd
00:00:00.135592 nspr-2   VirtualBox: object creation starts
00:00:00.136577 nspr-2   Home directory: '/home/deanpalmer/.config/VirtualBox'
00:00:00.137517 nspr-2   Loading settings file "/home/deanpalmer/.config/VirtualBox/VirtualBox.xml" with version "1.12-linux"
00:00:00.144536 nspr-2   NAT: resolv.conf: nameserver 1.1.1.1
00:00:00.144585 nspr-2   HostDnsMonitor::updateInfo
00:00:00.144643 nspr-2   HostDnsMonitor: old information
00:00:00.144652 nspr-2     no server entries
00:00:00.144660 nspr-2     no domain set
00:00:00.144666 nspr-2     no search string entries
00:00:00.144673 nspr-2   HostDnsMonitor: new information
00:00:00.144679 nspr-2     server 1: 1.1.1.1
00:00:00.144687 nspr-2     no domain set
00:00:00.144693 nspr-2     no search string entries
00:00:00.175866 nspr-2   VD: VDInit finished with VINF_SUCCESS
00:00:00.177616 nspr-2   ERROR [COM]: aRC=NS_ERROR_FAILURE (0x80004005) aIID={d55176e5-6730-4e9e-fc1f-a59b1f44f78f} aComponent={SystemPropertiesWrap} aText={Cannot determine default Guest Additions ISO location. Most likely they are not available}, preserve=false aResultDetail=0
00:00:00.197691 nspr-2   ERROR [COM]: aRC=NS_ERROR_FAILURE (0x80004005) aIID={5047460a-265d-4538-b23e-ddba5fb84976} aComponent={MachineWrap} aText={Runtime error opening '/home/dean/VirtualBox VMs/ubuntu/ubuntu.vbox' for reading: -102 (File not found.).
00:00:00.197706 nspr-2   /build/virtualbox/src/VirtualBox-6.0.4/src/VBox/Main/src-server/MachineImpl.cpp[750] (nsresult Machine::i_registeredInit())}, preserve=false aResultDetail=0
00:00:00.198653 nspr-2   VirtualBox: object created
00:00:00.689293 nspr-3   ERROR [COM]: aRC=NS_ERROR_FAILURE (0x80004005) aIID={5047460a-265d-4538-b23e-ddba5fb84976} aComponent={MachineWrap} aText={Runtime error opening '/home/dean/VirtualBox VMs/ubuntu/ubuntu.vbox' for reading: -102 (File not found.).
00:00:00.689298 nspr-3   /build/virtualbox/src/VirtualBox-6.0.4/src/VBox/Main/src-server/MachineImpl.cpp[750] (nsresult Machine::i_registeredInit())}, preserve=false aResultDetail=0
00:00:00.689530 nspr-3   ERROR [COM]: aRC=NS_ERROR_FAILURE (0x80004005) aIID={5047460a-265d-4538-b23e-ddba5fb84976} aComponent={MachineWrap} aText={Runtime error opening '/home/dean/VirtualBox VMs/ubuntu/ubuntu.vbox' for reading: -102 (File not found.).
00:00:00.689533 nspr-3   /build/virtualbox/src/VirtualBox-6.0.4/src/VBox/Main/src-server/MachineImpl.cpp[750] (nsresult Machine::i_registeredInit())}, preserve=false aResultDetail=0
00:00:00.691012 nspr-3   ERROR [COM]: aRC=NS_ERROR_FAILURE (0x80004005) aIID={5047460a-265d-4538-b23e-ddba5fb84976} aComponent={MachineWrap} aText={Runtime error opening '/home/dean/VirtualBox VMs/ubuntu/ubuntu.vbox' for reading: -102 (File not found.).
00:00:00.691016 nspr-3   /build/virtualbox/src/VirtualBox-6.0.4/src/VBox/Main/src-server/MachineImpl.cpp[750] (nsresult Machine::i_registeredInit())}, preserve=false aResultDetail=0
00:00:01.904663 nspr-2   Saving settings file "/home/deanpalmer/.config/VirtualBox/VirtualBox.xml" with version "1.12-linux"
00:00:01.917416 nspr-3   Saving settings file "/home/deanpalmer/.config/VirtualBox/VirtualBox.xml" with version "1.12-linux"
00:00:02.856126 nspr-3   ERROR [COM]: aRC=E_ACCESSDENIED (0x80070005) aIID={5047460a-265d-4538-b23e-ddba5fb84976} aComponent={MachineWrap} aText={The object functionality is limited}, preserve=false aResultDetail=0
00:00:02.864049 nspr-3   ERROR [COM]: aRC=NS_ERROR_FAILURE (0x80004005) aIID={5047460a-265d-4538-b23e-ddba5fb84976} aComponent={MachineWrap} aText={Runtime error opening '/home/dean/VirtualBox VMs/ubuntu/ubuntu.vbox' for reading: -102 (File not found.).
00:00:02.864058 nspr-3   /build/virtualbox/src/VirtualBox-6.0.4/src/VBox/Main/src-server/MachineImpl.cpp[750] (nsresult Machine::i_registeredInit())}, preserve=false aResultDetail=0
00:00:02.878309 nspr-3   ERROR [COM]: aRC=NS_ERROR_FAILURE (0x80004005) aIID={5047460a-265d-4538-b23e-ddba5fb84976} aComponent={MachineWrap} aText={Runtime error opening '/home/dean/VirtualBox VMs/ubuntu/ubuntu.vbox' for reading: -102 (File not found.).
00:00:02.878316 nspr-3   /build/virtualbox/src/VirtualBox-6.0.4/src/VBox/Main/src-server/MachineImpl.cpp[750] (nsresult Machine::i_registeredInit())}, preserve=false aResultDetail=0
00:00:02.914644 nspr-3   ERROR [COM]: aRC=NS_ERROR_FAILURE (0x80004005) aIID={5047460a-265d-4538-b23e-ddba5fb84976} aComponent={MachineWrap} aText={Runtime error opening '/home/dean/VirtualBox VMs/ubuntu/ubuntu.vbox' for reading: -102 (File not found.).
00:00:02.914652 nspr-3   /build/virtualbox/src/VirtualBox-6.0.4/src/VBox/Main/src-server/MachineImpl.cpp[750] (nsresult Machine::i_registeredInit())}, preserve=false aResultDetail=0
00:00:02.914987 nspr-3   ERROR [COM]: aRC=E_ACCESSDENIED (0x80070005) aIID={5047460a-265d-4538-b23e-ddba5fb84976} aComponent={MachineWrap} aText={The object functionality is limited}, preserve=false aResultDetail=0
00:00:02.916444 nspr-3   ERROR [COM]: aRC=E_ACCESSDENIED (0x80070005) aIID={5047460a-265d-4538-b23e-ddba5fb84976} aComponent={MachineWrap} aText={The object functionality is limited}, preserve=false aResultDetail=0
00:00:02.917760 nspr-3   ERROR [COM]: aRC=E_ACCESSDENIED (0x80070005) aIID={5047460a-265d-4538-b23e-ddba5fb84976} aComponent={MachineWrap} aText={The object functionality is limited}, preserve=false aResultDetail=0
00:00:02.918437 nspr-3   ERROR [COM]: aRC=E_ACCESSDENIED (0x80070005) aIID={5047460a-265d-4538-b23e-ddba5fb84976} aComponent={MachineWrap} aText={The object functionality is limited}, preserve=false aResultDetail=0
00:00:02.919818 nspr-3   ERROR [COM]: aRC=NS_ERROR_FAILURE (0x80004005) aIID={5047460a-265d-4538-b23e-ddba5fb84976} aComponent={MachineWrap} aText={Runtime error opening '/home/dean/VirtualBox VMs/ubuntu/ubuntu.vbox' for reading: -102 (File not found.).
00:00:02.919823 nspr-3   /build/virtualbox/src/VirtualBox-6.0.4/src/VBox/Main/src-server/MachineImpl.cpp[750] (nsresult Machine::i_registeredInit())}, preserve=false aResultDetail=0
00:00:02.922496 nspr-3   ERROR [COM]: aRC=NS_ERROR_FAILURE (0x80004005) aIID={5047460a-265d-4538-b23e-ddba5fb84976} aComponent={MachineWrap} aText={Runtime error opening '/home/dean/VirtualBox VMs/ubuntu/ubuntu.vbox' for reading: -102 (File not found.).
00:00:02.922505 nspr-3   /build/virtualbox/src/VirtualBox-6.0.4/src/VBox/Main/src-server/MachineImpl.cpp[750] (nsresult Machine::i_registeredInit())}, preserve=false aResultDetail=0
00:00:02.924077 nspr-3   ERROR [COM]: aRC=NS_ERROR_FAILURE (0x80004005) aIID={5047460a-265d-4538-b23e-ddba5fb84976} aComponent={MachineWrap} aText={Runtime error opening '/home/dean/VirtualBox VMs/ubuntu/ubuntu.vbox' for reading: -102 (File not found.).
00:00:02.924082 nspr-3   /build/virtualbox/src/VirtualBox-6.0.4/src/VBox/Main/src-server/MachineImpl.cpp[750] (nsresult Machine::i_registeredInit())}, preserve=false aResultDetail=0
00:00:02.924979 nspr-3   ERROR [COM]: aRC=NS_ERROR_FAILURE (0x80004005) aIID={5047460a-265d-4538-b23e-ddba5fb84976} aComponent={MachineWrap} aText={Runtime error opening '/home/dean/VirtualBox VMs/ubuntu/ubuntu.vbox' for reading: -102 (File not found.).
00:00:02.924982 nspr-3   /build/virtualbox/src/VirtualBox-6.0.4/src/VBox/Main/src-server/MachineImpl.cpp[750] (nsresult Machine::i_registeredInit())}, preserve=false aResultDetail=0
00:00:02.926178 nspr-3   ERROR [COM]: aRC=NS_ERROR_FAILURE (0x80004005) aIID={5047460a-265d-4538-b23e-ddba5fb84976} aComponent={MachineWrap} aText={Runtime error opening '/home/dean/VirtualBox VMs/ubuntu/ubuntu.vbox' for reading: -102 (File not found.).
00:00:02.926181 nspr-3   /build/virtualbox/src/VirtualBox-6.0.4/src/VBox/Main/src-server/MachineImpl.cpp[750] (nsresult Machine::i_registeredInit())}, preserve=false aResultDetail=0
00:00:02.927287 nspr-3   ERROR [COM]: aRC=NS_ERROR_FAILURE (0x80004005) aIID={5047460a-265d-4538-b23e-ddba5fb84976} aComponent={MachineWrap} aText={Runtime error opening '/home/dean/VirtualBox VMs/ubuntu/ubuntu.vbox' for reading: -102 (File not found.).
00:00:02.927290 nspr-3   /build/virtualbox/src/VirtualBox-6.0.4/src/VBox/Main/src-server/MachineImpl.cpp[750] (nsresult Machine::i_registeredInit())}, preserve=false aResultDetail=0
00:00:08.213015 nspr-3   ERROR [COM]: aRC=NS_ERROR_FAILURE (0x80004005) aIID={5047460a-265d-4538-b23e-ddba5fb84976} aComponent={MachineWrap} aText={Runtime error opening '/home/dean/VirtualBox VMs/ubuntu/ubuntu.vbox' for reading: -102 (File not found.).
00:00:08.213030 nspr-3   /build/virtualbox/src/VirtualBox-6.0.4/src/VBox/Main/src-server/MachineImpl.cpp[750] (nsresult Machine::i_registeredInit())}, preserve=false aResultDetail=0
00:00:09.071979 nspr-3   Saving settings file "/home/deanpalmer/.config/VirtualBox/VirtualBox.xml" with version "1.12-linux"
00:00:11.113195 nspr-2   ERROR [COM]: aRC=E_ACCESSDENIED (0x80070005) aIID={5047460a-265d-4538-b23e-ddba5fb84976} aComponent={MachineWrap} aText={The object is not ready}, preserve=false aResultDetail=0
00:00:11.133670 nspr-2   ERROR [COM]: aRC=E_ACCESSDENIED (0x80070005) aIID={5047460a-265d-4538-b23e-ddba5fb84976} aComponent={MachineWrap} aText={The object is not ready}, preserve=false aResultDetail=0
00:00:11.135469 nspr-2   ERROR [COM]: aRC=E_ACCESSDENIED (0x80070005) aIID={5047460a-265d-4538-b23e-ddba5fb84976} aComponent={MachineWrap} aText={The object is not ready}, preserve=false aResultDetail=0
00:00:11.137856 nspr-2   ERROR [COM]: aRC=E_ACCESSDENIED (0x80070005) aIID={5047460a-265d-4538-b23e-ddba5fb84976} aComponent={MachineWrap} aText={The object is not ready}, preserve=false aResultDetail=0
00:00:11.139598 nspr-2   ERROR [COM]: aRC=E_ACCESSDENIED (0x80070005) aIID={5047460a-265d-4538-b23e-ddba5fb84976} aComponent={MachineWrap} aText={The object is not ready}, preserve=false aResultDetail=0
00:00:11.140510 nspr-2   ERROR [COM]: aRC=E_ACCESSDENIED (0x80070005) aIID={5047460a-265d-4538-b23e-ddba5fb84976} aComponent={MachineWrap} aText={The object is not ready}, preserve=false aResultDetail=0
00:00:11.141356 nspr-2   ERROR [COM]: aRC=E_ACCESSDENIED (0x80070005) aIID={5047460a-265d-4538-b23e-ddba5fb84976} aComponent={MachineWrap} aText={The object is not ready}, preserve=false aResultDetail=0
00:00:11.142226 nspr-2   ERROR [COM]: aRC=E_ACCESSDENIED (0x80070005) aIID={5047460a-265d-4538-b23e-ddba5fb84976} aComponent={MachineWrap} aText={The object is not ready}, preserve=false aResultDetail=0
00:00:11.142996 nspr-2   ERROR [COM]: aRC=E_ACCESSDENIED (0x80070005) aIID={5047460a-265d-4538-b23e-ddba5fb84976} aComponent={MachineWrap} aText={The object is not ready}, preserve=false aResultDetail=0
00:00:11.143828 nspr-2   ERROR [COM]: aRC=E_ACCESSDENIED (0x80070005) aIID={5047460a-265d-4538-b23e-ddba5fb84976} aComponent={MachineWrap} aText={The object is not ready}, preserve=false aResultDetail=0
00:00:11.144644 nspr-2   ERROR [COM]: aRC=E_ACCESSDENIED (0x80070005) aIID={5047460a-265d-4538-b23e-ddba5fb84976} aComponent={MachineWrap} aText={The object is not ready}, preserve=false aResultDetail=0
00:00:38.297019 createBase Saving settings file "/home/deanpalmer/.config/VirtualBox/VirtualBox.xml" with version "1.12-linux"
00:00:38.831627 nspr-2   Saving settings file "/home/dean/VirtualBox VMs/ubuntu/ubuntu.vbox" with version "1.16-linux"
00:00:38.845747 nspr-3   WARNING [COM]: aRC=NS_ERROR_FAILURE (0x80004005) aIID={dbe11e5f-7f10-46e7-94c4-1e95bf4b6627} aComponent={HostWrap} aText={VirtualBox is not currently allowed to access USB devices.  You can change this by adding your user to the 'vboxusers' group.  Please see the user manual for a more detailed explanation}, preserve=true  aResultDetail=0
00:00:38.862160 nspr-3   Saving settings file "/home/dean/VirtualBox VMs/ubuntu/ubuntu.vbox" with version "1.16-linux"
00:00:38.866634 nspr-3   Saving settings file "/home/deanpalmer/.config/VirtualBox/VirtualBox.xml" with version "1.12-linux"
00:00:38.880964 nspr-3   Saving settings file "/home/deanpalmer/.config/VirtualBox/VirtualBox.xml" with version "1.12-linux"
00:00:38.889017 nspr-2   Saving settings file "/home/dean/VirtualBox VMs/ubuntu/ubuntu.vbox" with version "1.16-linux"
00:00:38.917790 nspr-2   ERROR [COM]: aRC=NS_ERROR_FAILURE (0x80004005) aIID={5047460a-265d-4538-b23e-ddba5fb84976} aComponent={MachineWrap} aText={This machine does not have any snapshots}, preserve=false aResultDetail=0
00:00:38.957946 nspr-3   ERROR [COM]: aRC=E_ACCESSDENIED (0x80070005) aIID={5047460a-265d-4538-b23e-ddba5fb84976} aComponent={MachineWrap} aText={The object is not ready}, preserve=false aResultDetail=0
00:00:38.961089 nspr-2   ERROR [COM]: aRC=E_ACCESSDENIED (0x80070005) aIID={5047460a-265d-4538-b23e-ddba5fb84976} aComponent={MachineWrap} aText={The object is not ready}, preserve=false aResultDetail=0
00:00:38.963136 nspr-3   ERROR [COM]: aRC=E_ACCESSDENIED (0x80070005) aIID={5047460a-265d-4538-b23e-ddba5fb84976} aComponent={MachineWrap} aText={The object is not ready}, preserve=false aResultDetail=0
00:00:38.974631 nspr-2   ERROR [COM]: aRC=E_ACCESSDENIED (0x80070005) aIID={5047460a-265d-4538-b23e-ddba5fb84976} aComponent={MachineWrap} aText={The object is not ready}, preserve=false aResultDetail=0
00:00:38.978099 nspr-3   ERROR [COM]: aRC=E_ACCESSDENIED (0x80070005) aIID={5047460a-265d-4538-b23e-ddba5fb84976} aComponent={MachineWrap} aText={The object is not ready}, preserve=false aResultDetail=0
00:00:38.979072 nspr-2   ERROR [COM]: aRC=E_ACCESSDENIED (0x80070005) aIID={5047460a-265d-4538-b23e-ddba5fb84976} aComponent={MachineWrap} aText={The object is not ready}, preserve=false aResultDetail=0
00:00:38.979706 nspr-3   ERROR [COM]: aRC=E_ACCESSDENIED (0x80070005) aIID={5047460a-265d-4538-b23e-ddba5fb84976} aComponent={MachineWrap} aText={The object is not ready}, preserve=false aResultDetail=0
00:00:38.980176 nspr-2   ERROR [COM]: aRC=E_ACCESSDENIED (0x80070005) aIID={5047460a-265d-4538-b23e-ddba5fb84976} aComponent={MachineWrap} aText={The object is not ready}, preserve=false aResultDetail=0
00:00:38.980787 nspr-3   ERROR [COM]: aRC=E_ACCESSDENIED (0x80070005) aIID={5047460a-265d-4538-b23e-ddba5fb84976} aComponent={MachineWrap} aText={The object is not ready}, preserve=false aResultDetail=0
00:00:38.981368 nspr-2   ERROR [COM]: aRC=E_ACCESSDENIED (0x80070005) aIID={5047460a-265d-4538-b23e-ddba5fb84976} aComponent={MachineWrap} aText={The object is not ready}, preserve=false aResultDetail=0
00:00:38.982020 nspr-3   ERROR [COM]: aRC=E_ACCESSDENIED (0x80070005) aIID={5047460a-265d-4538-b23e-ddba5fb84976} aComponent={MachineWrap} aText={The object is not ready}, preserve=false aResultDetail=0
00:00:38.983161 nspr-2   ERROR [COM]: aRC=E_ACCESSDENIED (0x80070005) aIID={5047460a-265d-4538-b23e-ddba5fb84976} aComponent={MachineWrap} aText={The object is not ready}, preserve=false aResultDetail=0
00:00:38.984203 nspr-3   ERROR [COM]: aRC=E_ACCESSDENIED (0x80070005) aIID={5047460a-265d-4538-b23e-ddba5fb84976} aComponent={MachineWrap} aText={The object is not ready}, preserve=false aResultDetail=0
00:00:38.985395 nspr-2   ERROR [COM]: aRC=E_ACCESSDENIED (0x80070005) aIID={5047460a-265d-4538-b23e-ddba5fb84976} aComponent={MachineWrap} aText={The object is not ready}, preserve=false aResultDetail=0
00:00:39.311115 nspr-3   WARNING [COM]: aRC=NS_ERROR_FAILURE (0x80004005) aIID={dbe11e5f-7f10-46e7-94c4-1e95bf4b6627} aComponent={HostWrap} aText={VirtualBox is not currently allowed to access USB devices.  You can change this by adding your user to the 'vboxusers' group.  Please see the user manual for a more detailed explanation}, preserve=true  aResultDetail=0
00:00:39.404941 nspr-2   WARNING [COM]: aRC=NS_ERROR_FAILURE (0x80004005) aIID={dbe11e5f-7f10-46e7-94c4-1e95bf4b6627} aComponent={HostWrap} aText={VirtualBox is not currently allowed to access USB devices.  You can change this by adding your user to the 'vboxusers' group.  Please see the user manual for a more detailed explanation}, preserve=true  aResultDetail=0
00:00:39.407230 nspr-2   WARNING [COM]: aRC=NS_ERROR_FAILURE (0x80004005) aIID={dbe11e5f-7f10-46e7-94c4-1e95bf4b6627} aComponent={HostWrap} aText={VirtualBox is not currently allowed to access USB devices.  You can change this by adding your user to the 'vboxusers' group.  Please see the user manual for a more detailed explanation}, preserve=true  aResultDetail=0
00:00:40.600227 nspr-3   WARNING [COM]: aRC=NS_ERROR_FAILURE (0x80004005) aIID={dbe11e5f-7f10-46e7-94c4-1e95bf4b6627} aComponent={HostWrap} aText={VirtualBox is not currently allowed to access USB devices.  You can change this by adding your user to the 'vboxusers' group.  Please see the user manual for a more detailed explanation}, preserve=true  aResultDetail=0
00:00:40.900324 nspr-3   WARNING [COM]: aRC=NS_ERROR_FAILURE (0x80004005) aIID={dbe11e5f-7f10-46e7-94c4-1e95bf4b6627} aComponent={HostWrap} aText={VirtualBox is not currently allowed to access USB devices.  You can change this by adding your user to the 'vboxusers' group.  Please see the user manual for a more detailed explanation}, preserve=true  aResultDetail=0
00:00:40.900690 nspr-4   WARNING [COM]: aRC=NS_ERROR_FAILURE (0x80004005) aIID={dbe11e5f-7f10-46e7-94c4-1e95bf4b6627} aComponent={HostWrap} aText={VirtualBox is not currently allowed to access USB devices.  You can change this by adding your user to the 'vboxusers' group.  Please see the user manual for a more detailed explanation}, preserve=true  aResultDetail=0
00:00:40.994578 nspr-4   WARNING [COM]: aRC=NS_ERROR_FAILURE (0x80004005) aIID={dbe11e5f-7f10-46e7-94c4-1e95bf4b6627} aComponent={HostWrap} aText={VirtualBox is not currently allowed to access USB devices.  You can change this by adding your user to the 'vboxusers' group.  Please see the user manual for a more detailed explanation}, preserve=true  aResultDetail=0
00:00:40.995232 nspr-4   WARNING [COM]: aRC=NS_ERROR_FAILURE (0x80004005) aIID={dbe11e5f-7f10-46e7-94c4-1e95bf4b6627} aComponent={HostWrap} aText={VirtualBox is not currently allowed to access USB devices.  You can change this by adding your user to the 'vboxusers' group.  Please see the user manual for a more detailed explanation}, preserve=true  aResultDetail=0
00:00:56.648520 nspr-3   Saving settings file "/home/deanpalmer/.config/VirtualBox/VirtualBox.xml" with version "1.12-linux"
00:00:56.659006 nspr-3   Saving settings file "/home/deanpalmer/.config/VirtualBox/VirtualBox.xml" with version "1.12-linux"
00:00:58.145544 nspr-3   ERROR [COM]: aRC=VBOX_E_OBJECT_NOT_FOUND (0x80bb0001) aIID={5047460a-265d-4538-b23e-ddba5fb84976} aComponent={SessionMachine} aText={No storage device attached to device slot 0 on port 0 of controller 'IDE'}, preserve=false aResultDetail=0
00:00:58.152802 nspr-4   Saving settings file "/home/deanpalmer/.config/VirtualBox/VirtualBox.xml" with version "1.12-linux"
00:00:58.190226 nspr-2   WARNING [COM]: aRC=NS_ERROR_FAILURE (0x80004005) aIID={dbe11e5f-7f10-46e7-94c4-1e95bf4b6627} aComponent={HostWrap} aText={VirtualBox is not currently allowed to access USB devices.  You can change this by adding your user to the 'vboxusers' group.  Please see the user manual for a more detailed explanation}, preserve=true  aResultDetail=0
00:00:58.192635 nspr-2   Saving settings file "/home/dean/VirtualBox VMs/ubuntu/ubuntu.vbox" with version "1.16-linux"
00:00:58.197390 nspr-2   Saving settings file "/home/dean/VirtualBox VMs/ubuntu/ubuntu.vbox" with version "1.16-linux"
00:00:58.255854 nspr-2   WARNING [COM]: aRC=NS_ERROR_FAILURE (0x80004005) aIID={dbe11e5f-7f10-46e7-94c4-1e95bf4b6627} aComponent={HostWrap} aText={VirtualBox is not currently allowed to access USB devices.  You can change this by adding your user to the 'vboxusers' group.  Please see the user manual for a more detailed explanation}, preserve=true  aResultDetail=0
00:00:58.256730 nspr-2   WARNING [COM]: aRC=NS_ERROR_FAILURE (0x80004005) aIID={dbe11e5f-7f10-46e7-94c4-1e95bf4b6627} aComponent={HostWrap} aText={VirtualBox is not currently allowed to access USB devices.  You can change this by adding your user to the 'vboxusers' group.  Please see the user manual for a more detailed explanation}, preserve=true  aResultDetail=0
00:00:59.566563 nspr-4   WARNING [COM]: aRC=NS_ERROR_FAILURE (0x80004005) aIID={dbe11e5f-7f10-46e7-94c4-1e95bf4b6627} aComponent={HostWrap} aText={VirtualBox is not currently allowed to access USB devices.  You can change this by adding your user to the 'vboxusers' group.  Please see the user manual for a more detailed explanation}, preserve=true  aResultDetail=0
00:00:59.567479 nspr-4   WARNING [COM]: aRC=NS_ERROR_FAILURE (0x80004005) aIID={dbe11e5f-7f10-46e7-94c4-1e95bf4b6627} aComponent={HostWrap} aText={VirtualBox is not currently allowed to access USB devices.  You can change this by adding your user to the 'vboxusers' group.  Please see the user manual for a more detailed explanation}, preserve=true  aResultDetail=0
00:00:59.756592 nspr-2   WARNING [COM]: aRC=NS_ERROR_FAILURE (0x80004005) aIID={dbe11e5f-7f10-46e7-94c4-1e95bf4b6627} aComponent={HostWrap} aText={VirtualBox is not currently allowed to access USB devices.  You can change this by adding your user to the 'vboxusers' group.  Please see the user manual for a more detailed explanation}, preserve=true  aResultDetail=0
00:00:59.758061 nspr-2   WARNING [COM]: aRC=NS_ERROR_FAILURE (0x80004005) aIID={dbe11e5f-7f10-46e7-94c4-1e95bf4b6627} aComponent={HostWrap} aText={VirtualBox is not currently allowed to access USB devices.  You can change this by adding your user to the 'vboxusers' group.  Please see the user manual for a more detailed explanation}, preserve=true  aResultDetail=0
00:01:00.092987 nspr-2   WARNING [COM]: aRC=NS_ERROR_FAILURE (0x80004005) aIID={dbe11e5f-7f10-46e7-94c4-1e95bf4b6627} aComponent={HostWrap} aText={VirtualBox is not currently allowed to access USB devices.  You can change this by adding your user to the 'vboxusers' group.  Please see the user manual for a more detailed explanation}, preserve=true  aResultDetail=0
00:01:00.093837 nspr-3   WARNING [COM]: aRC=NS_ERROR_FAILURE (0x80004005) aIID={dbe11e5f-7f10-46e7-94c4-1e95bf4b6627} aComponent={HostWrap} aText={VirtualBox is not currently allowed to access USB devices.  You can change this by adding your user to the 'vboxusers' group.  Please see the user manual for a more detailed explanation}, preserve=true  aResultDetail=0
00:01:00.094041 nspr-3   ERROR [COM]: aRC=VBOX_E_OBJECT_NOT_FOUND (0x80bb0001) aIID={70401eef-c8e9-466b-9660-45cb3e9979e4} aComponent={ExtPackManagerWrap} aText={No extension pack by the name 'Oracle VM VirtualBox Extension Pack' was found}, preserve=false aResultDetail=0
00:01:00.122874 nspr-3   WARNING [COM]: aRC=NS_ERROR_FAILURE (0x80004005) aIID={dbe11e5f-7f10-46e7-94c4-1e95bf4b6627} aComponent={HostWrap} aText={VirtualBox is not currently allowed to access USB devices.  You can change this by adding your user to the 'vboxusers' group.  Please see the user manual for a more detailed explanation}, preserve=true  aResultDetail=0
00:01:00.123488 nspr-2   WARNING [COM]: aRC=NS_ERROR_FAILURE (0x80004005) aIID={dbe11e5f-7f10-46e7-94c4-1e95bf4b6627} aComponent={HostWrap} aText={VirtualBox is not currently allowed to access USB devices.  You can change this by adding your user to the 'vboxusers' group.  Please see the user manual for a more detailed explanation}, preserve=true  aResultDetail=0
00:01:00.140252 nspr-2   ERROR [COM]: aRC=VBOX_E_IPRT_ERROR (0x80bb0005) aIID={5047460a-265d-4538-b23e-ddba5fb84976} aComponent={SessionMachine} aText={Saved screenshot data is not available (VERR_NOT_SUPPORTED)}, preserve=false aResultDetail=-37
00:01:00.218570 nspr-5   WARNING [COM]: aRC=NS_ERROR_FAILURE (0x80004005) aIID={dbe11e5f-7f10-46e7-94c4-1e95bf4b6627} aComponent={HostWrap} aText={VirtualBox is not currently allowed to access USB devices.  You can change this by adding your user to the 'vboxusers' group.  Please see the user manual for a more detailed explanation}, preserve=true  aResultDetail=0
00:01:00.250476 nspr-7   WARNING [COM]: aRC=NS_ERROR_FAILURE (0x80004005) aIID={dbe11e5f-7f10-46e7-94c4-1e95bf4b6627} aComponent={HostWrap} aText={VirtualBox is not currently allowed to access USB devices.  You can change this by adding your user to the 'vboxusers' group.  Please see the user manual for a more detailed explanation}, preserve=true  aResultDetail=0
00:01:00.252521 nspr-4   WARNING [COM]: aRC=NS_ERROR_FAILURE (0x80004005) aIID={dbe11e5f-7f10-46e7-94c4-1e95bf4b6627} aComponent={HostWrap} aText={VirtualBox is not currently allowed to access USB devices.  You can change this by adding your user to the 'vboxusers' group.  Please see the user manual for a more detailed explanation}, preserve=true  aResultDetail=0
00:01:01.074101 nspr-5   WARNING [COM]: aRC=NS_ERROR_FAILURE (0x80004005) aIID={dbe11e5f-7f10-46e7-94c4-1e95bf4b6627} aComponent={HostWrap} aText={VirtualBox is not currently allowed to access USB devices.  You can change this by adding your user to the 'vboxusers' group.  Please see the user manual for a more detailed explanation}, preserve=true  aResultDetail=0
00:01:01.074993 nspr-2   WARNING [COM]: aRC=NS_ERROR_FAILURE (0x80004005) aIID={dbe11e5f-7f10-46e7-94c4-1e95bf4b6627} aComponent={HostWrap} aText={VirtualBox is not currently allowed to access USB devices.  You can change this by adding your user to the 'vboxusers' group.  Please see the user manual for a more detailed explanation}, preserve=true  aResultDetail=0
00:01:12.573058 nspr-6   WARNING [COM]: aRC=NS_ERROR_FAILURE (0x80004005) aIID={dbe11e5f-7f10-46e7-94c4-1e95bf4b6627} aComponent={HostWrap} aText={VirtualBox is not currently allowed to access USB devices.  You can change this by adding your user to the 'vboxusers' group.  Please see the user manual for a more detailed explanation}, preserve=true  aResultDetail=0
00:01:12.573683 nspr-4   WARNING [COM]: aRC=NS_ERROR_FAILURE (0x80004005) aIID={dbe11e5f-7f10-46e7-94c4-1e95bf4b6627} aComponent={HostWrap} aText={VirtualBox is not currently allowed to access USB devices.  You can change this by adding your user to the 'vboxusers' group.  Please see the user manual for a more detailed explanation}, preserve=true  aResultDetail=0
00:01:12.640898 nspr-6   Saving settings file "/home/dean/VirtualBox VMs/ubuntu/ubuntu.vbox" with version "1.16-linux"
00:01:12.690195 nspr-4   Saving settings file "/home/dean/VirtualBox VMs/ubuntu/ubuntu.vbox" with version "1.16-linux"
00:01:13.241749 nspr-6   WARNING [COM]: aRC=NS_ERROR_FAILURE (0x80004005) aIID={dbe11e5f-7f10-46e7-94c4-1e95bf4b6627} aComponent={HostWrap} aText={VirtualBox is not currently allowed to access USB devices.  You can change this by adding your user to the 'vboxusers' group.  Please see the user manual for a more detailed explanation}, preserve=true  aResultDetail=0
00:01:13.242442 nspr-6   WARNING [COM]: aRC=NS_ERROR_FAILURE (0x80004005) aIID={dbe11e5f-7f10-46e7-94c4-1e95bf4b6627} aComponent={HostWrap} aText={VirtualBox is not currently allowed to access USB devices.  You can change this by adding your user to the 'vboxusers' group.  Please see the user manual for a more detailed explanation}, preserve=true  aResultDetail=0
00:01:14.734786 nspr-5   WARNING [COM]: aRC=NS_ERROR_FAILURE (0x80004005) aIID={dbe11e5f-7f10-46e7-94c4-1e95bf4b6627} aComponent={HostWrap} aText={VirtualBox is not currently allowed to access USB devices.  You can change this by adding your user to the 'vboxusers' group.  Please see the user manual for a more detailed explanation}, preserve=true  aResultDetail=0
00:01:14.850757 nspr-5   WARNING [COM]: aRC=NS_ERROR_FAILURE (0x80004005) aIID={dbe11e5f-7f10-46e7-94c4-1e95bf4b6627} aComponent={HostWrap} aText={VirtualBox is not currently allowed to access USB devices.  You can change this by adding your user to the 'vboxusers' group.  Please see the user manual for a more detailed explanation}, preserve=true  aResultDetail=0
00:01:14.851165 nspr-5   WARNING [COM]: aRC=NS_ERROR_FAILURE (0x80004005) aIID={dbe11e5f-7f10-46e7-94c4-1e95bf4b6627} aComponent={HostWrap} aText={VirtualBox is not currently allowed to access USB devices.  You can change this by adding your user to the 'vboxusers' group.  Please see the user manual for a more detailed explanation}, preserve=true  aResultDetail=0
00:01:14.957153 nspr-6   WARNING [COM]: aRC=NS_ERROR_FAILURE (0x80004005) aIID={dbe11e5f-7f10-46e7-94c4-1e95bf4b6627} aComponent={HostWrap} aText={VirtualBox is not currently allowed to access USB devices.  You can change this by adding your user to the 'vboxusers' group.  Please see the user manual for a more detailed explanation}, preserve=true  aResultDetail=0
00:01:14.957966 nspr-6   WARNING [COM]: aRC=NS_ERROR_FAILURE (0x80004005) aIID={dbe11e5f-7f10-46e7-94c4-1e95bf4b6627} aComponent={HostWrap} aText={VirtualBox is not currently allowed to access USB devices.  You can change this by adding your user to the 'vboxusers' group.  Please see the user manual for a more detailed explanation}, preserve=true  aResultDetail=0
00:01:19.922002 nspr-2   WARNING [COM]: aRC=NS_ERROR_FAILURE (0x80004005) aIID={dbe11e5f-7f10-46e7-94c4-1e95bf4b6627} aComponent={HostWrap} aText={VirtualBox is not currently allowed to access USB devices.  You can change this by adding your user to the 'vboxusers' group.  Please see the user manual for a more detailed explanation}, preserve=true  aResultDetail=0
00:01:19.922257 nspr-6   Saving settings file "/home/dean/VirtualBox VMs/ubuntu/ubuntu.vbox" with version "1.16-linux"
00:01:19.984833 nspr-2   WARNING [COM]: aRC=NS_ERROR_FAILURE (0x80004005) aIID={dbe11e5f-7f10-46e7-94c4-1e95bf4b6627} aComponent={HostWrap} aText={VirtualBox is not currently allowed to access USB devices.  You can change this by adding your user to the 'vboxusers' group.  Please see the user manual for a more detailed explanation}, preserve=true  aResultDetail=0
00:01:19.985626 nspr-2   WARNING [COM]: aRC=NS_ERROR_FAILURE (0x80004005) aIID={dbe11e5f-7f10-46e7-94c4-1e95bf4b6627} aComponent={HostWrap} aText={VirtualBox is not currently allowed to access USB devices.  You can change this by adding your user to the 'vboxusers' group.  Please see the user manual for a more detailed explanation}, preserve=true  aResultDetail=0
00:01:20.910759 nspr-7   WARNING [COM]: aRC=NS_ERROR_FAILURE (0x80004005) aIID={dbe11e5f-7f10-46e7-94c4-1e95bf4b6627} aComponent={HostWrap} aText={VirtualBox is not currently allowed to access USB devices.  You can change this by adding your user to the 'vboxusers' group.  Please see the user manual for a more detailed explanation}, preserve=true  aResultDetail=0
00:01:20.911808 nspr-4   WARNING [COM]: aRC=NS_ERROR_FAILURE (0x80004005) aIID={dbe11e5f-7f10-46e7-94c4-1e95bf4b6627} aComponent={HostWrap} aText={VirtualBox is not currently allowed to access USB devices.  You can change this by adding your user to the 'vboxusers' group.  Please see the user manual for a more detailed explanation}, preserve=true  aResultDetail=0
00:01:21.080386 nspr-4   WARNING [COM]: aRC=NS_ERROR_FAILURE (0x80004005) aIID={dbe11e5f-7f10-46e7-94c4-1e95bf4b6627} aComponent={HostWrap} aText={VirtualBox is not currently allowed to access USB devices.  You can change this by adding your user to the 'vboxusers' group.  Please see the user manual for a more detailed explanation}, preserve=true  aResultDetail=0
00:01:21.081108 nspr-6   WARNING [COM]: aRC=NS_ERROR_FAILURE (0x80004005) aIID={dbe11e5f-7f10-46e7-94c4-1e95bf4b6627} aComponent={HostWrap} aText={VirtualBox is not currently allowed to access USB devices.  You can change this by adding your user to the 'vboxusers' group.  Please see the user manual for a more detailed explanation}, preserve=true  aResultDetail=0
00:01:21.270629 nspr-4   WARNING [COM]: aRC=NS_ERROR_FAILURE (0x80004005) aIID={dbe11e5f-7f10-46e7-94c4-1e95bf4b6627} aComponent={HostWrap} aText={VirtualBox is not currently allowed to access USB devices.  You can change this by adding your user to the 'vboxusers' group.  Please see the user manual for a more detailed explanation}, preserve=true  aResultDetail=0
00:01:21.271789 nspr-4   WARNING [COM]: aRC=NS_ERROR_FAILURE (0x80004005) aIID={dbe11e5f-7f10-46e7-94c4-1e95bf4b6627} aComponent={HostWrap} aText={VirtualBox is not currently allowed to access USB devices.  You can change this by adding your user to the 'vboxusers' group.  Please see the user manual for a more detailed explanation}, preserve=true  aResultDetail=0
00:01:21.272078 nspr-7   ERROR [COM]: aRC=VBOX_E_OBJECT_NOT_FOUND (0x80bb0001) aIID={70401eef-c8e9-466b-9660-45cb3e9979e4} aComponent={ExtPackManagerWrap} aText={No extension pack by the name 'Oracle VM VirtualBox Extension Pack' was found}, preserve=false aResultDetail=0
00:01:21.299559 nspr-2   WARNING [COM]: aRC=NS_ERROR_FAILURE (0x80004005) aIID={dbe11e5f-7f10-46e7-94c4-1e95bf4b6627} aComponent={HostWrap} aText={VirtualBox is not currently allowed to access USB devices.  You can change this by adding your user to the 'vboxusers' group.  Please see the user manual for a more detailed explanation}, preserve=true  aResultDetail=0
00:01:21.300027 nspr-2   WARNING [COM]: aRC=NS_ERROR_FAILURE (0x80004005) aIID={dbe11e5f-7f10-46e7-94c4-1e95bf4b6627} aComponent={HostWrap} aText={VirtualBox is not currently allowed to access USB devices.  You can change this by adding your user to the 'vboxusers' group.  Please see the user manual for a more detailed explanation}, preserve=true  aResultDetail=0
00:01:21.317848 nspr-7   ERROR [COM]: aRC=VBOX_E_IPRT_ERROR (0x80bb0005) aIID={5047460a-265d-4538-b23e-ddba5fb84976} aComponent={SessionMachine} aText={Saved screenshot data is not available (VERR_NOT_SUPPORTED)}, preserve=false aResultDetail=-37
00:01:21.386412 nspr-7   WARNING [COM]: aRC=NS_ERROR_FAILURE (0x80004005) aIID={dbe11e5f-7f10-46e7-94c4-1e95bf4b6627} aComponent={HostWrap} aText={VirtualBox is not currently allowed to access USB devices.  You can change this by adding your user to the 'vboxusers' group.  Please see the user manual for a more detailed explanation}, preserve=true  aResultDetail=0
00:01:21.433366 nspr-2   WARNING [COM]: aRC=NS_ERROR_FAILURE (0x80004005) aIID={dbe11e5f-7f10-46e7-94c4-1e95bf4b6627} aComponent={HostWrap} aText={VirtualBox is not currently allowed to access USB devices.  You can change this by adding your user to the 'vboxusers' group.  Please see the user manual for a more detailed explanation}, preserve=true  aResultDetail=0
00:01:21.434823 nspr-2   WARNING [COM]: aRC=NS_ERROR_FAILURE (0x80004005) aIID={dbe11e5f-7f10-46e7-94c4-1e95bf4b6627} aComponent={HostWrap} aText={VirtualBox is not currently allowed to access USB devices.  You can change this by adding your user to the 'vboxusers' group.  Please see the user manual for a more detailed explanation}, preserve=true  aResultDetail=0
00:01:22.180837 nspr-5   WARNING [COM]: aRC=NS_ERROR_FAILURE (0x80004005) aIID={dbe11e5f-7f10-46e7-94c4-1e95bf4b6627} aComponent={HostWrap} aText={VirtualBox is not currently allowed to access USB devices.  You can change this by adding your user to the 'vboxusers' group.  Please see the user manual for a more detailed explanation}, preserve=true  aResultDetail=0
00:01:22.181453 nspr-4   WARNING [COM]: aRC=NS_ERROR_FAILURE (0x80004005) aIID={dbe11e5f-7f10-46e7-94c4-1e95bf4b6627} aComponent={HostWrap} aText={VirtualBox is not currently allowed to access USB devices.  You can change this by adding your user to the 'vboxusers' group.  Please see the user manual for a more detailed explanation}, preserve=true  aResultDetail=0
00:01:53.606643 nspr-6   WARNING [COM]: aRC=NS_ERROR_FAILURE (0x80004005) aIID={dbe11e5f-7f10-46e7-94c4-1e95bf4b6627} aComponent={HostWrap} aText={VirtualBox is not currently allowed to access USB devices.  You can change this by adding your user to the 'vboxusers' group.  Please see the user manual for a more detailed explanation}, preserve=true  aResultDetail=0
00:01:53.608118 nspr-2   WARNING [COM]: aRC=NS_ERROR_FAILURE (0x80004005) aIID={dbe11e5f-7f10-46e7-94c4-1e95bf4b6627} aComponent={HostWrap} aText={VirtualBox is not currently allowed to access USB devices.  You can change this by adding your user to the 'vboxusers' group.  Please see the user manual for a more detailed explanation}, preserve=true  aResultDetail=0
00:01:55.152786 nspr-5   Saving settings file "/home/dean/VirtualBox VMs/ubuntu/ubuntu.vbox" with version "1.16-linux"
00:01:55.230493 nspr-3   WARNING [COM]: aRC=NS_ERROR_FAILURE (0x80004005) aIID={dbe11e5f-7f10-46e7-94c4-1e95bf4b6627} aComponent={HostWrap} aText={VirtualBox is not currently allowed to access USB devices.  You can change this by adding your user to the 'vboxusers' group.  Please see the user manual for a more detailed explanation}, preserve=true  aResultDetail=0
00:01:55.231233 nspr-5   WARNING [COM]: aRC=NS_ERROR_FAILURE (0x80004005) aIID={dbe11e5f-7f10-46e7-94c4-1e95bf4b6627} aComponent={HostWrap} aText={VirtualBox is not currently allowed to access USB devices.  You can change this by adding your user to the 'vboxusers' group.  Please see the user manual for a more detailed explanation}, preserve=true  aResultDetail=0
00:01:55.270683 nspr-4   Saving settings file "/home/dean/VirtualBox VMs/ubuntu/ubuntu.vbox" with version "1.16-linux"
00:01:55.300255 nspr-5   WARNING [COM]: aRC=NS_ERROR_FAILURE (0x80004005) aIID={dbe11e5f-7f10-46e7-94c4-1e95bf4b6627} aComponent={HostWrap} aText={VirtualBox is not currently allowed to access USB devices.  You can change this by adding your user to the 'vboxusers' group.  Please see the user manual for a more detailed explanation}, preserve=true  aResultDetail=0
00:01:55.301052 nspr-3   WARNING [COM]: aRC=NS_ERROR_FAILURE (0x80004005) aIID={dbe11e5f-7f10-46e7-94c4-1e95bf4b6627} aComponent={HostWrap} aText={VirtualBox is not currently allowed to access USB devices.  You can change this by adding your user to the 'vboxusers' group.  Please see the user manual for a more detailed explanation}, preserve=true  aResultDetail=0
00:01:56.399275 nspr-4   WARNING [COM]: aRC=NS_ERROR_FAILURE (0x80004005) aIID={dbe11e5f-7f10-46e7-94c4-1e95bf4b6627} aComponent={HostWrap} aText={VirtualBox is not currently allowed to access USB devices.  You can change this by adding your user to the 'vboxusers' group.  Please see the user manual for a more detailed explanation}, preserve=true  aResultDetail=0
00:01:56.404426 nspr-4   WARNING [COM]: aRC=NS_ERROR_FAILURE (0x80004005) aIID={dbe11e5f-7f10-46e7-94c4-1e95bf4b6627} aComponent={HostWrap} aText={VirtualBox is not currently allowed to access USB devices.  You can change this by adding your user to the 'vboxusers' group.  Please see the user manual for a more detailed explanation}, preserve=true  aResultDetail=0
00:01:58.040452 nspr-2   WARNING [COM]: aRC=NS_ERROR_FAILURE (0x80004005) aIID={dbe11e5f-7f10-46e7-94c4-1e95bf4b6627} aComponent={HostWrap} aText={VirtualBox is not currently allowed to access USB devices.  You can change this by adding your user to the 'vboxusers' group.  Please see the user manual for a more detailed explanation}, preserve=true  aResultDetail=0
00:01:58.042112 nspr-2   WARNING [COM]: aRC=NS_ERROR_FAILURE (0x80004005) aIID={dbe11e5f-7f10-46e7-94c4-1e95bf4b6627} aComponent={HostWrap} aText={VirtualBox is not currently allowed to access USB devices.  You can change this by adding your user to the 'vboxusers' group.  Please see the user manual for a more detailed explanation}, preserve=true  aResultDetail=0
00:01:58.298360 nspr-2   WARNING [COM]: aRC=NS_ERROR_FAILURE (0x80004005) aIID={dbe11e5f-7f10-46e7-94c4-1e95bf4b6627} aComponent={HostWrap} aText={VirtualBox is not currently allowed to access USB devices.  You can change this by adding your user to the 'vboxusers' group.  Please see the user manual for a more detailed explanation}, preserve=true  aResultDetail=0
00:01:58.299491 nspr-7   WARNING [COM]: aRC=NS_ERROR_FAILURE (0x80004005) aIID={dbe11e5f-7f10-46e7-94c4-1e95bf4b6627} aComponent={HostWrap} aText={VirtualBox is not currently allowed to access USB devices.  You can change this by adding your user to the 'vboxusers' group.  Please see the user manual for a more detailed explanation}, preserve=true  aResultDetail=0
00:01:58.485750 nspr-6   WARNING [COM]: aRC=NS_ERROR_FAILURE (0x80004005) aIID={dbe11e5f-7f10-46e7-94c4-1e95bf4b6627} aComponent={HostWrap} aText={VirtualBox is not currently allowed to access USB devices.  You can change this by adding your user to the 'vboxusers' group.  Please see the user manual for a more detailed explanation}, preserve=true  aResultDetail=0
00:01:58.486589 nspr-7   WARNING [COM]: aRC=NS_ERROR_FAILURE (0x80004005) aIID={dbe11e5f-7f10-46e7-94c4-1e95bf4b6627} aComponent={HostWrap} aText={VirtualBox is not currently allowed to access USB devices.  You can change this by adding your user to the 'vboxusers' group.  Please see the user manual for a more detailed explanation}, preserve=true  aResultDetail=0
00:01:58.486782 nspr-7   ERROR [COM]: aRC=VBOX_E_OBJECT_NOT_FOUND (0x80bb0001) aIID={70401eef-c8e9-466b-9660-45cb3e9979e4} aComponent={ExtPackManagerWrap} aText={No extension pack by the name 'Oracle VM VirtualBox Extension Pack' was found}, preserve=false aResultDetail=0
00:01:58.522148 nspr-2   WARNING [COM]: aRC=NS_ERROR_FAILURE (0x80004005) aIID={dbe11e5f-7f10-46e7-94c4-1e95bf4b6627} aComponent={HostWrap} aText={VirtualBox is not currently allowed to access USB devices.  You can change this by adding your user to the 'vboxusers' group.  Please see the user manual for a more detailed explanation}, preserve=true  aResultDetail=0
00:01:58.523557 nspr-5   WARNING [COM]: aRC=NS_ERROR_FAILURE (0x80004005) aIID={dbe11e5f-7f10-46e7-94c4-1e95bf4b6627} aComponent={HostWrap} aText={VirtualBox is not currently allowed to access USB devices.  You can change this by adding your user to the 'vboxusers' group.  Please see the user manual for a more detailed explanation}, preserve=true  aResultDetail=0
00:01:58.542450 nspr-7   ERROR [COM]: aRC=VBOX_E_IPRT_ERROR (0x80bb0005) aIID={5047460a-265d-4538-b23e-ddba5fb84976} aComponent={SessionMachine} aText={Saved screenshot data is not available (VERR_NOT_SUPPORTED)}, preserve=false aResultDetail=-37
00:01:58.618915 nspr-3   WARNING [COM]: aRC=NS_ERROR_FAILURE (0x80004005) aIID={dbe11e5f-7f10-46e7-94c4-1e95bf4b6627} aComponent={HostWrap} aText={VirtualBox is not currently allowed to access USB devices.  You can change this by adding your user to the 'vboxusers' group.  Please see the user manual for a more detailed explanation}, preserve=true  aResultDetail=0
00:01:58.680689 nspr-3   WARNING [COM]: aRC=NS_ERROR_FAILURE (0x80004005) aIID={dbe11e5f-7f10-46e7-94c4-1e95bf4b6627} aComponent={HostWrap} aText={VirtualBox is not currently allowed to access USB devices.  You can change this by adding your user to the 'vboxusers' group.  Please see the user manual for a more detailed explanation}, preserve=true  aResultDetail=0
00:01:58.685465 nspr-7   WARNING [COM]: aRC=NS_ERROR_FAILURE (0x80004005) aIID={dbe11e5f-7f10-46e7-94c4-1e95bf4b6627} aComponent={HostWrap} aText={VirtualBox is not currently allowed to access USB devices.  You can change this by adding your user to the 'vboxusers' group.  Please see the user manual for a more detailed explanation}, preserve=true  aResultDetail=0
00:01:59.408956 nspr-2   WARNING [COM]: aRC=NS_ERROR_FAILURE (0x80004005) aIID={dbe11e5f-7f10-46e7-94c4-1e95bf4b6627} aComponent={HostWrap} aText={VirtualBox is not currently allowed to access USB devices.  You can change this by adding your user to the 'vboxusers' group.  Please see the user manual for a more detailed explanation}, preserve=true  aResultDetail=0
00:01:59.409591 nspr-2   WARNING [COM]: aRC=NS_ERROR_FAILURE (0x80004005) aIID={dbe11e5f-7f10-46e7-94c4-1e95bf4b6627} aComponent={HostWrap} aText={VirtualBox is not currently allowed to access USB devices.  You can change this by adding your user to the 'vboxusers' group.  Please see the user manual for a more detailed explanation}, preserve=true  aResultDetail=0
00:07:00.499294 nspr-6   WARNING [COM]: aRC=NS_ERROR_FAILURE (0x80004005) aIID={dbe11e5f-7f10-46e7-94c4-1e95bf4b6627} aComponent={HostWrap} aText={VirtualBox is not currently allowed to access USB devices.  You can change this by adding your user to the 'vboxusers' group.  Please see the user manual for a more detailed explanation}, preserve=true  aResultDetail=0
00:07:00.873003 nspr-3   WARNING [COM]: aRC=NS_ERROR_FAILURE (0x80004005) aIID={dbe11e5f-7f10-46e7-94c4-1e95bf4b6627} aComponent={HostWrap} aText={VirtualBox is not currently allowed to access USB devices.  You can change this by adding your user to the 'vboxusers' group.  Please see the user manual for a more detailed explanation}, preserve=true  aResultDetail=0
00:07:00.873401 nspr-3   WARNING [COM]: aRC=NS_ERROR_FAILURE (0x80004005) aIID={dbe11e5f-7f10-46e7-94c4-1e95bf4b6627} aComponent={HostWrap} aText={VirtualBox is not currently allowed to access USB devices.  You can change this by adding your user to the 'vboxusers' group.  Please see the user manual for a more detailed explanation}, preserve=true  aResultDetail=0
00:07:00.963942 nspr-3   WARNING [COM]: aRC=NS_ERROR_FAILURE (0x80004005) aIID={dbe11e5f-7f10-46e7-94c4-1e95bf4b6627} aComponent={HostWrap} aText={VirtualBox is not currently allowed to access USB devices.  You can change this by adding your user to the 'vboxusers' group.  Please see the user manual for a more detailed explanation}, preserve=true  aResultDetail=0
00:07:00.964571 nspr-3   WARNING [COM]: aRC=NS_ERROR_FAILURE (0x80004005) aIID={dbe11e5f-7f10-46e7-94c4-1e95bf4b6627} aComponent={HostWrap} aText={VirtualBox is not currently allowed to access USB devices.  You can change this by adding your user to the 'vboxusers' group.  Please see the user manual for a more detailed explanation}, preserve=true  aResultDetail=0
00:07:07.255855 nspr-4   WARNING [COM]: aRC=NS_ERROR_FAILURE (0x80004005) aIID={dbe11e5f-7f10-46e7-94c4-1e95bf4b6627} aComponent={HostWrap} aText={VirtualBox is not currently allowed to access USB devices.  You can change this by adding your user to the 'vboxusers' group.  Please see the user manual for a more detailed explanation}, preserve=true  aResultDetail=0
00:07:07.257061 nspr-5   WARNING [COM]: aRC=NS_ERROR_FAILURE (0x80004005) aIID={dbe11e5f-7f10-46e7-94c4-1e95bf4b6627} aComponent={HostWrap} aText={VirtualBox is not currently allowed to access USB devices.  You can change this by adding your user to the 'vboxusers' group.  Please see the user manual for a more detailed explanation}, preserve=true  aResultDetail=0
00:07:07.427750 nspr-2   Saving settings file "/home/dean/VirtualBox VMs/ubuntu/ubuntu.vbox" with version "1.16-linux"
00:07:07.493137 nspr-2   Saving settings file "/home/dean/VirtualBox VMs/ubuntu/ubuntu.vbox" with version "1.16-linux"
00:07:07.561880 nspr-6   WARNING [COM]: aRC=NS_ERROR_FAILURE (0x80004005) aIID={dbe11e5f-7f10-46e7-94c4-1e95bf4b6627} aComponent={HostWrap} aText={VirtualBox is not currently allowed to access USB devices.  You can change this by adding your user to the 'vboxusers' group.  Please see the user manual for a more detailed explanation}, preserve=true  aResultDetail=0
00:07:07.562669 nspr-7   WARNING [COM]: aRC=NS_ERROR_FAILURE (0x80004005) aIID={dbe11e5f-7f10-46e7-94c4-1e95bf4b6627} aComponent={HostWrap} aText={VirtualBox is not currently allowed to access USB devices.  You can change this by adding your user to the 'vboxusers' group.  Please see the user manual for a more detailed explanation}, preserve=true  aResultDetail=0
00:07:08.212681 nspr-8   WARNING [COM]: aRC=NS_ERROR_FAILURE (0x80004005) aIID={dbe11e5f-7f10-46e7-94c4-1e95bf4b6627} aComponent={HostWrap} aText={VirtualBox is not currently allowed to access USB devices.  You can change this by adding your user to the 'vboxusers' group.  Please see the user manual for a more detailed explanation}, preserve=true  aResultDetail=0
00:07:08.213700 nspr-6   WARNING [COM]: aRC=NS_ERROR_FAILURE (0x80004005) aIID={dbe11e5f-7f10-46e7-94c4-1e95bf4b6627} aComponent={HostWrap} aText={VirtualBox is not currently allowed to access USB devices.  You can change this by adding your user to the 'vboxusers' group.  Please see the user manual for a more detailed explanation}, preserve=true  aResultDetail=0
00:07:08.619155 nspr-2   Saving settings file "/home/deanpalmer/.config/VirtualBox/VirtualBox.xml" with version "1.12-linux"
00:07:08.639631 nspr-5   Saving settings file "/home/deanpalmer/.config/VirtualBox/VirtualBox.xml" with version "1.12-linux"
00:07:08.655765 nspr-6   Saving settings file "/home/deanpalmer/.config/VirtualBox/VirtualBox.xml" with version "1.12-linux"
00:07:08.661515 nspr-5   Saving settings file "/home/deanpalmer/.config/VirtualBox/VirtualBox.xml" with version "1.12-linux"
00:07:08.670510 nspr-7   Saving settings file "/home/deanpalmer/.config/VirtualBox/VirtualBox.xml" with version "1.12-linux"
00:07:14.195520 main     VirtualBox: object deletion starts
00:07:14.195609 main     ERROR [COM]: aRC=VBOX_E_OBJECT_IN_USE (0x80bb000c) aIID={ad47ad09-787b-44ab-b343-a082a3f2dfb1} aComponent={MediumWrap} aText={Medium '/home/dean/VirtualBox VMs/ubuntu/ubuntu.vdi' cannot be closed because it is still attached to 1 virtual machines}, preserve=false aResultDetail=0
00:07:14.437512 Watcher  ERROR [COM]: aRC=E_ACCESSDENIED (0x80070005) aIID={d0a0163f-e254-4e5b-a1f2-011cf991c38d} aComponent={VirtualBoxWrap} aText={The object is not ready}, preserve=false aResultDetail=0
00:07:19.196648 main     {00007feb64017c40} HostPowerServiceLinux::~HostPowerServiceLinux: RTThreadWait() for 5000 ms failed with VERR_TIMEOUT
00:07:19.198270 main     VirtualBox: object deleted
