9fUn05WH4Fwv5OTl4GMlS4n/dVdr1sS1MhgD06/GKj+TgQJvZW3Mc8xl3Z3pTjMB/VXpNHZXrXz+FJ6ExTPmjAEPVp77PpeCgemhREqXK0+lDWKpFQ==
FbHJemvqtOfQgbHUcCRz7zV0Z7kkHW1jfE7tABBmSQHSvnNieHgczKSlVXRL/pf2I0Brw71klFqk3tFhaJpYbt25jqgOmnSq4KDmoinO7VflNEEV4iwsQ2Edr4Xs6+02Nxh3SxL5Di/pVdijOI3BO1RmZ3GJTaW0uk9ZjCo8IiTZW5LcFTfaXvfGA1K1QT0kNv9/f5GVrqnZ
ZgBVQiROzncvqK/N0YMp0OfWvAX13GwgvJa2HnEPQ427vG04KgZe3SyPS3HCS8J50+DFUl05Ewmn9DgLQ8SQiDD0S69oNI+T+H5VYlk6zzVvNGRLRXdLEWypGw==
p2L1NQKntWTCoWTFFNWjoWzMwPtPWbqzwF92CWuKiv1VyjIoMoTxGFyNhJJo/WO99dc4sYqNDuQhi7p8TUeS3r/227JdkYVkLo8XX6kFZqkR
wrR5qKCID1AJlPHQz5Sv8N/4242Yog+Y1FQMv6lj2N23iAxpRuYQl1yK1XcIqlWQztwAnm7yKwzs1eHKG54nd6kC
tDpMkIIN65tP58SGOIfwT5AnVndW43+fYmhmUrrMWyCS/R/6k3pFUlrSoZzJwlJmeDlDDaFF7kxfkAu1+Hq/8BR8fGcJGwj1t6DcEeY+YL+c4mWvaJKF+U40UKaOqpvkrP0Rkrtmd1+pKg==
qdNIpNN9X+n1V/1xmhZR3DfV4vL36NM2V8nVOpp5U2epHx8aHX/Ntemwg0BOVRSlRuRRb28l1JRBTSVcOzqu3ahyWBdPYmB6teI6BHXTVswx70Se6x7nwnFJ0cTaN3uPdW1SqSU=
H73nPgrLy9MqpFxpJthl5PaEJ1eNrSoBhh6IHc/VDwesVF1eWt65kPkuSkoYFZvhkQm2gJ9cU/lIlmdcdNDki7mXkHk3LESdVtL4E/xOvUPY3t01jvgI6r5GQ8jM0Ql+i2pvU6km
RTtuY2E9vWEoYs152fJMazHe5PvT78cgcdnVP5ldSWWkHx8aHX/Ntemwg0BOVRSlRuRRb28l1JRBTSVcOzqu3ahyWBdPYmB6teI6BHXTVswx70Se6x7nwnFJ0cTaN3uPdW1SqSU=
Nxcx6xT4Yh3qW7v72BFKoxd+YCxRRiViWuLBrAkSMvb4qeNdYbXOPF9gK8W4qh9glOycN0kr6MW3kDwhpm6ALxxyxX8o4qUJTkRwVk76O3QsbXFCe1YXb6ka
1guSvgLourH/8MlZYEKbXANa5PIeq3ADdE8tZlrmybgZBhoS2M3LiTHhBvgfpOOR6H63BDQINKPZv2BBNxS0tTb6KMu8Fm2reLZtzQ6AuAIeLhMQDIlZVmtCH2upHg==
dWltfQbteCuqMly/rd4gJnM1mRjFp93noeDaZE02kZyGhEg/f/eJC6qevwaHPwDEy7LEWmB9AfUsh/dWcHt+oPQd7CSZlQCcgetuYpxsNtQvZjybTUhzSBNtqRw=
C8z9Stn9bmaGv7JsWyHCkjHe5PvT78cgcdnVP5ldSWW/Hx8aHX/Ntemwg0BOVRSlRuRRb28l1JRBTSVcOzqu3ahyWBdPYmB6teI6BHXTVswx70Se6x7nwnFJ0cTaN3uPdW1SqSU=
H4GVAO2crm+DluNk+lmNTZq9XE1fvGKtSZ1OI7ufd9+a1NhdIBk6q/S+mdwYRCqr3jhx5fWNpm2kBBg+EBro1FG2mikaWpmPlzksnOkt4CTxVOva5dXWbF/e/KM9cJNwY1WpJA==
jiAC4JIR7KhU594FmQYqO5wFinpShUtEvq4hDSOE/4nRUkElUpK3nMVBh6C58gJnOILtBiBPQPjTQ6t6c0OPXc7Z4sQ9g75sqX/bG3OHfiLZGRkEkkdTb00daqkd
uah6v4nulcCk14h3HxdrKSsfg7d6/hliED4MWyvL4NAOT3mBjHjJ3trEDWZhzSvPnMIlD+gyxR5LVJkHDgpbxKwd0fI7hjd/qQo=
jJqU+YfIAD4l+bHHjRIhTikFhbdm5hhiED4MWyvL4NAOT3mBjHjJ3trEDWZhzSvPnMIlD+gyxR5LVJkHDgpbxKwd0fI7hjd/qQo=
yu+m3JUu0YdXkL8J2l0uUCofg7d6/hliED4MWyvL4NAOT3mBjHjJ3trEDWZhzSvPnMIlD+gyxR5LVJkHDgpbxKwd0fI7hjd/qQo=
5LkndhvD3vYt+ip6ZUEQmC0fg7d6/hliED4MWyvL4NAOT3mBjHjJ3trEDWZhzSvPnMIlD+gyxR5LVJkHDgpbxKwd0fI7hjd/qQo=
3bJJaKkYIqJWKBcTEsL3nlqx+kifPJNZyHanPHTwpCs591BZNwyE/dZyuDP8Ln2jWH4dUosYQUs+JgMozPHJ3guKL3OpBg==
3Fac0KG9lURJH0RHFFGdZlqx+kifPJNZyHKlMnTwpCs591BZNwyE/dZyuDP8Ln2jWH4dUosYQUs+JgMozPHJ3guKL3OpBg==
wz66XFcytPWsDL2gSZUjJpdW/wLJQ/Agt/t9Y47JX////zl11i4dZHk0Y79gFLdDhfvtO6BaxyUH9Mz7zReTIXSpAw==
RGZB7F1ZWV382r7HujsTvzT2+FW7pmre2fVRTaACL1wk9CtvyLQv0x17das4uq/1TzSEC6X369EMqXs=
adNcjSa6YYECAlsVd7L+PoYgOMJxdxrhIlhu8h+NTGCxiXBoGUCrRp0R5kCXqlyfJZTD/MsBqXg=
HTmc+s9ntEaejPCS9l5AMCHE4KV+KbHSQAUW7kDn8gCrneTqvPYtC/jWreMLoPHjno7TcAypGbbr4t8LqX4=
/vLRaPUNCuvzQQf9dtYHfEXqcONGZCDrvidD1J6Mc+C4LFl3zja/ZLHrSjydZ6fazx+Kcu0xFeTe78cfmSV2qQE=
w76kz6O7uUS3nWEGBe3H0Q7h3O0PNiTGzGlErM8EfFlfHH/C3sS4d12oyJOyXADJ7grTe7AoDEihkRCgab4qrs3Jxkinkpw3tQwjtDt5qRA=
4K+1tkPRXoL6AWBXqD/Tm2rRwuRRDrTkjQkwCWudheYhyW8qMIH+Jx/K1bFS92PgqMwpt56WD+Qhi7p8TUeR2b//2rJdkYVkLo8XX6kFZqkR
UxQRqIn3ldEX8e/c7pqgKC8LrTrWCUIXDQ6Magb2TITsokObwtfcoxRgBAAA1cyl4JPBBf7GUY9NcuYteJf5hoOpVJtVIB6gry/I2unUJ6dsJOvLKbgJM/yqS73D1MgDgYdvaVCpJw==
Pc5IqyUV35E9EuyC1kWmnFok/N80XLK9EoZ9d3kiMoUENyXut1kAw7mgcnh7X/wytXTbDzj037MMf2WLCPofVf+0FKv1N7sxfKkL
InGK6nT8wUuKzsAIGIY0pq2piDEEk6+hF0gH6rrRaPN/WzbSGZSusQ91n4K4Qh07EcCATWaGQ88o1KzsSf2gdBFj7+oFhZa8/658U50gU6ADZakU
SwPz5mLKn2hAHvqr7j0akq2piDEEk6+hF0gH6rrRaPN/WzbSGZSusQ91n4K4Qh07EcCATWaGQ88o1KzsSf2gdBFk7uoFhZa8/658U50gU6ADZakU
cl58J447LxPUCy5VCMiOU3S99hjhikzmiaBDWKsfLFIl9CtvyLQv0xV7dao4uq/1TzSEC6X369EMqXs=
m5MwsPN4ET317O0KG0ouuH8Ij7FtsT8sFmpcEjHZ4tkTTz/WpkHgmsCSGmR72SzenMIlD+gyxR9KVJgHDgpbxKwd0fI7hjd/qQo=
bzLUs3MnN1iP6MQi3NLqARxVMZURW5KdfRrAbg0gx9Anj7DKwZTPFzTE45vdO7Hm9IqTzWsUoBO55+fZCKl/
u4b1M2yRpRKouRN9VuSFcGrRw+RRD7TkjQkwCWudheYhyW8qMIH+Jx/K06JO8mPgqcwpt56WD+Qhi7p8TUee27/62rJdkYVkLo8XX6kFZqkR
zuItG/R+h84OeQ1xsTkvrWaG33mUvFmaxatC0LzqOhfUNnCHxp2LGn1ZHE/aye278zVn8lev9q6hEB7dx6G/nqBgXmv8dADwnsIz4yDAzDCRmTD4uRiqFjiBplC3+tzPBYSDbGtRqSg=
VA4ph8Q+Y2i414BLMb8OTmaG33mUvFmaxatC0LzqOhfUNnCHxp2LGn1ZHE/aye278zVn8lev9q6hEB7dx6G/nqBgXmv8dADwnsIz4yDAzDCRmTD4uRSpFjiBplC3+tzPBYSDbGtRqSg=
rg0U2VgjjFL0cmdcMITO4CYc7x4Xj/aO4fCevQeBv75gAN6LvFQA0N4is4Pg4MwQUfmwGPk2qTZ4YSYwd9rc78XkA4wrcakI
RqTWE7TTv0AbYwrk4bT8EmrRw+RRD7TkjQkwCWudheYhyW8qMIH+Jx/K06JO8mPgqcwpt56WD+Qhi7p8TUef2b/62rJdkYVkLo8XX6kFZqkR
hRmtBzj2eM4dzVHPHgl+Y2aG33mUvFmaxatC0LzqOhfUNnCHxp2LGn1ZHE/aye278zVn8lev9q6hEB7dx6G/nqBgXmv8dADwnsIz4yDAzDCRmTD4uRaoFjiBplC3+tzPBYSDbGtRqSg=
ngPksxQmlRviOPZK/WN3PzgFzb8bCRdmz8O2SqkMzmm/LV/aiJxuPyTYgFRWniMXGIxstPklwOyh9G9ysB32ZE/2vAut+DO4M32pDA==
RFQo1A0T/09KeFtcbIBeG0phyoVmIULbExH05pvb3/pEaVKH86JHEtoK/2A1tL0HCn5jRI3jTiz5n+seg6Iu4mm56YQCpwMvvT16qQ0=
PM7nf6K9xf1QpxTutcpqSCYc7x4Xj/aO4fCevQeBv75gAN6LvFQA0N4is4Pg4MwQUfmwGPkxrjZ4YSYwd9rc78XkA4wrcakI
+0o8nkKoiSyt2M8uY5FK3KCM4kztmTg/q5GkL2QQUsv+tGctIgFpiW/GSx2tYuIllLeVTkEKLCapoGMYS5+MkgX0S69oNI+T/3tVbVg6zzVvNGRLRXdLEWypGw==
ZP1Nn2KFKiYYU/BXHICZTZxP2DwUwHsBvrMtESKj4ojERwgEEYG0mc9lyabt8Qs6NIniB2MCF9Lqau9gJVSNR9re88Q9g75sqX/fG3OBfiLZGRkEkkdTb00daqkd
ixWMISKDjHFSiInfIH+OGEhB/rNdLW+Xr8wjpRboDeKmswN7r6hcIjb1aB5AFpLQ6y1EejxmzXs4ho3bCpDXM95+s+CMObkGK7I/e6kO
+PngVLaB3sPa8zcyYIU+zSYc7x4Xj/aO4fCevQeBv75gAN6LvFQA0N4is4Pg4MwQUfmwGPkzqjZ7YSYwd9rc78XkA4wrcakI
6p8ARsBZ4Hl7HIZIzBUDKd60KQs81oq1NFEAyOrnZSOxgUArZQGjWuw5mse7Ui8ywnrnYC1EpSfiDquExTPmjAEPUZn7MZaCgemhREqXK0+lDWKpFQ==
YeGbtdHYJe2tgV7KFB3n6N60KQs81oq1NFEAyOrnZSOxgUArZQGjWuw5mse7Ui8ywnrnYC1EpSfiDquExTPmjAEPVp/7MZaCgemhREqXK0+lDWKpFQ==
r9Dfb4mDeKgxzZu2fqdNF+YoJypVIXMaPJkKR8vyn3IyGvdgPaTV51KuWwRVk7ZMUS9gngtRRkLRCTHE+vfbD5UtcqkF
yBJumziGMjDtK0iai8Db0gmc0ykjzK5vxKiAJLbO40e4POwEWfWAPMEPboLTzba070Y8uw2o8+jTDal8
myaSObwoIq5Sn8D3ne1telQRaZGOz7nTcrVWe1mb2k0lOuheNSD/4A+vaJoJ1AdnzKQLC0e+KXVcKit9I9Tow+EHjylwqQc=
cIiDs6fYX92uj6rLh9sIrxxVMZURW5KdfRrAbg0gx9Anj7DKwZTPFzTE45vbO7Hk9IqTzWsUoBO55+fZCKl/
4oralAV520o4duTws0UsapxP2DwUwHsBvrMtESKj4ojERwgEEYG0mc9lyabt8Qs6NIniB2MCF9Lqau9gJVSNR9re88Q9g75sqX/cG3OAfiLZGRkEkkdTb00daqkd
YAjq2xi6rgHXt55yNp2tf2aG33mUvFmaxatC0LzqOhfUNnCHxp2LGn1ZHE/aye278zVn8lev9q6hEB7dx6G/nqBgXmv8dADwnsIz4yDAzDCRmTD4uRaqFjqBplC3+tzPBYSDbGtRqSg=
1W5AxALOletxxEgorP1Hn+d9eH0/wgbGk9/CgvdgGAHk4ab/DJY0zAkBw9LlPAkFVs3Ypqi+l5i3hxNjW9wPyZ50PENZhWlAVyQsEOHjKOeW/fypBAo62NxatUfIOvVjyayuDy7Cy1xsBcG62w5HR6ky
JPd0CzmHz4Jh/BULfH8C0hUEv+8aUqaorc+Sonia2v6zjMN+5+UF+PfnRdBaL+T7Yid8weeMiRxcXUoCbU5hO3cxPqk2+7afyFlLgXUqPz8IPjkR5CFWt6jXbKiGTkygMclwqJkFrwYa0eYAF2pcX6XUwzxLQak4
5GWnSu9gOt/6eM8KBVcNphQEv+8aUqaorZTHuG+RwO+ejO9o7+AN2L6SF4ZcP//cLRoojqODiBxcXUoCbU5hO3cxPqk2+7afyF9LgXUqPz8IPjkR5CFWt6jXbKiGTkygMclwqJkFrwYa0eYAF2pcX6XUwzxLQak4
XFfi4apSHRFR44ETu06fjAO4c/lcaFLo9idUyIe7N/rvO0ps1jy/ZLHrSjydZ6LfzxiKcu0xFeTe78cfmSV2qQE=
iTAnOaW8FBybH/yjQblYQisfg7d6/hliED4MWyvL4NAOT3mBjHjJ3trEDWZhzSvPnMIlD+gyxRlPVJ4HDgpbxKwd0fI7hjd/qQo=
EPKb4YUWe+oSOmgxoqXcfUR1gdAieg7OHl6678/Al+lYYG7Iqu8QOOMju3pjo6wSGmNyRI3jTiz5n+wfg6Au4mm56YQCpwMvvT16qQ0=
rbgJSjgNoHBhvqJ2/bKCmr48cYZFV9iGk3aB0vuxg/938Rb15d3AYbEkRLzOUPiwOCFPSVEGKj5Tw/XJ3pXeogCAaCbiQt7PAOuhx6qagZWIgkY/DRUAuFlIlYTlc4YM4c80n9vwNgIhKUFEKtfLzwVNQqk1
EHYl6hQG4smaDYImj7x4G748cYZFV4PTiWGKyOqcg9Nh+RP9xZS1M+ciVKfpH8Xkd2VASFEGKj5Tw/XJ3pXeogCAaCbiQtjPAOuhx6qagZWIgkY/DRUAuFlIlYTlc4YM4c80n9vwNgIhKUFEKtfLzwVNQqk1
2EJTErF4TMAXBZUHkv+u8BQEv+8aUqaorZTHuG+RwO+ejO9o7+AN2L6SF4ZcP//cLRoojqODiBxcXUoCbU5hO3cxPqk2+7afyF9LgXUqPz8IPjkR5CFWt6jXbKiGTkygMclwqJkJrwYa0eYAF2pcX6XUwzxLQak4
4NbXHiZ2GNWySGv1EqF33BUEv+8aUqaorc+Sonia2v6zjMN+5+UF+PfnRdBaL+T7Yid8weeMiRxcXUoCbU5hO3cxPqk2+7afyFlLgXUqPz8IPjkR5CFWt6jXbKiGTkygMclwqJkArgYa0eYAF2pcX6XUwzxLQak4
QI7H5EjMC2A8ZsLoone2iikfg7d6/hliED4MWyvL4NAOT3mBjHjJ3trEDWZhzSvPnMIlD+gyxR1LVJEHDgpbxKwd0fI7hjd/qQo=
jmSrFXpyVlLCnjBo6PcuAER1gdAieg7OHl66783Al+lYYG7Iqu8QOOMju3pjo6wSGmNyRI3jTiz5n+gbg68u4mm56YQCpwMvvT16qQ0=
Um77nRbUGga4jAWriGA7zwW4c/lcaFLo9idUyIe7N/rvO0ps1jy/ZLHrSjydZ6fazxeKcu0xFeTe78cfmSV2qQE=
7zJVQeR5hxbdUI5ttDRj6AK4c/lcaFLo9idUyIe7N/rvO0ps1jy/ZLHrSjydZ6bazxeKcu0xFeTe78cfmSV2qQE=
Jpf2sLzgyhk0ziGKsF43Jygfg7d6/hliED4MWyvL4NAOT3mBjHjJ3trEDWZhzSvPnMIlD+gyxR1KVJEHDgpbxKwd0fI7hjd/qQo=
63LdmQVza9EcUxrTpG3ZV0R1gdAieg7OHl6678zAl+lYYG7Iqu8QOOMju3pjo6wSGmNyRI3jTiz5n+gag68u4mm56YQCpwMvvT16qQ0=
dtO9io6B3XeqynsdJXW/JGCY23SGvlyAxqpHie+jeVyxOHrDksfMTB5ZAEifi6buvSV7+h7+upvoDQvR1bq/r6hueUHENV+wj4cs+CbezDCRmTD4uRWoFjWBplC3+tzPBYSDbGtRqSg=
Hot+tYcS5hmrpFrctwp7H2CY23SGvlyAxqpHie+jeVyxOHnDksfMTB5ZAEifiqbuvSV7+h7+upvoDwvR1bq/r6hueUHENV+wj4cs+CbezDCRmTD4uRioFjWBplC3+tzPBYSDbGtRqSg=
XfUQ+9he4RsFq4GLAYFMRatGnZPKl7tngn48dnMr20hSiK0zNexL+4dReJmVKfHPxpaMmunse0ljf05ZNCeBORpOhe58DfAHa2/91vfNzk6A/8vZRuAvBMO0M59w1MfjV/+90xAa18VXdDzbvdcDQUSpMw==
ME9ZbS5xRro6iRN8ZFhtU5PKjFYSj/dkKjTPYAeU7cd6nhPEHUMe7Mm/+RuTx92iudl5BLIHs+/t3QqpfQ==
nHyIHfyeM/X+9xWbJIzNv0XqcONGZCDrvidD1J6Mc+C7LFl3zja/ZLHrSjydZ6/bzx+Jcu0xFeTe78cfmSV2qQE=
E1UHiPI5BReN4PDsncKWZA3h3O0PNiTGzGlErM8EfFlfHH/C3sS4d12oyJOyXADK7grTe7AoDEihkRCgabwqrs3Kxkinkpw3tQwjtDt5qRA=
k6R3sksOikdO4ExeV8mH40ZiyIgZJnqX79dm8krhNu/7vwh0rusRdRzMQVpaQIXS8TlDazxmzXs4ho3cDpDRMN5+s+CMObkGK7I/e6kO
ns7fBACfvjhlvfD7u92/dZPKjFYSj/dkKjTPYAaU7cd6nhPEHUMe7Mm//xqTxt2iudl5BLIHs+/t3QqpfQ==
zpVNL0FicZuMEfMgn4CHuUXqeOtGZCDrvidD1J6Mc+C6LFl3zja/ZLHrSjydZ6Lazx6Jcu0xFeTe78cfmSV2qQE=
dZvUHCAqmP82j1TusYl9lEXqcONGZCDrvidD1J6Mc+C6LFl3zja/ZLHrSjydZ6Hazx6Jcu0xFeTe78cfmSV2qQE=
GKQaMv2cqYC8BmeRufni8Q3h3O0PNiTGzGlErM8EfFlfHH/C3sS4d12oyJOyXADL7grTe7AoDEihkRCgabEqrszKxkinkpw3tQwjtDt5qRA=
X6IxD4ZUfVRlGEV7vQwLgBwBx+U0VrH8X9tocTxleMoNMSCo6mp7u8nJCCokGtkOrnTbDzj037MJeWWKC/ofVf+0FKv1N7sxfKkL
WEQle2X1qlz1gWnpd73JjkViyIgZJnqX7tdm8krhNu/7vwh0rusRdRzMQVpaQIXS8TlDazxmzXs4ho3cCJDQMN5+s+CMObkGK7I/e6kO
Kj0GIiOVH/UlpzY1Y7r+ra+oiDAEnfPxXl0M8OqUZPY5CnrAHtDp+0B8mYf+Hy5AarDpNzTZBuoUz6zsSf2gdBFm7uoEhpa8/658U50gU6ADZakU
2JRL3a1vwwnFuouf5KSFV9zjHk0a5DX3U9sZe+/Zao3OmYgBZENv8besmpYYRSOmnzh2pLPA72HkDBl3Xk/ukAqA6QdUCca6tD8snOkt4CTxU+va59bWbF/e/KM9cJNwY1WpJA==
QEqtFGfd+jyLMG5aeAp9DyYA/wgXw7HIq/SfvUyIubsmW/7swiRpq4x99qbc+8wQUfmwGPk5qzZ/YiYwd9rc78XkA4wrcakI
bN9rf/HhlBbbkjIm48SNeeY0NzxVIXMbPNIDQc60xFJVZIcJRvaKoneSQARVk7ZMUS9mmgtVRULRCTHE+vfbD5UtcqkF
5EVszVwoWleKr4lfCCHlVZfin8qXv1CeyUFCtaY+juKp4VgjHsQgjVyK1XcIqlWQytwLnG7yKwzs1eHKG54nd6kC
DdMm7BO5ke5d0V/kThs2F+YoJypVIXMbPNIDQc60xFJVZIcJRvaKoneSQARVk7ZMUS9hmQtVRULRCTHE+vfbD5UtcqkF
4rcQcKe7tgT4r9ftGCISZx8Bx+U0VrH8X9tocTxleMoNMSCo6mp7uMnJCCokGtkOrnTbDzj037MLeWWJC/ofVf+0FKv1N7sxfKkL
jFr6lEe88Qb5o45mvq6eiRwBx+U0VrH8X9tocTxleMoNMSCo6mp7u8nJCCokGdkOrnTbDzj037MPf2WJC/ofVf+0FKv1N7sxfKkL
Hj2viYUCg+zz6oji8ut7Tq+oiDAEnfPxXl0M8OqUZPY5CnrAHtDp+0B8mYf+Hy5AabDpNzTZBuoUz6zsSf2gdBFi6+oGhpa8/658U50gU6ADZakU
x6EaI9j7vbPbFWYFuqFKx9zjHk0a5DX3U9sZe+/Zao3OmYkBZENv8besmpYYRSOmnzh2pLPA72HkDBl3Xk/ukAmA6QdUCca6tD8snOkt4CTxUOra5tbWbF/e/KM9cJNwY1WpJA==
z3F6lfaetFBN0KD/ZrKrayYA/wgXw7HIq/SfvUyIubsmW/7swSRpq4x99qbc+8wQUfmwGPk1qjZ+YiYwd9rc78XkA4wrcakI
nV6B2MRtiC5E3Gl6X9+q+HS99hjhikzmiaBDWKsfLFIl9CtvyLQv0x95dag7uq/1TzSEC6X369EMqXs=
X3UOlACyXTk7jOlxackuqn8Ij7FtsT8sFmpcEjHZ4tkTTz/WpkHgmsCSGmR72SzenMIlD+gyxRtJVJoEDgpbxKwd0fI7hjd/qQo=
Nc5Xu5ylI6yc4csYHm6m/BxVMZURW5KdfRrAbg0gx9Anj7DKwZTPFzTE45vYOLHg94qTzWsUoBO55+fZCKl/
toW8U/yuNgYvopHEE7Xpsn80moAvmlA4RXd3TE38wrpQCxxR3NrPgW3wF/hWvqfW5mOjCy8YPPL2hUgOQAayoCv9JMq8Fm2reLZtzwiAsgAeLhMQDIlZVmtCH2upHg==
/Wjp58veRl86eSMNEQ8jhSmNl7kFDfWhngF2FGDJyKZng2sqMIH+Jx/K06JO8mPgqcwpt56WD+Qhi7p8TUeQ2L/82bJdkYVkLo8XX6kFZqkR
prpNIldoqvt7uoIXS6sSkSYc7x4Xj/aO4fCevQeBv75gAN6LvFQA0N4is4Pg4MwQUfmwGPk3qDZ+YiYwd9rc78XkA4wrcakI
ZwCJEU3R2Aa4axbEtTp84n40moAvmlA4RXd3TE38wrpQCxxR3NrPgW3wF/hWvqfW5mOjCy8YPPL2hUgOQAayoCv9JMq8Fm2reLZtyg+AsgAeLhMQDIlZVmtCH2upHg==
3j/+EBpkYYuMMQvVLYDhoimNl7kFDfWhngF2FGDJyKZng2sqMIH+Jx/K06JO8mPgqcwpt56WD+Qhi7p8TUeV37/82bJdkYVkLo8XX6kFZqkR
7fpzEM2VBDjpZ1sqGNVgfSYc7x4Xj/aO4fCevQeBv75gAN6LvFQA0N4is4Pg4MwQUfmwGPk0rzZ+YiYwd9rc78XkA4wrcakI
6oxhZgVx39cpSXBltnpqBl3jc3ry2bATbSGi9uJUW0X20R2xo4YH5RkyNo3oFwkm9fq4viUg74Df7zh6mVS3BzzkO+s0vhlQr2qb3VNUeGMxR18JYKkX
kdgqtCS8gl2P/KvyuwSDLS8LrTrWCUIXDQ6Magb2TITvokKbwtfcoxRgBAAA1cyl4JPBBf7GUY9NcuYteJf5hoW6SJ5VIB+gry/I2unUJ6dsJOvLI7sJN/+qS73D1MgDgYdvaVCpJw==
mJo/DZ9eWfq+7Q9jYwSu4Fok/N80XLK9EoZ9d3kiMoUENyXusUocxrmgc3h7X/wytXTbDzj037MIe2WPC/ofVf+0FKv1N7sxfKkL
rOOQtW9kBbUz2MUzCztDU66piTEEk6+hF0gH6rrRaPN/WzbSGZSusQ91n4K4RA4nFMCATGaGQ88o1KzsSf2gdBFk6uoBhpa8/658U50gU6ADZakU
/JwrsVg65ze60hGWTZMe8K+oiDAEnfPxXl0M8OqUZPY5CnrAHtDp+0B8mYf+Hy5AarDpNzTZBeoUz6zsSf2gdBFs6uoBhpa8/658U50gU6ADZakU
1GW8b0QkRZaWACsuB3XAfNzjHk0a5DX3U9sZe+/Zao3OmYgBZENv8besmpYYRSOmnzh2pLPA72HkDBl3Xk/ukAqA6QdUCcW6tD8snOkt4CTxU+na4dbWbF/e/KM9cJNwY1WpJA==
O5o6AXm3BSg60led7Z3ncyYA/wgXw7HIq/SfvUyIubsmW/7swiRpq4x99abc+8wQUfmwGPk5qTZ5YiYwd9rc78XkA4wrcakI
STLTmjMh41rBPFgGl/jQWSYc7x4Xj/aO4fCevQeBv75gAN6LvFQA0N4is4Pg4MwQUfmwGPkzqDZ5YiYwd9rc78XkA4wrcakI
cKEmxYeI6as2AtzaC/XscFzjc3ry2bATbSGi9uJUW0X20R2xo4YH5RkyNo3oFwkm9fq4viUg74Df7zh6mVS3BzzkO+szvxlXr2qb3VNUeGMxR18JYKkX
iSwtUBSGQD22AhsaNj5r6i8LrTrWCUIXDQ6Magb2TITvokObwtfcoxRgBAAA1cyl4JPBBf7GUY9NcuYteJf5hoW6SJ5VIB+gry/I2unUJ6dsJOvLI74JN/+qS73D1MgDgYdvaVCpJw==
yUzaiA0GLisdvWYcoT5jh1ok/N80XLK9EoZ9d3kiMoUENyXusUocxrmgc3h7X/wytXTbDzj037MJfmWPC/ofVf+0FKv1N7sxfKkL
Ei1pyzOBkwDOWGg0tPW36K6piDEEk6+hF0gH6rrRaPN/WzbSGZSusQ91n4K4RA4nFMCATGaGQ88o1KzsSf2gdBFt7uoBhpa8/658U50gU6ADZakU
AarQBjEJhhQy5NFsKFUFjA+ewy7QctQXm2e4PG6j4S089FFSWkiV6tFhsyP8Ln2jWH4dUIoYREg+JgMozPHJ3guKL3OpBg==
BHwhTwSwl0qN2Ff/Ag9Pc009y4BfsXEuGi5DFjGezuFAVXmBjHjJ3trEDXVuyTHPnMIlD+gyxRxKVJwEDgpbxKwd0fI7hjd/qQo=
LMwJs2OrQWw02YByz81kSpPKjFYIifd4MjXPYAeO68dmhhLEHUMe7Mm/8hmTwt2iudl5BLIHs+/t3QqpfQ==
15UYVgvagnJuZFxl3gcr+UXqcONGZCDrpCFDyIaNc+C7Nl930i6+ZLHrSjydZ6fYzxqJcu0xFeTe78cfmSV2qQE=
hcUW3+cTN1irXU+LffiolUZhu6RUKGDDrMprphynA6antAp26KMXYhzNdx5AFIjW6zFcezxmzXs4ho3ZCJDUMN5+s+CMObkGK7I/e6kO
XSWZhpeZX8otSd35TwzzgaNhMS4ZdHpefJgNTsa1yBlMBfdgP77T5062WgRVk7ZMUS9jnwtSRULRCTHE+vfbD5UtcqkF
OT5eb6TFbL3eYjAVB1I+rCYN/h4Xj/aG6bGP+QaGtrMnV7X1o1QA0sQks5/44cwQUfmwGPk0rzZ4YiYwd9rc78XkA4wrcakI
Q4IPI9g/HiWiKTqHcDI/0yYc7x4Xj/aG6bGP+QaGtrMnV7X1o1QA0sQks5/44cwQUfmwGPk1rzZ4YiYwd9rc78XkA4wrcakI
3HZ/O/x5cpi55COVmk7Mow/ss2DeaoIXgiuyNGbt6y19s2cWQByY7stprDP8Ln2jWH4dWo8YREg+JgMozPHJ3guKL3OpBg==
CmbSe81x8RgQE6MPhgPy/BAv0JEiJQ/KFBH05pPTnusAaFWO/uUQeaQV/2A3rrsHFmZiRI3jTiz5n+geg6It4mm56YQCpwMvvT16qQ0=
lIvGwomg++NKXRHq5FTAzhJc9KlJaWvavssjpRbgBaO39wJ8pqUbdV2Ldx5AFIjW6zFcezxmzXs4ho3fDpDUMN5+s+CMObkGK7I/e6kO
29liSD7mddjNr9wbXGn19VLQ49IPJCbP0T1Yp4cHdh5ZGW+B1s72a1e/lc2zXADK9AzTZ6gpDEihkRCgabEursjKxkinkpw3tQwjtDt5qRA=
awd+D2wnXHhJv61A3MoP5CYc7x4Xj/aG6bGP+QaGtrMnV7X1o1QA0sQks5/44cwQUfmwGPkzqzZ7YiYwd9rc78XkA4wrcakI
v2LtIu3pJNAkCgVGdkZh7A6ewy7QctQXm2e4PG6j4S089FFSWkiV6tFhsyP8Ln2jWH4dUIoYR0g+JgMozPHJ3guKL3OpBg==
2994DKOZCrknbAWk/8pW+U09y4BfsXEuGi5DFjGfzuFAVXmBjHjJ3trEDXVuyTHPnMIlD+gyxRxKVJ8EDgpbxKwd0fI7hjd/qQo=
NfuIfKPf+J1V9PIJUCzp0SYc7x4Xj/aO4fCevQeBv75gAN6LvFQA0N4is4Pg4MwQUfmwGPk2qjZ7YiYwd9rc78XkA4wrcakI
Wm5hrOKaNb9u6qZ2kgFCGIfxKxo/lI60Mh1QxKnxbDmn1UEmZQGjWuw5mse7Ui8ywnrnYC1EpSfiDquExTPmjAEPU5n7MZWCgemhREqXK0+lDWKpFQ==
75K84JomZHzO3EGudLNRtojxKxo/lI60Mh1QxKnxbDmn1UEmZQGjWuw5mse7Ui8ywnrnYC1EpSfiDquExTPmjAEPUJn7MZWCgemhREqXK0+lDWKpFQ==
WSiO7FRewagjZ/YreJwpYmaG33mUvFmaxatC0LzqOhfVNnCHxp2LGn1ZHE/aye278zVn8lev9q6hEB7dx6G/nqBgXmv8dADwnsIz4yDAzDCRmTD4uRSoFjuCplC3+tzPBYSDbGtRqSg=
sT6LlWSJJQPO38imiS5kXFok/N80XLK9EoZ9d3kiMoUENyXusUocxrmgc3h7X/wytXTbDzj037MIeGWNC/ofVf+0FKv1N7sxfKkL
Ou7Y2OHiAlhtCxUeYn5YlCYc7x4Xj/aO4fCevQeBv75gAN6LvFQA0N4is4Pg4MwQUfmwGPk2qDZ7YiYwd9rc78XkA4wrcakI
TiTOZdVKQNpTL4+bbPU8a960KQs81oq1NFEAyOrnZSOxgUArZQGjWuw5mse7Ui8ywnrnYC1EpSfiDquExTPmjAEPUp/7MZWCgemhREqXK0+lDWKpFQ==
i5/cUPxmBlNB0F0XIklWP0RuiIciJQHKHEOyu5Pb0r4EaFWO/uUQeaQV/2A3rrsHFmZiRI3jTiz5n+Ibg6At4mm56YQCpwMvvT16qQ0=
I7AoR7shd7uP7UX2p5hRFaLD5vTl95l2SCbCrKt5Zh+axqPCYM//24Fr0CmmFjYjh4f1JYNEAMLk9PNPWHFMgPEp8MjZJaomWrJm4NdKXH9lNENcC2GpGA==
YiocjI++3eHzzy6tNl8R6tJ4EyYSiijTPHl2Ta36SiC+/wXvthtbVVrVoYi0hlxxOX1SBuFD7koL7xio8EjtoCNffDgBCxj7n/LLQeQiaqCc4mWvaJKF+kg0UKSOqpvkrP0Rkrtmd1+pKg==
tVEjJLzHsOzpCNyhCNjTsVycz7IqFBO1rnH1IRsGf3WxUu49oNdBdg3akE49IPfw989AqlEUf7dkBJN7yjihw8bKQ62blDCzCSe3OXipDw==
g22diu0ntQCVfLi67VjcwmaG33mUvFmaxatC0LzqOhfUNnCHxp2LGn1ZHE/aye278zVn8lev9q6hEB7dx6G/nqBgXmv8dADwnsIz4yDAzDCRmTD4uRmoFj2DplC3+tzPBYSDbGtRqSg=
z4up+Z5EWrLS/gTbMagYYFok/N80XLK9EoZ9d3kiMoUENyXusUocxrmgc3h7X/wytXTbDzj037MOf2WLCvofVf+0FKv1N7sxfKkL
OWhd5alecmNxKbqfFOooREu062ufJd1RyC+yNGbt6y19s2cWQByY7stprDP8Ln2jWH4dUIsYR0k+JgMozPHJ3guKL3OpBg==
AKl+lNde8jVHM4popVWKVEdxl4ciJQHKHEOyu5Pb0r4EaFWO/uUQeaQV/2A3rrsHFmZiRI3jTiz5n+wYg6Es4mm56YQCpwMvvT16qQ0=
imC70rbzj0RVSYP8Yd/NnEduiIciJQHKHEOyu5Pb0r4EaFWO/uUQeaQV/2A3rrsHFmZiRI3jTiz5n+sfg6Es4mm56YQCpwMvvT16qQ0=
kqZThFDaJdy6uQjY9VzZMPHb7eL04pl2SCbCrKt5Zh+axqPCYM//24Fr0CmmFjYjh4f1JYNEAMLk9PNPWHFMgPEp8MjZJK8mW7Nm4NdKXH9lNENcC2GpGA==
gnTQID3C6Z2KY6L7D7/0Pa+S8gL4kCBtvYq1CXMCE9msvnQkJwdlinKPSBfibKYkk76YCRZhUjmpoGECTZ+QigT0S69oNI+T9H9VbVo6zzVvNGRLRXdLEWypGw==
XXaYA0zdHa6WPvQWFLmMw/ni0G1WnfHxW1lJ9KWZdLcwHD+XWd+g9Q5ylo//E2VZC8CATnyAQ9Mw1azsSf2gdBFj7uoDh5a8/658U50gU6ADZakU
maOyKCM+beA0ZZej1XNymEu062ufJd1RyC+yNGbt6y19s2cWQByY7stprDP8Ln2jWH4dVosYRkk+JgMozPHJ3guKL3OpBg==
3MYuy6CXpcH1UIEU43kbMQ/vs2DeaoIXgiuyNGbt6y19s2cWQByY7stprDP8Ln2jWH4dW4sYRkk+JgMozPHJ3guKL3OpBg==
JQKoVPPIdJRZzYGaJH97gW0BtMl5UrK9EoZ1fzgzdoQDPiip5iFi2bmgcWJ9X+AqtHTbDzj037MMemWMCvofVf+0FKv1N7sxfKkL
x+Kjv8Rmd1Gu2kwHjBb+/iYc7x4Xj/aG6bGP+QaGtrMnV7X1o1QA0sQks5/44cwQUfmwGPk0qjZ6YyYwd9rc78XkA4wrcakI
Lz8AM8DEwXsFL/czQ6fdM9J4EyYSiiqIaWNhRrfrZyCI6jCuwHg7HVbV6MzIlkdgdz9DC/t0/1Ee7Ezr+W25+BdcfDgBCxj7n/LLQeQiaqCc4mWvaJKF/0k0XqWOqpvkrP0Rkrtmd1+pKg==
3mhoOBsnWQwIz7mpWpC3YXRlelW2Pnb79w9VnVMsANrUPJO3yNmM2AEh0PCJyim+6vuGmMdiHKcVvOPk2wmpAA==
F5Gh5jT0BICHK9B9bAV4tEZuiIciJQHKHEOyu5Pb0r4EaFWO/uUQeaQV/2A3rrsHFmZiRI3jTiz5n+0Zg6As4mm56YQCpwMvvT16qQ0=
Mm2mHJqdNkcm3RQAhaocR2CrkBGvqi1ZN4rlhmltPi7m0J1v/y4QL6qzuIQcUEFuyr3sKQj9a+CjxhfXar5WJJnbUtzVtx5YN0hAUvXBfSR2fz9/URVuqRk=
WZ47krqfF8WjUT9NfLngCq+R8gL4kCBtvYq1CXMCE9msvnQkJwdlinKPSBfibKYkk76YCRZhUjmpoGECTZ+QigT0S69oNI+T+3hVbFo6zzVvNGRLRXdLEWypGw==
dfH1gATbCSc/CB8Vl+DkIvni0G1WnfHxW1lJ9KWZdLcwHD+XWd+g9Q5ylo//E2VZC8CATnyAQ9Mw1azsSf2gdBFl7+oCh5a8/658U50gU6ADZakU
CNwnNihsEY+Dx1FizwtAu0u062ufJd1RyC+yNGbt6y19s2cWQByY7stprDP8Ln2jWH4dVY8YRkk+JgMozPHJ3guKL3OpBg==
btu6aINnenBDkn5VZSYmnyYc7x4Xj/aO4fCevQeBv75gAN6LvFQA0N4is4Pg4MwQUfmwGPkwqjZ1YyYwd9rc78XkA4wrcakI
R+B51a0U+EA/psWH3i4XwQmolgcoHsT9vHZXDd0cT7SW8v861m+7J0805L5GadCCwIoqTJux/ObcOnWnSFo1hsnM4e2uoou8bCWBGluuB2epEg==
AWHwFRzMLZ8cQv+/mxP17pxRyUIVlGAA8K8nECKH+o7WUUkCHIXyyIN3zq24oQ86NIniB2MCF9Lqau9gJVSNR9re88Q9g75sqX/cGXOPfCLZGRkEkkdTb00daqkd
24NfEO7/qJz83y3d/6fWCkpkJH2bwH6ZnVKJ9N5L+0LYDXr6+JK0lM/Zk/mlUQdpL3EEhZSQVbt4zQ4tmaJSRSQ3BS4RyvwG2aCTOBvfXHKVdPtP2HS/c+h4RUOqer+Vn7T065W3G3FcqSs=
IFouUcjHLfNFDX6XUqEaIFo47Mk0EPX7WM1ubXkiMoUENyXusUocxrmgc3h7X/wytXTbDzj037MKeGWDCvofVf+0FKv1N7sxfKkL
Mla6m5c1ZfHYIz6B1eK9eYjxKxo/lI60Mh1QxKnxbDmn1UEmZQGjWuw5mse7Ui8ywnrnYC1EpSfiDquExTPmjAEPU5/7P5SCgemhREqXK0+lDWKpFQ==
tJfxTgBNosit9+dXWJpYQymNl7kFDfWhngF2FGDJyKZng2sqMIH+Jx/K06JO8mPgqcwpt56WD+Qhi7p8TUeT37/32LJdkYVkLo8XX6kFZqkR
5U33SUFKad2wyoy4n1+1fyYc7x4Xj/aO4fCevQeBv75gAN6LvFQA0N4is4Pg4MwQUfmwGPk2rzZ1YyYwd9rc78XkA4wrcakI
twYoFFpr6Z8xEOz1+zpWyV3sKTajm6wdaz/n4KFQXkHkzRHlooEH5RkyNo3oFwkm9fq4viUg74Df7zh6mVS3BzzkO+szvhlbrmqb3VNUeGMxR18JYKkX
jWHni8uTt4jcBuaSoeWxgwmolgcoHsT9vHZXDd0cT7SW8v861m+7J0805L5GadCCwIoqTJux/ObcOnWnSFo1hsvM4O2uoou8bCWBGluuB2epEg==
socdVBfCjNdpImsU9lJWSeLtp8vM2q/NTHCZ3o2Zlh+BiFMrOypK/N6fylQ3YA1MI/aJy9PpxIZJqf15c6xOiX9NXzrI/O6fZPiAdBY+o3dYbGzUOcVATGHUa1J8v3aEj5a86+2YsxhzXaks
nUrLfuKQeP7enoAm4L8aNEpkJH2bwH6ZnVKJ9N5L+0LYDXr6+JK0lM/Zk/mlUQdpL3EEhZSQVbt4zQ4tmaJSRSQ3BS4RyvwG2aCTOBvfXHKVdPtP2HS/c+p5RUKqer+Vn7T065W3G3FcqSs=
ZGnkeeCstZlGvM4Q3K3relo47Mk0EPX7WM1ubXkiMoUENyXusUocxrmgc3h7X/wytXTbDzj037MKeGWCCvofVf+0FKv1N7sxfKkL
vRb/tcbpwD/o0zQTPTpTM2bnwFPXuOUHbWZJcYxNMQ0DfMPs+K4kZD1p4MkbvZXmMSlfauAhjqePqmNiHtKT4Nns+fcudp9k0SvqvH0ng9+v1ijyDXE15L4vZ595ZVapIQ==
Dgo1j1Pq3jHSedQ9AJcTspxSyUIVlGAA8K8nECKH+o7WUUkCHIXyyIN3zq24oQ86NIniB2MCF9Lqau9gJVSNR9re88Q9g75sqX/fHnOOfCLZGRkEkkdTb00daqkd
Eg1pZVRg9ecdtAliN0sSF0pkJH2bwH6ZnVKJ9N5L+0LZDXr6+JK0lM/Zk/mlUQdpL3EEhZSQVbt4zQ4tmaJSRSQ3BS4RyvwG2aCTOBvfXHKVdPtP2HS/c+p7RUuter+Vn7T065W3G3FcqSs=
Cbq56t7nwMQQPQOm8QH3llo47Mk0EPX7WM1ubXkiMoUENyXusUocxrmgc3h7X/wytXTbDzj037MEe2WLDfofVf+0FKv1N7sxfKkL
LeT/97+ApFfNx3fb/8d59n80moAvmlA4RXd3TE38wrpQCxxR3NrPgW3wF/hWvqfW5mOjCy8YPPL2hUgOQAayoCv9JMq8Fm2reLZtywmAsQYeLhMQDIlZVmtCH2upHg==
GxNXUXCP5qtOtzikWdLEmCmNl7kFDfWhngF2FGDJyKZng2sqMIH+Jx/K06JO8mPgqcwpt56WD+Qhi7p8TUeT2b//37JdkYVkLo8XX6kFZqkR
25KjiXFNRLOX+SK3V3jt2SYN/h4Xj/aO4fCevQeBv75gAN6LvFQA0N4is4Pg4MwQUfmwGPk1qTZ9ZCYwd9rc78XkA4wrcakI
8vsjCZgHFwW6/xt/D0qpBiYc7x4Xj/aO4fCevQeBv75gAN6LvFQA0N4is4Pg4MwQUfmwGPk1qTZ9ZCYwd9rc78XkA4wrcakI
RbQNlUm/4zkWWcMuWwgLF2bnwFPXuOUHbWZJcYxNMQ0DfMPs+K4kZD1p4MkbvZXmMSlfauAhjqePqmNiHtKT4Nns+fcudp9k0SvqvH0njtmv3y/yDXE15L4vZ595ZVapIQ==
ETEUj+TqaZX3E7fNEIYtGkpkJH2bwH6ZnVKJ9N5L+0LZDXr6+JK0lM/Zk/mlUQdpL3EEhZSQVbt4zQ4tmaJSRSQ3BS4RyvwG2aCTOBvfXHKVdPtP2HS/c+t4RUuter+Vn7T065W3G3FcqSs=
jBYnFto0aP9E0E566lALOgNH87IZJmCX/Ixl7137F+KmswN7r6hcIjb1aB5AFpLQ6y1EejxmzXs4ho3SCJDRNt5+s+CMObkGK7I/e6kO
TIf9qJnKwmVvczone65JC1o47Mk0EPX7WM1ubXkiMoUENyXusUocxrmgc3h7X/wytXTbDzj037MEeGWLDfofVf+0FKv1N7sxfKkL
7uRKwU3c10nEa/7vBfFM2960KQs81oq1NFEAyOrnZSOxgUArZQGjWuw5mse7Ui8ywnrnYC1EpSfiDquExTPmjAEPVp/7N5OCgemhREqXK0+lDWKpFQ==
yoDAfICrnRc/iBWwuoZYkkRuiIciJQHKHEOyu5Pb0r4EaFWO/uUQeaQV/2A3rrsHFmZiRI3jTiz5n+kZg6Yr4mm56YQCpwMvvT16qQ0=
aO7sbsd0WUm+jRmC70toOXWCrayjvcwyaMaBN4lnSGiEUFASAGPc762lkk5KWBn/W/ZMb3Zr3JQYWC1OJnWomexFF2BffnNnrvY6BHXTVswx70KY6xbjwnFJ0cTaN3uPdW1SqSU=
vK2kAqWA9PbloipR5ru3Z/ni0G1WnfHxW1lJ9KWZdLcwHD+XWd+g9Q5ylo//E2VZC8CATnyAQ9Mw1azsSf2gdBFj6OoEgJa8/658U50gU6ADZakU
EmkZj9DFLsggXW5/jYXOj0YS77JQJSPErMBg5V6uR+amswN7r6hcIjb1aB5AFpLQ6y1EejxmzXs4ho3eCZDVNt5+s+CMObkGK7I/e6kO
XDd/hSxfhrL+OncXKNX/1k9/I2aZwHuCn1yM79tF8lreDXD1+JzyxJOLhfrgEkN5PTgYwcfAGb5yzlt9naJSRSQ3BS4RyvwG2aCTOBvfXHKVdPtP2HS/c+t/RU+ter+Vn7T065W3G3FcqSs=
w1gyJpJiRkmkqUrKkjLPxWrRw+RRGrTkjQkwCWudheYhyW8qMIH+Jx/K06JO8mPgqcwpt56WD+Qhi7p8TUeS2L/537JdkYVkLo8XX6kFZqkR
Nq1qotmH61GYsoX7W2rjMTStjFT96TwMPZztxjpqKSL12d5r/3lAJu/z84pYUUZnx/q7Qnbia+Ch3BHXdqZXJJnbUtzVtxtfN0lHUvXBfSR2fz9/URVuqRk=
NSF3FsipjntxGe2uc4d6jyYc7x4Xj/aO4fCevQeBv75gAN6LvFQA0N4is4Pg4MwQUfmwGPk4rzZ7ZCYwd9rc78XkA4wrcakI
xhZfOefWeG1UqgxkkYxzDnOAsKSysZJ8NZ+RP415VWG7EUILC2Lb9N/xj1UaAFW6HbFTLjww364VDhR7ATrx1bhiUjYKcjB4qeglBHXTVswx70Wb6xDjwnFJ0cTaN3uPdW1SqSU=
/veiumxjnNy8eyy7BM/lKnOAsKSysZJ8NZ+RP415VWG7EUEpPV+O9Pnx0A4LH0rnU+hNKgZiiI9QSzFHGjrx1bhiVj8ddTB4qeglBHXTVswx70qb6xDjwnFJ0cTaN3uPdW1SqSU=
jZl/vQ/lIyBSZn2gHBlPQcYhfYohVGnbbA021jyLTGCxiXBoGUKpRpoU5kCXqlyfJZTD/MsBqXg=
E1bG7zJUeXvSEYZhd6PTGkYGYZefz6PIabVfYhaPlQZiWYQjRUmEslDqTaYS1AdnzKQLC0e5KXRZKit9I9Tow+EHjylwqQc=
rGEDWTKsBsZ4a3JX+YpbgN/4HE0f4CfpSN4FZfTceJ3Rh5cfel1/pPO+yZYeVCi1nzh2pLPA7mGvBR9yGBTO93TwgHwGVoOfiCQsnOkt4CTxVera7dDWbF/e/KM9cJNwY1WpJA==
R5n8cs0YKxrHnxU8CRCLC7PEch7873tez0PUSLWXQFLgB10BF53+w/cuT0hZBIr60A/zntZGF75Gi3NTb8Ds2patuDZAPkKIS9X0EvxOvUPY3t03ivgJ7r5GQ8jM0Ql+i2pvU6km
IDtUz33oxNn5YmSYg3sWJhls+7TUWeNmmVmHSugxtudXGuuCpoJ74LE8QZemxsek6TvinCXXKllHZ3cSBWHNpObf7z+BNX6pCQ==
8j24gkxcl0BIMx18CtUIHDkIkrZg42syFmoPUnbH698PDDTWpkHgmsCSGmR72SzenMIlD+gyxRZJVJECDgpbxKwd0fI7hjd/qQo=
9/s7EaAAD+5aZe7uZSXT9icQx7IOXAh9z5D2DOMIzmm/LV/aiJxuPyTYgFRWniMXGIxstPklwOyh/WhyvRj2ZE/2vAut+DO4M32pDA==
FneVjrcaRo42P0LYF5bs0ThXib4OXAh9z5D2DOMIzmm/LV/aiJxuPyTYgFRWniMXGIxstPklwOyh+2hyvRj2ZE/2vAut+DO4M32pDA==
qdPO914WJfVT+9raCNP/GhbSBF805aItd9O0rJ+sQI3WycaqBjM1bbaxqeiZfOZN6UbTjTXCCvXc911+KSrUFtGgmygzv2SiTTSD/wCUFwNk+83yxdpnZSf0rDttl3NhVKkj
2/Uyxs/6FJPy1AdLnsTfhz+Kh6QTSeTozh85E33JhOshyW8qMIH+Jx/K06JO8mPgqcwpt56WD+Qhi7p8TUeT27/237JdkYVkLo8XX6kFZqkR
SgfLBP2P08bie7yuqP7+VRbSBV805aItd9O0rJ+sQI3WycaqBjM1bbaxqeiZfOZN6UbTjTXCCvXc911+KSrUFtGgmygzv2SiTTSD/wCUFwNn+s3yxdpnZSf0rDttl3NhVKkj
5SOJMQBqsT42/sp7kbxvcD+Kh6QTSeTozh85E33JhOshyW8qMIH+Jx/K06JO8mPgqcwpt56WD+Qhi7p8TUeU2r/237JdkYVkLo8XX6kFZqkR
Xtq9HBlyC2CFV7Q1MfDEo/YPsEfaTK40u/5weZ7BCsmxoHlylT8Yemw0Y79gFLdDh/rtOaRaxyUH9Mz7zReTIXSpAw==
t9IplBhPVJxSaD7738B6rku062ufJd1RyC+yNGbt6y19s2cWQByY7stprDP8Ln2jWH4dVooYQ08+JgMozPHJ3guKL3OpBg==
5rKMC3s1DFr5qHyQ2ie4TdbJwajBZn3y7oVmrWb2pYXBFmENzQkIEA9839vZyNy1dTFCdrXKFmz62y6OSPDR7rodHGl43Zvg0+bnFxoepqQJe4IchZcMWCctlpKloe2kxh+Pv2F1Xqkp
risZR3mWt8lnblv2eJg+KkZuiIciJQHKHEOyu5Pb0r4EaFWO/uUQeaQV/2A3rrsHFmZiRI3jTiz5n+8eg6Uq4mm56YQCpwMvvT16qQ0=
LXTr6zcAHPVVFw1+KFTeThl77bqGCfovmlPIRKwwse5aXbzp2J174LMmR5e63sak6TvinCXXKVtHbHYSBWHNpObf7z+BNX6pCQ==
Ge/sa1oDcVfhI2hAHaWnsAD942efJd1RyC+yNGbt6y19s2cWQByY7stprDP8Ln2jWH4dWosYQk8+JgMozPHJ3guKL3OpBg==
Pw0D0qFPaV4nMZtJnVa0sBlT97cZPmHfrIVs4h+tTamo9wJ8pqUbdV2Ldx5AFIjW6zFcezxmzXs4ho3dD5DSN95+s+CMObkGK7I/e6kO
Rawjkd+ifmWr52H7Owx+Wfni0G1WnfHxW1lJ9KWZdLcwHD+XWd+g9Q5ylo//E2VZC8CATnyAQ9Mw1azsSf2gdBFs7uoGgZa8/658U50gU6ADZakU
AwgoK+Qb+b8MOiMR1jGRSA2ewy7QctQXm2e4PG6j4S089FFSWkiV6tFhsyP8Ln2jWH4dW4oYRU8+JgMozPHJ3guKL3OpBg==
3OYJu5G/mj08wqS9bRyv6009y4BfsXEuGi5DFjGczuFAVXmBjHjJ3trEDXVuyTHPnMIlD+gyxRdKVJ0DDgpbxKwd0fI7hjd/qQo=
70KQxhx55Cs4tYm2ZXyUadJ4EyYSiiqIaWNhRrfrZyCI6jCuwng7HVbV6MvIlkdgdz9DC/t0/1Ee7Ezr+W25+BdcfDgBCxj7n/LLQeQiaqCc4mWvaJKF+kk0XaOOqpvkrP0Rkrtmd1+pKg==
ZerC6QoYaGRA5pSc+ul/nku062ufJd1RyC+yNGbt6y19s2cWQByY7stprDP8Ln2jWH4dVYkYRU8+JgMozPHJ3guKL3OpBg==
wAJciQZugLPYHZJO3+hKEEFuiIciJQHKHEOyu5Pb0r4EaFWO/uUQeaQV/2A3rrsHFmZiRI3jTiz5n+sYg6Mq4mm56YQCpwMvvT16qQ0=
38vDJ1VLxKZUSILBGb7bZfHb7eL04pl2SCbCrKt5Zh+axqPCYM//24Fr0CmmFjYjh4f1JYNEAMLk9PNPWHFMgPEp8MjZKagmWbVm4NdKXH9lNENcC2GpGA==
6JQLbzcqOTT5Q0SlbA1RNmZienNbvcStfjo70NmGMTcMLZx6nzU9AQif0sTmXUtdveNHBkAMuL4LGQyDfN4dE5gu/UuOCCWffpbjWExBaS5LWg9jqRY=
Ut2YYqPh9l1VZI1KNhBpNE2qJzywm/wGajrn9asRT0v40Fiqqc8E71Y8cozvHgRhopHGoSUg7ZrZ7yRimFS3BzzkO+szuxlWqGqb3VNUeGMxR18JYKkX
FxyR/HogiBEidHEgEwJEK6+R8gL4kCBtvYq1CXMCE9msvnQkJwdlinKPSBfibKYkk76YCRZhUjmpoGECTZ+QigT0S69oNI+T/n9Vblw6zzVvNGRLRXdLEWypGw==
XWLyNPIZ7DfiiPzcRGh2sEu062ufJd1RyC+yNGbt6y19s2cWQByY7stprDP8Ln2jWH4dU4oYRk8+JgMozPHJ3guKL3OpBg==
XjjFsSNhrSwl0NJFmIZQFV2Ti6ZjHV2nu2bzNhRPMDi4Fq48p95MMVqx7lE9IPXq8c9cslAUf7dkBJN7zjqhxMDKQ62blDCzCSe3OXipDw==
APaN4XfVrgyzsvXrdhNmGM1G6wucBqo0u/5weZ7BCsmxoHlylT8Yemw0Y79gFLdDhPntPKRaxyUH9Mz7zReTIXSpAw==
gZXNo/LGu3Cq+jz80n/TTjkekrBm/WYxDC9PGHCO/dhAB2/Cxj//msCQAGJ7xTTfnMIlD+gyxRtJVJ4DDgpbxKwd0fI7hjd/qQo=
SGgtVjcBjyc7KjGae74/dR9x59hnWrCwQtx+fTcke5MDeC61pSpi2bmgcWJ9X+AqtHTbDzj037MLeWWMDPofVf+0FKv1N7sxfKkL
akwLZ7uaD11HT2zqBVK0BeYzPjsGIjQIJ98dWMe5ixJMBfdgP77T5062WgRVk7ZMUS9nmAtQQkLRCTHE+vfbD5UtcqkF
KwOCYKxrdRvdVQupjonsoU3r2UN0Ds2oqzVPG8AaG7Wb8v861m+7J0805L5GadCCwIoqTJux/ObcOnWnSFo1hc7M7uuuoou8bCWBGluuB2epEg==
Jhcmt5ObBXtCvDVWyH7JPAsaftAjqWfd+6sJAZ/jLXtJoOknFOlGGnRfLHypjWBEMX3u+iKxVswfPvzD/dATkCN1qQQ=
g+XSemd1Hyp3nSctMWj4IsYhfYoiVGnbbA011jyLTGCxiXBoGUKrRpUV5kCXqlyfJZTD/MsBqXg=
N7nWbvMilRJ/hCw8oNU37wsaftAjqWfd+6sJAZ/jLXtKoOknFOlFGnRfLHypjWBEMXDr+i2xVswfPvzD/dATkCN1qQQ=
geOKjUP2nmnNge7Bsif7ZZSWBFeF3f4aqRkoy30scFUcUoXfqALlKEtksTPOWvtULI0xovv21w+peg==
Repub18VZP/Aho7OTPPwfU3r2UN0Ds2oqzVPG8AaG7Wb8v861m+7J0805L5GadCCwIoqTJux/ObcOnWnSFo1hMnM7O6uq4q8bCWBGluuB2epEg==
BFLuGA5psnpp6dcn93YKYz+Kh6QTSeTozh85E33JhOshyW8qMIH+Jx/K06JO8mPgqcwpt56WD+Qhi7p8TUeT2b/627JUkIVkLo8XX6kFZqkR
Mdf4j4poq+6pW65tnMfFueHB/ODj8Jl2WDzA/v97YE+Fyr/YN9O72Isk3m2nET8uwNCeW5xEAMD+8vNTQHBMgPEp8MjZJKgmWLBm6dZKXH9lNENcC2GpGA==
+588fyvitWQ22WRbX+T41d60KQs81oq1NFEAyOrnZSOxgUArZQGjWuw5mse7Ui8ywnrnYC1EpSfiDquExTPmjAEPV5r7MZeCiOihREqXK0+lDWKpFQ==
YdA8zR4Mf7TrpK9JujfisGvQwuVRR6Swzg84En7JhOshyW8qMIH+Jx/K06JO8mPgqcwpt56WD+Qhi7p8TUeX2L/527JUkIVkLo8XX6kFZqkR
Fpq5Y4fdzCU1J4aQi6ecsGvQw+VRR6Swzg84En7JhOshyW8qMIH+Jx/K06JO8mPgqcwpt56WD+Qhi7p8TUeV2L/527JUkIVkLo8XX6kFZqkR
g896H4/D9Kyf3/1eEqpZQ66pjzEMi66+BRZYo62fbud/F3uUU5CusQ91n4K4RA4nFMCATGaGQ88o1KzsSf2gdBFi6+oChJa1/q58U50gU6ADZakU
nVnODK6C2jt0YVmGcKJeiq6pjjEMi66+BRZYo62fbud/F3uUU5CusQ91n4K4RA4nFMCATGaGQ88o1KzsSf2gdBFt6+oChJa1/q58U50gU6ADZakU
DGXcr7VelKQ3bit0bq1O0Yjgbk5wzsjqc0NJkOr3ZCKygUArZQGjWuw5mse7Ui8ywnrnYC1EpSfiDquExTPmjAEPUZr7MJeCiOihREqXK0+lDWKpFQ==
+10y/WY7pAaGj4zs78r2NEgS77JQJSPErMBg5V6uR+amswN7r6hcIjb1aB5AFpLQ6y1EejxmzXs4ho3SCpDYMt53suCMObkGK7I/e6kO
7T1E0QWCNh05YgqKSdNPzwORvYRbICDLj25EpsRHPlAbXH7F18n/ZhDo/rOsXADI7grTe7AoDEihkRCgabgprsTIxkGmkpw3tQwjtDt5qRA=
1Hw62tpVPWsslrJXs78aJVLsNjyvi7kCJGHn8bFYVAnj0B2mro4H5RkyNo3oFwkm9fq4viUg74Df7zh6mVS3BzzkO+s1uRlarWqS3FNUeGMxR18JYKkX
IrpIxKW44f1WmQLEW6oG7a2z+ZFPldx3EzJkgQMozAdpW7ll6LNl0ysBSL2O1steDDE9JBsAIOvPzsQGhGc+cFv8/mWX6f9GUEh+E+x8AOiuqlPb8AgMaOExkAApkSuOjWlG4eaynBf1rKMUe1mpMA==
0AtRzS4M8aGYS3ksufeIbnOAsKSysZJ8NZ+RP415VWG7EUIpPV+O9Pnx0Q4LH0rnU+hNKgZiiI9QSzFHGjrx1bhiUjYKcjB4qeglBHXTVswx70GZ6xfmwnhI0cTaN3uPdW1SqSU=
X9lop5B39cw2eUgaao/L/nOAsKSysZN8NZ+RP415VWG7EUILC2Lb9N/xj1UaAFW6HbFTLjww364VDRR7ATrx1bhiVj8ddTB4qeglBHXTVswx70aZ6xfmwnhI0cTaN3uPdW1SqSU=
/RfDbXtFQdWiVzxwv1dtUQ40981yQbnpX8Y7PX0iMoUENyXusUocxrmgc3h7X/wytXTbDzj037MLeWWLCPoWVP+0FKv1N7sxfKkL
N+I7RgIZDViwMCf/z+lGnK2z+ZFPldx3EzJkgQMozAdpW7ll6LNl0ysBSL2O1steDDE9JBsAIOvPzsQGhGc+cFv8/mWX6f9GUEh+E+x8AOiuqlPb8AgMaOExkAApnCiOjWlG4eaynBf1rKMUe1mpMA==
Q8ioGXFJYFAyE7DwDBrPCFzjc3ry2bATbSGi9uJUW0X20R2xo4YH5RkyNo3oFwkm9fq4viUg74Df7zh6mVS3BzzkO+swvxlTrGqS3FNUeGMxR18JYKkX
A5M4o4w2J2qxyKyMWDxTEzStjFT+6TwMPZztxjpqKSL12d5r/3lAJu/z84pYUUZnx/q7Qnbia+Ch3BHXdqZXJJnbUtzVtxxeN09CUvzAfSR2fz9/URVuqRk=
Tp6Zgm9eqVx/fD4I6CPYNTStjFT96TwMPZztxjpqKSL12d5r/3lAJu/z84pYUUZnx/q7Qnbia+Ch3BHXdqZXJJnbUtzVtxpaN05CUvzAfSR2fz9/URVuqRk=
UDqbMSIDzEeNNgDAnPHb8vzKpg3tj3Youoy/GDATWo2pvmw/ZBxo3SKGDVepYuIllLeVTkEKLCapoGMYS5+MkgX0S69oNI+T+XhValg6xjRvNGRLRXdLEWypGw==
ToICmHRIgsQA6Up6Erwr7CYc7x4Xj/aO4fCevQeBv75gAN6LvFQA0N4is4Pg4MwQUfmwGPk2rzZ8YSY5dtrc78XkA4wrcakI
p0fQ25DuphHgZZF4A5NpisYhfYohVGnbbA021jyLTGCxiXBoGUOqRp8R5kmWqlyfJZTD/MsBqXg=
Lx8uAJ9fOYoG3yj8nlR74w3T1mdvm80DudjpX+SRpmKEJ+wEWfWAPMEIaoLXzba97kY8uw2o8+jTDal8
iOwude/Xdl/TDtjbEc6d0hMk0ZNgYBbFExGnpt3agb0OJluB9uQcMr13jwlO5uJCL0J4RI3jTiz5n+sZg6Uu4mC46YQCpwMvvT16qQ0=
QNRXX6WOCm6EGPTF9c3d9IurxIbR9VSeyUFCtaY+jeKp4VgjHsQgjVyK1XcIqlWUydwLn277Kgzs1eHKG54nd6kC
pEH5k/VSESr7Zg9KUzga1fQkNj0XIi4TPN8UR4iy2BFeZ4cJRvaKoneSQARVk7ZMUS9kmQtVRkLYCDHE+vfbD5UtcqkF
nbiO+VF3O90WN1xPl6gzXPQkNj0XIi4TPN8UQYiy2BFeZ4cJRvaKoneSQARVk7ZMUS9nmAtVRkLYCDHE+vfbD5UtcqkF
RqXs7TkVUdGTNqt3A9Lbxt60KQs81oq1NFEAgaPnZSOxgUArZQGjWuw5mse7Ui8ywnrnYC1EpSfiDquExTPmjAEPVZ/7NZaCiOihREqXK0+lDWKpFQ==
d0nhJtzBx0xSsJ/Iwdlidd60KQs81oq1NFEAyOrnZSOxgUArZQGjWuw5mse7Ui8ywnrnYC1EpSfiDquExTPmjAEPU577NZaCiOihREqXK0+lDWKpFQ==
V8hTK17AZc1+gxRY4ftiaev00HMZzuz1VEwIo72eb+R/F3uUU5CusQ91n4K4RA4nFMCATGaGQ88o1KzsSf2gdBFn7+oGhZa1/q58U50gU6ADZakU
ATLXuz2UdQAFCwlfO4CMYFpHvFtyAnqE0nLilnpn4+E+hXgJ6k/q0409BkkZl+D/hPu3zEpaKzQ8pGMWVs6HBibTw5uviJyCtlWoPkA2UnBrjYRaPIYNG7hmTb0KcJVTXpfygIwZ+aarEn9bqS4=
4/VSxwmqEcCqHAcJhe1o81pHvFtyAnqE0nLilnpn4+E+hXgJ6k/q0409BkkZl+D/hPu3zEpaKzQ8pGMWVs6HBibTw5uviJyCtlWoPkA2UnBrjYRaPIYNG7hmTbgJcJVTXpfygIwZ+aarEn9bqS4=
2ELwJNknYgixdwWeM6FmGuYoJypVIXMaPJkKR8vyn3IyGvdgPaTV51KuWwRVk7ZMUS9nmQtTRkLYCDHE+vfbD5UtcqkF
EhLWCwlfgN+YutBx7BjEYhec0ykjzK5vxKiAJLbO40e4POwEWfWAPMEJaYLRzba97kY8uw2o8+jTDal8
fHAu04GirNIW3vHSqOWpBBxVMZURW5KdfRrAbg0gx9Anj7DKwZTPFzTE45vfObHn9IqazGsUoBO55+fZCKl/
MFwIPBDHGaRtvrK3s85MOlpHvFtyAnqE0nLilnpn4+E+hXgJ6k/q0409BkkZl+D/hPu3zEpaKzQ8pGMWVs6HBibTw5uviJyCtlWoPkA2UnBrjYRaPIYNG7hmTbIJcJVTXpfygIwZ+aarEn9bqS4=
bEIveKdyexZf4R+MaopViRzF/M1DfjrUx35UoodUNlAbXH7F18n/ZhDo/rOsXADI7grTe7AoDEihkRCgabsorsnJxkGmkpw3tQwjtDt5qRA=
Xv8QsvBN25oDaXWOVdv9i/nZ6loMMIKRy2Ivmd+wxS35RsOtxYJaVUx37Z6ZagQ2oaBrCGN/1ML9tBNf0FRnI3L43R/wmr6Et3Rcmx1XowFkqRM=
9YfYMZUP/8QMhfgNBBjmlGXehrgIBbnynQ01GG/Jm+YhyW8qMIH+Jx/K06JO8mPgqcwpt56WD+Qhi7p8TUef2L/72rJUkIVkLo8XX6kFZqkR
2mKB3e4g0KwANW75W4QJn0Q7cixRb2VsTeKIu1QfP7jqruNQLKCLIhZ6b4K2twtvj/yUZmYRwIrAgjo0u2mMLhxyxX8o4qUNT0R9V07zOnQsbXFCe1YXb6ka
3+X7HJ9B2ZqgMjLJfzQEPCl22U3Optnx4e7NZAQhzJGLylo4f/rEHu+A9hzDeA7Z373fSmgsLs8EyIBEdm5jp/gc7CSZlQCcgepvYpFtNt0uZjybTUhzSBNtqRw=
R96iEUnNNMV+zg3cvDLF+xjcQBhpufdsd9G6+MP9CtOXjZu6XHByMbviv/mPcPVN6UbTjTXCCvXc911+KSrUFtGgmygzv2SiTTSD/wCUFwNk+83+wNpuZCf0rDttl3NhVKkj
/cXbq/6ISaF9XstU2UN/XkQ7cixRb2VsTeKIu1QfP7jqruNQLKCLIhZ6b4K2twtvj/yUZmYRwIrAgjo0u2mMLhxyxX8o4qULS0R8V07zOnQsbXFCe1YXb6ka
003VB0djfeaD+0aR9bcWICl22U3Optnx4e7NZAQhzJGLylo4f/rEHu+A9hzDeA7Z373fSmgsLs8EyIBEdm5jp/gc7CSZlQCcgeRrYpBtNt0uZjybTUhzSBNtqRw=
TsWjCj02eurjENYp+HpI3L+R8gjrnTIjr42jSmQQWsHzoncpJxBt3XHGSx2tYuIllLeVTkEKLCapoGMYS5+MkgX0S69oNI+T9HtVblg6xjRvNGRLRXdLEWypGw==
T5IAE+9N5lCJ6d2xYN9LWANb46QZaifbvMRtq1v6F+KmswN7r6hcIjb1aB5AFpLQ6y1EejxmzXs4ho3ZCpDUM953suCMObkGK7I/e6kO
uQtmviI+HbmJp0NFqhdVDVLsNjyvi7kCJGHn8bFYVAnj0B2mro4H5RkyNo3oFwkm9fq4viUg74Df7zh6mVS3BzzkO+s3uRlWrGqS3FNUeGMxR18JYKkX
sHU8yGXoPLPhO7+38qdJ6bi25YpKicJsFiB6mgA01AF2Q6Vk76I/kn1YSL2O1steDDE9JBsAIOvPzsQGhGc+cFv8/mWX6f9GUEh+E+x8AOiuqlPb8AgMaOExkAApmC+OiGlG4eaynBf1rKMUe1mpMA==
PWmqta768BlvMsS1Ik39VVLsNjyvi7kCJGHn8bFYVAnj0B2mro4H5RkyNo3oFwkm9fq4viUg74Df7zh6mVS3BzzkO+s3vxlWrGqS3FNUeGMxR18JYKkX
G2XvncngHK1xMl8q22onTSl2nx7FvJjh5uLLclR1jdiTlEAnN+rUGqyT/hzDeA7Z373fSmgsLs8EyIBEdm5jp/gc7CSZlQCcgeVvYpBtNt0uZjybTUhzSBNtqRw=
oZQZn7mEKiGN2hBtBEeU62mI2mKQvFSZxqtF3L/qf0qNcGjFnt7LRjxZXRzLyOCzv2Zk/hTvvujrFB7dx6G/nqBgXmv8dADwnsIz4yDAzDCRmTD4uRiuFjiBplm2+tzPBYSDbGtRqSg=
jcmceNr9U6JdqTjslOvwIVLsNjyvi7kCJGHn8bFYVAnj0B2mro4H5RkyNo3oFwkm9fq4viUg74Df7zh6mVS3BzzkO+s0uxlVrGqS3FNUeGMxR18JYKkX
RmR6OGxmKUS7laCyB0bb3KCDqwL43CIko4u1GjBRE9mtuGhhNwBpnmLOSx2tYuIllLeVTkEKLCapoGMYS5+MkgX0S69oNI+T/XpVbVg6xjRvNGRLRXdLEWypGw==
NM6VfU6onJLmglRqU1ZUZVLsNjyvi7kCJGHn8bFYVAnj0B2mro4H5RkyNo3oFwkm9fq4viUg74Df7zh6mVS3BzzkO+szuhlVrGqS3FNUeGMxR18JYKkX
uRQ2CcndvzuDMeyjnfpvHBjcBF8y5aoqZs2opYC8GtSbi43qCDE7KeX4oLGfYPEO+k7TjTXCCvXc911+KSrUFtGgmygzv2SiTTSD/wCUFwNi+s39wNpuZCf0rDttl3NhVKkj
WAQ3ZCX7J/POkZtv1jmfdFBMrkB3HmSazGL8iGx59eEhk3wB9V2ni8A7ClRLwLCrxbKvklBFYyQsoCAFXs6HBibTw5uviJyCtlWoPkA2UnBrjYRaPIYNG7hmTbkJcJdTXpfygIwZ+aarEn9bqS4=
91tSQkXJUqTtpaxCYx6ymOpUmc91Ci8YnS45PCpDPN1ENki95nlOBHRIFQsDdmaJ9fWriI6tcVj/EtSu/dF7euQpcofT4qeSukofYFV0XYdqvkNErSPurFlfyBljYU5igPiJhOLno68dfVqpLQ==
JWcUsF1IVwGfFG8BuPWRWE9/I2aZwHuCn1yM79pF8lreDXD1+JzyxJOLhfrgEUN5PTgYwcfAGb5yzlt9naJSRSQ3BS4RyvwG2aCTOBvfXHKVdPtP2HS/c+h5RU2oeraUn7T065W3G3FcqSs=
bNd1Azh3y4xCwRdlC0V6IOv00HMZzuz1VEwIo72eb+R/F3uUU5CusQ91n4K4RA4nFMCATGaGQ88o1KzsSf2gdBFn6OoDhZa1/q58U50gU6ADZakU
miVsV0jwh6Gkz99I3iIf1a+R8gjrnTIjr42jSmQQWsHzoncpJxBt3XHGSx2tYuIllLeVTkEKLCapoGMYS5+MkgX0S69oNI+T9XhVbFg6xjRvNGRLRXdLEWypGw==
0LagaWkdnFGNR5iyYAHxbFyC37pkUVP9pGDxO1gLKyW1Uu49oNdBdg3akE49IPfw989AqlEUf7dkBJN7yT+hxMTKSqyblDCzCSe3OXipDw==
SbKIbzNqY17elvNAGwGpTdgTgH8Jk3wBs6IpWSGJ/oiFTkxBUcm+iMt/iqu5oQ86NIniB2MCF9Lqau9gJVSNR9re88Q9g75sqX/cH3OAfiLQGBkEkkdTb00daqkd
E+tz74BzO3RZckjRCfc2QANb46QZaifbvMRtq1v6F+KmswN7r6hcIjb1aB5AFpLQ6y1EejxmzXs4ho3YCpDZM953suCMObkGK7I/e6kO
+rl7bBVQDlGUIMUBn0nUFkk7cixRb2VsTeKIu1QfP7jqruNQLKCLIhZ6b4K2twtvj/yUZmYRwIrAgjo0u2mMLhxyxX8o4qULSkRxV07zOnQsbXFCe1YXb6ka
sdW/DAY3UWtQMInBDsN6HVyC37pkUVP9pGDxO1gLKyW1Uu49oNdBdg3akE49IPfw989AqlEUf7dkBJN7wDqhy8TKSqyblDCzCSe3OXipDw==
pTTb5lwKQL75BXvB9U+z0tgTgH8Jk3wBs6IpWSGJ/oiFTkxBUcm+iMt/iqu5oQ86NIniB2MCF9Lqau9gJVSNR9re88Q9g75sqX/aGXOPfiLQGBkEkkdTb00daqkd
2s8dUt5G3uMBmjsLdEkQlgNb46QZaifbvMRtq1v6F+KmswN7r6hcIjb1aB5AFpLQ6y1EejxmzXs4ho3aCJDZM953suCMObkGK7I/e6kO
AvX4lG/QNG1/B8vfu0mWTKD23G0Uyez5WwIa8K+SZPZ/CHaUU5CusQ91n4K4RA4nFMCATGaGQ88o1KzsSf2gdBFh6OoNhZa1/q58U50gU6ADZakU
qXa7efLY/eL9fPQbytNONfmcqloMMIKRy2Ivmd+wxS35RsOtxYJaVUx37Z6ZagQ2oaBrCGN/1ML9tBNf0FRnI3T+3RPwmr6Et3Rcmx1XowFkqRM=
AP0bq8NUtv5cecckqKWbJ2+7dsZb5tUa4JkrILmcpkJoAEbZl4KTEVsgoZU1Bo9V4ZJeXTBXMdbdmqCuLSDnkMcPEAqhlO9X1ERDW747kaoUCjoMCxSAU1lnRxloqR8=
ySJVh8p0h2zlwp1w0pQNkgPU/YRbICDLj25EpsRHPlAbXH7F18n/ZhDo/rOsXADI7grTe7AoDEihkRCgabsqrsTJxkGmkpw3tQwjtDt5qRA=
R1sWwmzSy6ENeLIf++0zEOv00HMZzuz1VEwIo72eb+R/F3uUU5CusQ91n4K4RA4nFMCATGaGQ88o1KzsSf2gdBFl7uoMhZa1/q58U50gU6ADZakU
tZLaAvVyKwrPHCyJgPJkZl3jc3ry2bATbSGi9uJUW0X20R2xo4YH5RkyNo3oFwkm9fq4viUg74Df7zh6mVS3BzzkO+s1uxlTr2qS3FNUeGMxR18JYKkX
4grQyaO+z95ArGbf7o5MKTStjFT+6TwMPZztxjpqKSL12d5r/3lAJu/z84pYUUZnx/q7Qnbia+Ch3BHXdqZXJJnbUtzVtxpaN09BUvzAfSR2fz9/URVuqRk=
28sSKSAO9xLV5AbCAFtA7hm/Kznviq8XZzCmpbVeUFewzBzl7sZBrx0yNo3oFwkm9fq4viUg74Df7zh6mVS3BzzkO+sxuxlSr2qS3FNUeGMxR18JYKkX
mPBUFhp3PgV0JLvYYJYa42IjhE2Y9Mjg4P3eOlcm2puEhgk7c7nIEe/TtlqJfA7Z373fSmgsLs8EyIBEdm5jp/gc7CSZlQCcge1rYpduNt0uZjybTUhzSBNtqRw=
jLiSD+R83lHvVyTLzJb69iYc7x4Xj/aO4fCevQeBv75gAN6LvFQA0N4is4Pg4MwQUfmwGPk1qjZ/YiY5dtrc78XkA4wrcakI
3tRPceLCmO2WMeCyqGLRxLi25YpKicJsFiB6mgU01AF2Q6Vk76I/kn1YSL2O1steDDE8JBsAIOvPzsQGhGc+cFv8/mWX6f9GUEh+E+x8AOiuqlPb8AgMaOExkAApmSiOj2pG4eaynBf1rKMUe1mpMA==
dGo/cxYVRx+j9c8bbG2a8bi25YpKicJsFiB6mgU01AF2Q6Vk76I/kn1YSL2O1steDDE8JBsAIOvPzsQGhGc+cFv8/mWX6f9GUEh+E+x8AOiuqlPb8AgMaOExkAApmyiOj2pG4eaynBf1rKMUe1mpMA==
a190wW5O0QILZLohBYYu3VLsNjyvi7kCJGDn8bFYVAnj0B2mro4H5RkyNo3oFwkm9fq4viUg74Df7zh6mVS3BzzkO+s5uBlRr2qS3FNUeGMxR18JYKkX
hMXJY+1TOIahenvLozulcSl2nx7FvJjh5uLLclR1jNiTlEAnN+rUGqyT/hzDeA7Z373fSmgsLs8EyIBEdm5jp/gc7CSZlQCcge1vYpduNt0uZjybTUhzSBNtqRw=
bkeIDPRMu84mTCpXzSNjRbi25YpKicJsFiB6mgU01AF2Q6Vk76I/kn1YSL2O1steDDE8JBsAIOvPzsQGhGc+cFv8/mWX6f9GUEh+E+x8AOiuqlPb8AgMaOExkAApny6Oj2pG4eaynBf1rKMUe1mpMA==
W8y+HOjuHLAj5lx7MYC9DWmI2mKVvFSZxqtF3L/qf0qNcGjFnt7LRjxZXBzLyOCzv2Zk/hTvvujrFB7dx6G/nqBgXmv8dADwnsIz4yDAzDCRmTD4uRKrFj6Cplm2+tzPBYSDbGtRqSg=
G0ld62HhgryRIm45LwhSaFLsNjyvi7kCJGDn8bFYVAnj0B2mro4H5RkyNo3oFwkm9fq4viUg74Df7zh6mVS3BzzkO+s4uxlQr2qS3FNUeGMxR18JYKkX
bdoc1xMuTxr1qwdWUsxv8RjcBF835aoqZs2opYC8GtSbi43qCDA7KeX4oLGfYPEO+k7TjTXCCvXc911+KSrUFtGgmygzv2SiTTSD/wCUFwNj+s34w9puZCf0rDttl3NhVKkj
inY7SVqEFwED+K4i3OfxoepUmc91Ci8YnS45PCpDOd1ENki95nlOBHRIFQsDdmaI9fWriI6tcVj/EtSu/dF7euQpcofT4qeSukofYFV0XYdqvkNErSPurFlfyxljZE1igPiJhOLno68dfVqpLQ==
90ak1O6+bc0KPSiEqzIIfU9/I2aZwHuCn1yM799F8lreDXD1+JzyxJOLhfrgEEN5PTgYwcfAGb5yzlt9naJSRSQ3BS4RyvwG2aCTOBvfXHKVdPtP2HS/c+x5RUireraUn7T065W3G3FcqSs=
AeHBya+GXOrA+iqVeI1Ea13jc3ry2bATbSGi9uJUW0X20R2xo4YH5RkyNo3oFwkm9fq4viUg74Df7zh6mVS3BzzkO+s0uBlQr2qS3FNUeGMxR18JYKkX
Ecdzdx7jLmX4ja5A1vs9+SYc7x4Xj/aO4fCevQeBv75gAN6LvFQA0N4is4Pg4MwQUfmwGPkyrzZ+YiY5dtrc78XkA4wrcakI
Yf9JlvIH/MRF4IZBjxFYh1zjc3ry2bATbSGi9uJUW0X20R2xo4YH5RkyNo3oFwkm9fq4viUg74Df7zh6mVS3BzzkO+s1vxlQr2qS3FNUeGMxR18JYKkX
yxP3NfwwRp5erFdpDa+tVE330Rd3R4Oqtn1FS8AdG/nWtLU+1m+7J0805L5GadCCwIoqTJux/ObcOnWnSFo1gs7M6uyuq4q8bCWBGluuB2epEg==
N39CPJPvM/r7pZgN/HgQtMABgGFBky8N8L1oDTiPtovMAV8OGpPyhM4xhOaruw86NIniB2MCF9Lqau9gJVSNR9re88Q9g75sqX/aG3ODfSLQGBkEkkdTb00daqkd
LRkUFx1JzWyXO7s35ALb5uaNthNYM4LdkX40j5y8wC2qBoXnwYJaVUx37Z6ZagQ2oaBrCGN/1ML9tBNf0FRnI3D73R/zmr6Et3Rcmx1XowFkqRM=
V/jeAwgNxjdaRADPoHHQXCa9igau6WwNPIeqmyA5Oy7+y9508nlAJu/z84pYUUZnx/q7Qnbia+Ch3BHXdqZXJJnbUtzVtx9aN0tBUvzAfSR2fz9/URVuqRk=
WiFL73HZi9VoJiQCq/pPYjStjFT/6TwMPZztxjpqKSL12d5r/3lAJu/z84pYUUZnx/q7Qnbia+Ch3BHXdqZXJJnbUtzVtxxZN0tBUvzAfSR2fz9/URVuqRk=
35EMmwfNtyg6Gt9LjF2ijMYhfYoiVGnbbA011jyLTGCxiXBoGUavRpkS5kmWqlyfJZTD/MsBqXg=
NhdUzw8voGf2LJp3M0Z0IUYGYZefz6PIabVfYhaPlQZiWYQgRUmEslDpTaYS1AdnzKQLC0G+KXdfKiJ8I9Tow+EHjylwqQc=
1vp2PUrvUHGwJiCCMajVsGIjhE2Z9Mjg4P3eOlcm2puEhgk7c7nIEe/TtlqJfA7Z373fSmgsLs8EyIBEdm5jp/gc7CSZlQCcgelqYpBuNt0uZjybTUhzSBNtqRw=
PpnjifdcO9qN2cqhjj+2jzStjFT+6TwMPZztxjpqKSL12d5r/3lAJu/z84pYUUZnx/q7Qnbia+Ch3BHXdqZXJJnbUtzVtxhaN0pBUvzAfSR2fz9/URVuqRk=
NcXZ/+J8nn8TgLZgEmQfzSYc7x4Xj/aO4fCevQeBv75gAN6LvFQA0N4is4Pg4MwQUfmwGPk5qzZ7YiY5dtrc78XkA4wrcakI
VVfVW3KFqEHybQsd82t1DhmqmEN0R8/wqmZTCMwYG7WR8v861m+7J0805L5GadCCwIoqTJux/ObcOnWnSFo1hM/M7+yuq4q8bCWBGluuB2epEg==
YZzjclVYggQhcP0AR3458ev00HMZzuz1VEwIo72eb+R/F3uUU5CusQ91n4K4RA4nFMCATGaGQ88o1KzsSf2gdBFj7+oDhpa1/q58U50gU6ADZakU
V2sw6vmq5R9KUDFPbW5qq2jehrgIBbnynQ01GG/JhOEhyW8qMIH+Jx/K06JO8mPgqcwpt56WD+Qhi7p8TUeW3r/52bJUkIVkLo8XX6kFZqkR
n2K0VidOhdvVerd/g4cBA+v00HMZzuz1VEwIo72eb+R/F3uUU5CusQ91n4K4RA4nFMCATGaGQ88o1KzsSf2gdBFm7uoDhpa1/q58U50gU6ADZakU
ETGVgrbbJ0nrLkwbU6iFRWvehrgIBbnynQ01GG/JhOEhyW8qMIH+Jx/K06JO8mPgqcwpt56WD+Qhi7p8TUeT3r/52bJUkIVkLo8XX6kFZqkR
mH8R6ZqhlGIGjeisBQhDkuv00HMZzuz1VEwIo72eb+R/F3uUU5CusQ91n4K4RA4nFMCATGaGQ88o1KzsSf2gdBFh7uoDhpa1/q58U50gU6ADZakU
5EDHuq4jDkotAOeiGcKOpwmrmEN0R8/wqmZTCMwYG7WR8v861m+7J0805L5GadCCwIoqTJux/ObcOnWnSFo1js7M7+yuq4q8bCWBGluuB2epEg==
5oifJZ1jggCwwG5jSwBnquv00HMZzuz1VEwIo72eb+R/F3uUU5CusQ91n4K4RA4nFMCATGaGQ88o1KzsSf2gdBFt7uoDhpa1/q58U50gU6ADZakU
253kxp69oc+CLzslFcEHXOHB/ODj8Jl2WDzA/v97YE+Fyr/YN9O72Isk3m2nET8uwNCeW5xEAMD+8vNTQHBMgPEp8MjZJqsmWrJm6dZKXH9lNENcC2GpGA==
9xqOtcHEosaUJPQ1GRaDN72rspWPCeKtm/NoRv4TVQUZmfbX6W4tfXngoq6A2zvalgLfahbf27fPpEROBjkwssC6yhzbQVx2XKoVF4gKFXDJvM487htqLOy1IWqbfmdXqSI=
IrinCY9l7XxKK00SROLCE+HB/ODj8Jl2WDzA/v97YE+Fyr/YN9O72Isk3m2nET8uwNCeW5xEAMD+8vNTQHBMgPEp8MjZKKkmWrJm6dZKXH9lNENcC2GpGA==
o59bcgW2tVgzLBGb5LJ+gD+Kh6QTSeTozh85E33JhOshyW8qMIH+Jx/K06JO8mPgqcwpt56WD+Qhi7p8TUeS37/42bJUkIVkLo8XX6kFZqkR
KILry+arnhoAaUEpHFCM52vQw+VRR6Swzg84En7JhOshyW8qMIH+Jx/K06JO8mPgqcwpt56WD+Qhi7p8TUeX2b/32bJUkIVkLo8XX6kFZqkR
Gc2Rf++/UkANHM6HPP8yzgSft4oXfXGHxXNes4dLO1AbXH7F18n/ZhDo/rOsXADI7grTe7AoDEihkRCgabgursXKxkGmkpw3tQwjtDt5qRA=
RQr1N/UFCC5M+yOAqO+xEN60KQs81oq1NFEAyOrnZSOxgUArZQGjWuw5mse7Ui8ywnrnYC1EpSfiDquExTPmjAEPUJ77N5SCiOihREqXK0+lDWKpFQ==
Nzv+A+Tu4sqVbPck5SrcZef2oNDO2qrWTn6cxYmXnweHiFkkOyQMrILN3FdkNU4IM+TA15e6lMpMo/4sI6hOiX9NXzrI/O6fZPiAdBY+o3dYbGzUOcVATGHcaVJ0v3aNjpa86+2YsxhzXaks
uD/dsgB9QJiY+favMa8kq13jc3ry2bATbSGi9uJUW0X20R2xo4YH5RkyNo3oFwkm9fq4viUg74Df7zh6mVS3BzzkO+s3vxlRrmqS3FNUeGMxR18JYKkX
eogb9+QQIJOuNt7hJQsvOw9ueX4AOit9TP7aqAoFIPD6vucTP6iLcVY8JYa2twtvj/yUZmYRwIrAgjo0u2mMLhxyxX8o4qUGTkR7VU7zOnQsbXFCe1YXb6ka
bfbuPzaPx77olJNCurd1B0phz45qM0LEHhH05pvb3/pEaVKH86JHEtoK/2A1tL0HCn5jRI3jTiz5n+oYg6Qs4mC46YQCpwMvvT16qQ0=
08/r6lBl2GC8PoC6v282JiYc7x4Xj/aO4fCevQeBv75gAN6LvFQA0N4is4Pg4MwQUfmwGPk0qzZ5YyY5dtrc78XkA4wrcakI
1kl80UGboo6eYBrbN/qBx1zjc3ry2bATbSGi9uJUW0X20R2xo4YH5RkyNo3oFwkm9fq4viUg74Df7zh6mVS3BzzkO+s1vxlXrmqS3FNUeGMxR18JYKkX
KdZZO7Lbh1k9qQQadMUHHiofg7d6/hliED4MWyvL4NAOT3mBjHjJ3trEDWZhzSvPnMIlD+gyxR5JVJsEDgFaxKwd0fI7hjd/qQo=
87ny5T57wD+IPc2ISXJvmkR1gdAieg7OHl66787Al+lYYG7Iqu8QOOMju3pjo6wSGmNyRI3jTiz5n+sZg6Ut4mK46YQCpwMvvT16qQ0=
YaNKs3elP4vq0kEZsLVmVKpGnZPKl7tngn48dnMr20hSiK0zNexL+4dQeJmVKfHPxpaMmujse0ljf05ZNCeBOQBNoqklIrNCUkvn1vfNzk6A/8vZRuAvBMO0M59w1MfjUPm92RMa3MRXdDzbvdcDQUSpMw==
WwZc3zq+SvIrQJF1p/sLhKpGnZPKl7tngn48dnMr20hSiK0zNexL+4dQeJmVKfHPxpaMmujse0ljf05ZNCeBOQBNoqklIrNCUkvn1vfNzk6E9tzeRuAvBMO0M59w1MfjVPi92RMa3MRXdDzbvdcDQUSpMw==
mlvwLYNHarVSFuud1NjEbpPKjFYSj/dkKjTPYASU7cd6nhPEHUMe7Mm//huTxN2isth5BLIHs+/t3QqpfQ==
GwsOfuIpHzvLK0WMPxb8rEXqcONGZCDrvidD1J6Mc+C4LFl3zja/ZLHrSjydZ6HbzxyJcuYwFeTe78cfmSV2qQE=
LwcAn7xiZfPQbSg/aCr6+evi121RyfHZF0oE4qSFdPg3WDydF9CvtgZ42JP1BDgHCsCATWaGQ88o1KzsSf2gdBFk6uoGhpa3/q58U50gU6ADZakU
TLd/pDskKA+lwUFahvwTxXOAsKSysZJ8NZ+RP415VWG7EUMLC2Lb9N/xj1UaAVW6HbFTLjww364VDhR7ATrx1bhiVj8ddTB4qeglBHXTVswx70aZ6xTlwnpI0cTaN3uPdW1SqSU=
0Fhjhx3HdUGKdx4Jpo/16K+M40Op3Dosp4u1GTAGUMy4o2E4Khos3ijIAljqauhrjr2YFBA9DSOpoGIYS5+MkgX0S69oNI+T/HhVaFs6xDRvNGRLRXdLEWypGw==
8ai8jE132ymU3kKxjGNAnkh/I2ac23mCmkmO79le+EzeDXPi+JK2nN6Kk++yRwdsbiEdzJeaGrQ8yBI42qpYCz49CHRA/d0D2aCSOBvfXHKVdPtP2HS/c+R/RUirerSUn7T065W3G3FcqSs=
ts5Wv4bv/xVfWovd36dy0BjGl6YqHh706yr2PFgINjD2WuRzut1MLFztsUs9IPbw989AqlEUf7dkBJN7yT6hwMfKSKyblDCzCSe3OXipDw==
Nt0pwmp9GocQUPutNwM5RMYhfYohVGnbbA021jyLTGCxiXBoGUmuRp4S5kuWqlyfJZTD/MsBqXg=
VzUN8xodR+nhvo3k6YSuKw3T1mdvm80DudjpX+SRpmKEJ+wEWfWAPMEMaoLRzra/7kY8uw2o8+jTDal8
qFeyMdu+k0wrUNmhUquqUq6oiDAEnfPxXl0M8OqUZPY5CnrAHtDp+0B8mYf+Hy5AabDpNzTZBuoUz6zsSf2gdBFj6uoBhpa3/q58U50gU6ADZakU
rZRmeg3tvobUDDJwCq6Mo3eFs7KnqJB9MYWTfdklFSTaH0FXXzieqq2ik1JfQh7vU6FPJnVhk5tcEiNBLnSk0vUnZwkmNioil9IgBHXTVswx70GY6xPlwnpI0cTaN3uPdW1SqSU=
kAsrr5fs+T61U+6FamejkXeFs7KnqJB9MYWTfdklFSTaH0FXXzieqq2ik1JfQh7vU6FPJnVhk5tcEiNBLnSk0vUnZwkmNioil9IgBHXTVswx70WY6xPlwnpI0cTaN3uPdW1SqSU=
zsc25yBoj/7EFCwv42d+LR8HbITdhveFKfNGJlGRnAB+Go8jRUmEslDqTaYS1AdnzKQLC0C/KXdfKiB8I9Tow+EHjylwqQc=
mnqGahO/y3NZ6qFbDc+NmNzjHk0a5DX3U9sZe+/Zao3NmYgBZUNv8besmpYYRSOmnzh2pLPA72HkDBl3Xk/ukAmA6QdUCca6tD8snOkt4CTxVe7a4dbWZ17e/KM9cJNwY1WpJA==
Z/BKUypC8GjKGoR4mxYkIiYA/wgXw7HIq/SfvUyIubsmW/7swSRpq4x99qbc+8wQUfmwGPkzrjZ5YiY7dtrc78XkA4wrcakI
0bUTrDbOHaagyVuEv9Lv1g3T1mdvm80DudjpX+SRpmKEJ+wEWfWAPMEOa4LQzra/7kY8uw2o8+jTDal8
lgzUQiahLqF73+oi82s8gUYcqu8IZz6G/8Jt70+uC6vh+Uxyqa0aeRaSFW4pbcCPrgh4YTxmzXs4ho3aCpDUMN51suCMObkGK7I/e6kO
HnqPcU3Eme4rXeLdeVH+gHOAsKSysZN8NZ+RP415VWG7EUIpPV+O9Pnx0Q4LH0rnU+hNKgZiiY9QSzFHGjrx1bhiVj8ddTB4qeglBHXTVswx70aa6xLlwnpI0cTaN3uPdW1SqSU=
Ns+Gg/cUTnW/gGUrNUg4j8YhfYoiVGnbbA011jyLTGCxiXBoGUepRpgS5kuWqlyfJZTD/MsBqXg=
c+T5ZwFxj8UTme897dip7A3T1mdvm80DutjpX+SRpWKEJ+wEWfWAPMEEaYLQzra/7kY8uw2o8+jTDal8
bzVCpGmttn7XI7QikvMjeq6oiDAEnfPxXl0M8OqUZPY5CnrAHtDp+0B8mYf+Hy5AarDpNzTZBeoUz6zsSf2gdBFn6OoAhpa3/q58U50gU6ADZakU
h/tGd9ajxyv0hKZ6hHV1wXOAsKSysZJ8NZ+RP415VWG7EUMLC2Lb9N/xj1UaAVW6HbFTLjww364VDhR7ATrx1bhiUjYKcjB4qeglBHXTVswx70Ka6xPkwnpI0cTaN3uPdW1SqSU=
fFmaBNijYL1pzCSaLrkJZ3OAsKSysZN8NZ+RP415VWG7EUIpPV+O9Pnx0Q4LH0rnU+hNKgZiiY9QSzFHGjrx1bhiUjYKcjB4qeglBHXTVswx70Ka6xPkwnpI0cTaN3uPdW1SqSU=
F0NsWjdA22lK2O7FVgJZGAK4c/lcaFLo9idUyIe7N/rvO0ps1jy/ZLHrSjydZ6bazxuIcuYwFeTe78cfmSV2qQE=
4PUTQPqV5khbQgPjY75mlxSd1Sk+zK5vxKiAJLbO40e4POwEWfWAPMELb4LRz7a/7kY8uw2o8+jTDal8
7t16CJkejv9Es5IcXizcpHS99hjhikzmiaBDWKsfLFIl9CtvyLQv0xV4da46uqT0TzSEC6X369EMqXs=
GMt/7WnrL1y83ClFwB/GaRxVMZURW5KdfRrAbg0gx9Anj7DKwZTPFzTE45vQOLHm9oqYzGsUoBO55+fZCKl/
OV7mEnp8AAZH+14BxjdszT+Kh6QTSeTozh85E33JhOshyW8qMIH+Jx/K06JO8mPgqcwpt56WD+Qhi7p8TUeT37/62LJWkIVkLo8XX6kFZqkR
jKIOy6uWJhUC298gPNCV9GID3LQICRdmz4/xDOMIzmm/LV/aiJxuPyTYgFRWniMXGIxstPklwOyh9W9ysB/2b072vAut+DO4M32pDA==
Ex6K6X3Pg5HUk1JJPR3/0nSesbKis5JiJICPY8IgCTTIAV5JQCaAq620lFRVQlr7W6FQIXVhk5pcWSpHKzL/8pJaF2BdZHVnsu47BHXTVswx70Kb6xHkwnpI0cTaN3uPdW1SqSU=
NSSsx+KE9JATednP7OSFDz+Kh6QTSeTozh85E33JhOshyW8qMIH+Jx/K06JO8mPgqcwpt56WD+Qhi7p8TUeT27/52LJWkIVkLo8XX6kFZqkR
llgq6NehnvXo1cqrtUifznSesLKis5JiJICPY8IgCTTIAV5JQCaAq620lFRVQlr7W6FQIXVhk5pcWSpHKzL/8pJaF2BdZHVnsu47BHXTVswx70qb6xHkwnpI0cTaN3uPdW1SqSU=
DCERhzlhR8Jxp/W2zqdCvD+Kh6QTSeTozh85E33JhOshyW8qMIH+Jx/K06JO8mPgqcwpt56WD+Qhi7p8TUeW2r/52LJWkIVkLo8XX6kFZqkR
Iki9hPODF9ZhPLSYjaHG372rs5WPCeKtm/NoRv4TVQUZmfbX6W4tfXngoq6A2zvalgLfahbf27fPpEROBjkwssC6yhzbQVx2XKoVF4gKFX/IvM897hlqLOy1IWqbfmdXqSI=
tG8u9GfiA2YUj5Q0of3kGT+Kh6QTSeTozh85E33JhOshyW8qMIH+Jx/K06JO8mPgqcwpt56WD+Qhi7p8TUeU37/52LJWkIVkLo8XX6kFZqkR
hzbvwTk4L2e4fvNUQ52hKr2rspWPCeKtm/NoRv4TVQUZmfbX6W4tfXngoq6A2zvalgLfahbf27fPpEROBjkwssC6yhzbQVx2XKoVF4gKFXHPvM897hlqLOy1IWqbfmdXqSI=
ILAkwwnxvVGIEtA613NmMT+Kh6QTSeTozh85E33JhOshyW8qMIH+Jx/K06JO8mPgqcwpt56WD+Qhi7p8TUef37/52LJWkIVkLo8XX6kFZqkR
KLRj+qgkU3bEfFqFTThWB+v00HMZzuz1VEwIo72eb+R/F3uUU5CusQ91n4K4RA4nFMCATGaGQ88o1KzsSf2gdBFh6+oCh5a3/q58U50gU6ADZakU
LuMZw9VpSQtPfbVUpkTJPgmomEN0R8/wqmZTCMwYG7WR8v861m+7J0805L5GadCCwIoqTJux/ObcOnWnSFo1gMrM7u2uqYq8bCWBGluuB2epEg==
NhGvmTcMhALxNBn+vvB5Q+v00HMZzuz1VEwIo72eb+R/F3uUU5CusQ91n4K4RA4nFMCATGaGQ88o1KzsSf2gdBFj6uoCh5a3/q58U50gU6ADZakU
D+2IFORxJyfZjmw7yLDI609/I2aZwHuCn1yM79pF8lreDXD1+JzyxJOLhfrgEkN5PTgYwcfAGb5yzlt9naJSRSQ3BS4RyvwG2aCTOBvfXHKVdPtP2HS/c+14RUyqerSUn7T065W3G3FcqSs=
Uq/1AlIpKup2bjFEujfUOU9/I2aZwHuCn1yM79tF8lreDXD1+JzyxJOLhfrgEUN5PTgYwcfAGb5yzlt9naJSRSQ3BS4RyvwG2aCTOBvfXHKVdPtP2HS/c+9/RUyqerSUn7T065W3G3FcqSs=
eP6v4HM00TgvHkyRcP/Ywev00HMZzuz1VEwIo72eb+R/F3uUU5CusQ91n4K4RA4nFMCATGaGQ88o1KzsSf2gdBFg7+oCh5a3/q58U50gU6ADZakU
yGabqj1ZOjF4jPyLT6EMQ3kedPgm5tNdxeD4oHy+3XMYTj1ljihmef59orhMYSmOy/rPA6l2
JIjLTzrjJJZAzfOJ/PrFHuHB/ODj8Jl2WDzA/v97YE+Fyr/YN9O72Isk3m2nET8uwNCeW5xEAMD+8vNTQHBMgPEp8MjZI68mVbNm69ZKXH9lNENcC2GpGA==
zR0mg5Z50WXPMS29ePutuXSesbKis5JiJICPY8IgCTTIAV5JQCaAq620lFRVQlr7W6FQIXVhk5pcWSpHKzL/8pJaF2BdZHVnsu47BHXTVswx70ae6x/kwnpI0cTaN3uPdW1SqSU=
q4EU0CDl0Y0AvQVcI/4GAnSesLKis5JiJICPY8IgCTTIAV5JQCaAq620lFRVQlr7W6FQIXVhk5pcWSpHKzL/8pJaF2BdZHVnsu47BHXTVswx70ue6x/kwnpI0cTaN3uPdW1SqSU=
M+lmM280UJDZZZ+R5uoxt+HB/ODj8Jl2WDzA/v97YE+Fyr/YN9O72Isk3m2nET8uwNCeW5xEAMD+8vNTQHBMgPEp8MjZIasmVLNm69ZKXH9lNENcC2GpGA==
cTvToWAQ2Y5ley+5lwM0Wb2rspWPCeKtm/NoRv4TVQUZmfbX6W4tfXngoq6A2zvalgLfahbf27fPpEROBjkwssC6yhzbQVx2XKoVF4gKFXDLvMA97hlqLOy1IWqbfmdXqSI=
yUVr0KQ7L4axPzrwPGwgpeHB/ODj8Jl2WDzA/v97YE+Fyr/YN9O72Isk3m2nET8uwNCeW5xEAMD+8vNTQHBMgPEp8MjZKKsmVLNm69ZKXH9lNENcC2GpGA==
My7SjNoVc2/fW+GkpIWx1MYhfYoiVGnbbA011jyLTGCxiXBoGUSoRpQT5kuWqlyfJZTD/MsBqXg=
fK7O5xxzA1/HI/wiUSEG4g3T1mdvm80DutjpX+SRpWKEJ+wEWfWAPMEKaILcz7a/7kY8uw2o8+jTDal8
UOkRZ4hZuIZh5SLtVmDblWK1d9pLrYZFpdx0deTJ+lI8QwGFlMHORBgmtMAqHY8GodUUEjlRNJCGusfQXUmcwphJNTa6lO9X1ERDW7E+kaoWCjgMCxSAU1lnRxloqR8=
IezEXOCEEd3qMwqHPO46Qtu4NBgqhd6+KQQf0+rgY2u1zkc8ZU3uHaZ2k8G+FHQSpQSXCVYW+mHHMrCExTPmjAEPUZr7N5OCiuihREqXK0+lDWKpFQ==
OQFUmGzAAuzx6FKXzrsTU9u4NBgqhd6+KQQf0+rgY2u1zkc8ZU3uHaZ2k8G+FHQSpQSXCVYW+mHHMrCExTPmjAEPUZn7N5OCiuihREqXK0+lDWKpFQ==
HEm0HAGJ7ym+OZ6hgVB0tOHB/ODj8Jl2WDzA/v97YE+Fyr/YN9O72Isk3m2nET8uwNCeW5xEAMD+8vNTQHBMgPEp8MjZIKkmXLRm69ZKXH9lNENcC2GpGA==
bp8ity5yvb2DbciPsbLpB09/I2aZwHuCn1yM79tF8lreDXD1+JzyxJOLhfrgEUN5PTgYwcfAGb5yzlt9naJSRSQ3BS4RyvwG2aCTOBvfXHKVdPtP2HS/c+9+RUqterSUn7T065W3G3FcqSs=
EPbCkBpa/x0UqZm466JmTEgMu7FYJCPOvMxv6U+uR+amswN7r6hcIjb1aB5AFpLQ6y1EejxmzXs4ho3aC5DTNt51suCMObkGK7I/e6kO
wVwBiefc1Ndo+KDISaHgr0phyIBvbRvIE124v92R2/pEaVKH86JHEtoK/2A1tL0HCn5jRI3jTiz5n+kbg6Ur4mK46YQCpwMvvT16qQ0=
5tfMmCKXrrZzkJe7IZ1fu139YiGrlK4XdHOGpbJQVQnpwBGpop8H5RkyNo3oFwkm9fq4viUg74Df7zh6mVS3BzzkO+s5uxlRqWqQ3FNUeGMxR18JYKkX
Pf8pI3HUmhfWAVieLSfOnkphyIBvbRvIE124v92R2/pEaVKH86JHEtoK/2A1tL0HCn5jRI3jTiz5n+oag6Ur4mK46YQCpwMvvT16qQ0=
OxpprVk7F5FdkECNODcZ0F39YiGrlK4XdHOGpbJQVQnpwBGpop8H5RkyNo3oFwkm9fq4viUg74Df7zh6mVS3BzzkO+s3uhlRqWqQ3FNUeGMxR18JYKkX
76NYR3zRzML4vyKlPBNT/kphyIBvbRvIE124v92R2/pEaVKH86JHEtoK/2A1tL0HCn5jRI3jTiz5n+Iag6Ur4mK46YQCpwMvvT16qQ0=
4EPm3FKWfLfdjoHJ+GysAUsqNipZZnloSbHNokYYc+X4sKtKLKjHPQ96b4K2twtvj/yUZmYRwIrAgjo0u2mMLhxyxX8o4qUJSUR7Uk7xOnQsbXFCe1YXb6ka
tn3cxkKeUpRJQymuu03J+wNW2QYFtUDpxeLJhKXzRgyhT3CYG3RzAmqogURqV4vPxc0CqXU=
JSUaDJ7nxWjblO3TxFFODcYhfYohVGnbbA021jyLTGCxiXBoGUmuRp4U5kuWqlyfJZTD/MsBqXg=
8BYZ9NljKNz3EgvGnM4qig3T1mdvm80DudjpX+SRpmKEJ+wEWfWAPMENa4LRyLa/7kY8uw2o8+jTDal8
uwxRkvnwz7cCXnI0N+mLy2K1dtpLrYZFpdx0deTJ+lI8QwGFlMHORBgmtMAqHY8GodUUEjlRNJCGusfTXUmcwphKNTa6lO9X1ERDW7g/kacRCjgMCxSAU1lnRxloqR8=
xfkRo2UAl3vIIVh9CmeTkADj52/SJtcexmuzM2/grHoWzXgWQB6C6Mt1tDL8Ln2jWH4dUYgYRE4+LQIozPHJ3guKL3OpBg==
FcHaLsvskeCrQz59lHrKzK01PiJVIXMaPJkKR8vyn3IyGvdgPaTV51KuWwRVk7ZMUS9nmAtSQ0LaCDHE+vfbD5UtcqkF
yPYFQvp9wP9QKynxhHRQ5wD952vMJtcexmuzM2/grHoWzXgWQB6C6Mt1tDL8Ln2jWH4dWogYRE4+LQIozPHJ3guKL3OpBg==
XKfSJ3wc19BLx/AHR+F1vuYoJypVIXMaPJkKR8vyn3IyGvdgPaTV51KuWwRVk7ZMUS9jnwtSQ0LaCDHE+vfbD5UtcqkF
EOjM6rboIQRDMtfF+XcQ0ZPfXwbmsYBqwGJ6lDsJTE4cUoXfqALlLk9kvDLOUfpULI0xovv21w+peg==
ai17tJHJagTRzsLDxPZRdT6K8eAze/eSdiUI7kDm8gCrneTqvPYtC/jWregPoPTmnoXScAypGbbr4t8LqX4=
GEI0RjB8iaDqjCV9osc7nBxVMZURW5KdfRrAbg0gx9Anj7DKwZTPFzTE45vcP7Hm8YqYzGsUoBO55+fZCKl/
VQzVdGAvDVUDKnulAAd5SEphyIBvbRvIE124v92R2/pEaVKH86JHEtoK/2A1tL0HCn5jRI3jTiz5n+oeg6Ir4mK46YQCpwMvvT16qQ0=
+tw0Oyt1I+PQgDDYVFMeZuv00HMZzuz1VEwIo72eb+R/F3uUU5CusQ91n4K4RA4nFMCATGaGQ88o1KzsSf2gdBFl7uoDgJa3/q58U50gU6ADZakU
Yww2gzatdkQ+WFrF77NWuOv00HMZzuz1VEwIo72eb+R/F3uUU5CusQ91n4K4RA4nFMCATGaGQ88o1KzsSf2gdBFt6+oCgJa3/q58U50gU6ADZakU
7z3dcXRitOOP897fcita0uv00HMZzuz1VEwIo72eb+R/F3uUU5CusQ91n4K4RA4nFMCATGaGQ88o1KzsSf2gdBFk6uoCgJa3/q58U50gU6ADZakU
LsDOUcybtuMtUn4ndOMJPOv00HMZzuz1VEwIo72eb+R/F3uUU5CusQ91n4K4RA4nFMCATGaGQ88o1KzsSf2gdBFl6uoCgJa3/q58U50gU6ADZakU
LsDOUcybtuMtUn4ndOMJPOv00HMZzuz1VEwIo72eb+R/F3uUU5CusQ91n4K4RA4nFMCATGaGQ88o1KzsSf2gdBFl6uoCgJa3/q58U50gU6ADZakU
PBWiDb5l6j2yjt00NXGHdGkMi+5q5T4tDWoPUnbH698PDDTWpkHgmsCSGmR72SzenMIlD+gyxRdIVJ4CDgFaxKwd0fI7hjd/qQo=
YL/w1+ZNV63t7AoujQzJpxk4/L7SDPx9mVmHSugxtudXGuuCpoJ74LE8QZemxsek6TvinCXXLl5HaHcSDmDNpObf7z+BNX6pCQ==
VXbqBvDerqKrg4SZo9c6aOHB/ODj8Jl2WDzA/v97YE+Fyr/YN9O72Isk3m2nET8uwNCeW5xEAMD+8vNTQHBMgPEp8MjZJ6kmVLRm69ZKXH9lNENcC2GpGA==
7JUfzbmyxzWuMI/Dwmj+Kb2rs5WPCeKtm/NoRv4TVQUZmfbX6W4tfXngoq6A2zvalgLfahbf27fPpEROBjkwssC6yhzbQVx2XKoVF4gKFXDKvMk77hlqLOy1IWqbfmdXqSI=
crK1wg+5p+/CSL2U691h/+HB/ODj8Jl2WDzA/v97YE+Fyr/YN9O72Isk3m2nET8uwNCeW5xEAMD+8vNTQHBMgPEp8MjZKKomXbVm69ZKXH9lNENcC2GpGA==
TVntNwFNNEibdEj8e4dCznSesbKis5JiJICPY8IgCTTIAV5JQCaAq620lFRVQlr7W6FQIXVhk5pcWSpHKzL/8pJaF2BdZHVnsu47BHXTVswx70aY6xfiwnpI0cTaN3uPdW1SqSU=
B1lBw/pY9IfQH8plCDMCMOHB/ODj8Jl2WDzA/v97YE+Fyr/YN9O72Isk3m2nET8uwNCeW5xEAMD+8vNTQHBMgPEp8MjZJK4mXbVm69ZKXH9lNENcC2GpGA==
O+LRaaSNUKWYZKOwVwUbjnSesLKis5JiJICPY8IgCTTIAV5JQCaAq620lFRVQlr7W6FQIXVhk5pcWSpHKzL/8pJaF2BdZHVnsu47BHXTVswx70Ob6xbiwnpI0cTaN3uPdW1SqSU=
XU7mnIARxCue/YcAES3vpuHB/ODj8Jl2WDzA/v97YE+Fyr/YN9O72Isk3m2nET8uwNCeW5xEAMD+8vNTQHBMgPEp8MjZIasmXLVm69ZKXH9lNENcC2GpGA==
EcH6vKdMLxcAv2mjbpeeReHB/ODj8Jl2WDzA/v97YE+Fyr/YN9O72Isk3m2nET8uwNCeW5xEAMD+8vNTQHBMgPEp8MjZKKsmX7Vm69ZKXH9lNENcC2GpGA==
W7CWnBawsBSDuzNGa5Lf4D+Kh6QTSeTozh85E33JhOshyW8qMIH+Jx/K06JO8mPgqcwpt56WD+Qhi7p8TUeU2b/93rJWkIVkLo8XX6kFZqkR
ECPtvfZ+5eClJ3aZ1wCvoSvOX3LZrUZEsysrGFdCg1ULWiPJmxHa3CIoRkGxGveWVQ7jzJBbZRsXid6eieSqhLnYsqagE8tCFpqvIjbXy4+P3NTG5vEAqsCi+tQ7ycwOHJIFH6hCZehLJD3zzhF6FCxNseL7NldPqTo=
C5gflyIXj2A7IGX/AWsMAz+Kh6QTSeTozh85E33JhOshyW8qMIH+Jx/K06JO8mPgqcwpt56WD+Qhi7p8TUeQ2r/73rJWkIVkLo8XX6kFZqkR
ILsxEz3p8sZ+fyrUK5cLfz+Kh6QTSeTozh85E33JhOshyW8qMIH+Jx/K06JO8mPgqcwpt56WD+Qhi7p8TUeX2b/73rJWkIVkLo8XX6kFZqkR
Qxo6MSe2CF7pXjRgjGlZcOHB/ODj8Jl2WDzA/v97YE+Fyr/YN9O72Isk3m2nET8uwNCeW5xEAMD+8vNTQHBMgPEp8MjZIqkmWbVm69ZKXH9lNENcC2GpGA==
1wBBMCiY1veIYGZ3wNR4+yvOX3LZrUZEsysrGFdCg1ULWiPJmxHa3CIoRkGxGveWVQ7jzJBbZRsXid6eieSqhLnYsqagE8tCFpqvIjbXy4+P3NTG5vEAqsCi+tQ7ycwOHJIFH6hCZehJJD3zzhF6FCxNseL7NldPqTo=
5sIYGmmfatdrPhUdAu/1w+HB/ODj8Jl2WDzA/v97YE+Fyr/YN9O72Isk3m2nET8uwNCeW5xEAMD+8vNTQHBMgPEp8MjZKKkmWbVm69ZKXH9lNENcC2GpGA==
n3qraXddfrK/6sbzCd/OvuHB/ODj8Jl2WDzA/v97YE+Fyr/YN9O72Isk3m2nET8uwNCeW5xEAMD+8vNTQHBMgPEp8MjZKakmWbVm69ZKXH9lNENcC2GpGA==
5C32JXwtLVJfg7QcGeQO6T+Kh6QTSeTozh85E33JhOshyW8qMIH+Jx/K06JO8mPgqcwpt56WD+Qhi7p8TUeW2L/73rJWkIVkLo8XX6kFZqkR
P8QblvIEU1XkO8NMY+MXhN60KQs81oq1NFEAyOrnZSOxgUArZQGjWuw5mse7Ui8ywnrnYC1EpSfiDquExTPmjAEPUJn7MpKCiuihREqXK0+lDWKpFQ==
XkXIyfQqoZrEAGd+3jc8wPaBMh68rC4bwACfDvrUQRClVBJDTdm1mLQrWwYLBJPj3g29j9oCG/JMjX0SIJmhgryE1HkOLFeDVtb6E/xOvUPY3t06j/gD6r5MQsjM0Ql+i2pvU6km
ie2KStIFXs4A03X+7/bvkzT2+FW7pmre2fVRTaACL1wk9CtvyLQv0xV/dak5uqX0TzSEC6X369EMqXs=
ae4VoFhoihz6QD2fmDaW94YgOMJxdxrhIlhu8h+NTGCxiXBoGUivRp8Q5kqWqlyfJZTD/MsBqXg=
fwDEvbIpLMMRIVlxT06+7dG70I+EsA6KxURPr7Y22NeMyQs5SvgaglyK1XcIqlWez9wLnm74Kgzs1eHKG54nd6kC
DGb/HI9fDBH49x7DXQg96sYhfYohVGnbbA021jyLTGCxiXBoGUSuRp8Q5kqWqlyfJZTD/MsBqXg=
P8beE1/3nZciiZ5Hr8JNPwsaftAjqWfd+6sJAZ/jLXtJoOknFOlGGnRfLHypjWBEMXzu+ie0VsYePvzD/dATkCN1qQQ=
v1U1SKX/uQcJmLacntd+rpSWBFeF3f0aqRkoy34scFUcUoXfqALlLktkujbOUPpULI0xovv21w+peg==
dv22FDwUv5LUzxsJrLObRo7in8qWvxuXz0QE7oZZ8JLAmgp8W+EcllyK1XcIqlWTy9wKnm74Kgzs1eHKG54nd6kC
hptcD64I76NON3ehVTyh+uYoJypVIXMaPJkKR8vyn3IyGvdgPaTV51KuWwRVk7ZMUS9kmwtUR0LbCDHE+vfbD5UtcqkF
EmiFtOhkd6KeACg3x5Pk4VQRaZGOz7nTcrVWe1mb2k0lOuheNSD/4A+vaJoJ1AdnzKQLC0i7KXBdKiF8I9Tow+EHjylwqQc=
U8x+0u/0+8kCTT31+4DHEonG1A1AybdSCirPYAWU7cd6nhPEHUMe7Mm/+hqTxN+is9h5BLIHs+/t3QqpfQ==
vs/buPG70LcK4cddiy4X/8YhfYoiVGnbbA011jyLTGCxiXBoGUKpRp4Q5kqWqlyfJZTD/MsBqXg=
93gf2ZADp7vLNcpXaFZEwgsaftAjqWfd+6sJAZ/jLXtKoOknFOlFGnRfLHypjWBEMXHp+ia0VsYePvzD/dATkCN1qQQ=
FQz9yCsTx8VpQsjQF0bLO5SWBFeF3f4aqRkoy30scFUcUoXfqALlJklkujbOUPpULI0xovv21w+peg==
vR4Ozay7pCk5WNItal4IWer3T7/ovUvggwZ3Vwp+diR5m7Jcdfc9WFeMI9JfgF0klj+f//HVDql5
rizDMHVw6nD8clbUpb2uU+YzPjsGIjQIJ98dWMe5ixJMBfdgP77T5062WgRVk7ZMUS9nmAtUR0LbCDHE+vfbD5UtcqkF
NA/AvESbnP3zrwXU6UOowvaBMh68rC4bwACfDvrUQRClVBJDTdm1mLQrWwYLBJPj3g29j9oCG/JMjX0SIJmhgryE1HkOLFeDVtb6E/xOvUPY3t07iPgC6r5MQsjM0Ql+i2pvU6km
aXwYws2u8SmniDyUzp8+UTT2+FW7pmre2fVRTaACL1wk9CtvyLQv0xR4dag5uqX0TzSEC6X369EMqXs=
BuvMJRg+zY1sP87BHmfgv4YgOMJxdxrhIlhu8h+NTGCxiXBoGUmoRp4Q5kqWqlyfJZTD/MsBqXg=
QuyRkr5J74tyl4FY87R2ENG70I+EsA6KxURPr7Y22NeMyQs5SvgaglyK1XcIqlWfyNwKnm74Kgzs1eHKG54nd6kC
t2KiOceGBGbm3nT9h9H6gfaBMh68rC4bwACfDvrUQRClVBJDTdm1mLQrWwYLBJPj3g29j9oCG/JMjX0SIJmhgryE1HkOLFeDVtb6E/xOvUPY3t0zj/gC6r5MQsjM0Ql+i2pvU6km
+ULmEQxt0Ulkha6BJ+9v3TT2+FW7pmre2fVRTaACL1wk9CtvyLQv0xx/dag5uqX0TzSEC6X369EMqXs=
YJFAzjOpjSUmB92LVILWiYYgOMJxdxrhIlhu8h+NTGCxiXBoGUGvRp4Q5kqWqlyfJZTD/MsBqXg=
j3xGGK+WUdz8kno8AbMM0dG70I+EsA6KxURPr7Y22NeMyQs5SvgaglyK1XcIqlWXz9wKnm74Kgzs1eHKG54nd6kC
qO1yhXzLxPZHqzKrZLs9Q1qx+kifPJNZyHKlMnTwpCs591BZNwyE/dZyuDP8Ln2jWH4dVI8YQko+LAIozPHJ3guKL3OpBg==
QJ6Tv6JtFQLHc1LHGrwEotwQhTciQTjkAUsa/O2Hsd/fPLsyN1DlZE5Pd9/JxQapcQ==
OdA2Hd/DpQJMI91iuLRYLDT2+FW7pmre2fVRTaACL1wk9CtvyLQv0xt/dag5uqX0TzSEC6X369EMqXs=
sb/AbSViO8dhSWDtogtNQYYgOMJxdxrhIlhu8h+NTGCxiXBoGUavRp4Q5kqWqlyfJZTD/MsBqXg=
ZLtAhT/ZX3/JDFt6vThV3THe5PvT78cgcdnVP5ldSWW/Hx8aHX/Ntemwg0BOVRSlRuRRb28l1JRFTytcOzqu3ahyWBdPYmB6teI6BHXTVswx70Wf6xTnwntI0cTaN3uPdW1SqSU=
TJbZYcwjYFcbisHXeOSb0HM1mRjFp93noeDaZE02kZyGhEg/f/eJC6qevwaHPwDAybzEWmB9AfUsh/dWcHt+oPQd7CSZlQCcgepvYpZsNt4uZjybTUhzSBNtqRw=
mwNLfCgcmowxiwOfGFKVMwNa5PIeq3ADdE8tZlrmybgZBhoS2M3LiTHhBvgfpOOR6Hq1CjQINKPZv2BBNxS0tTb6KMu8Fm2reLZtzA+AsgIeJBIQDIlZVmtCH2upHg==
EHpTWOpkdn6upstbMHVRXRd+YCxRRiViWuLBrAkSMvb4qeNdYbXOPF9gK8W4rh1ulOycN0kr6MW3kDwhpm6ALxxyxX8o4qUIT0R6Vk7wOnQsbXFCe1YXb6ka
NILtLpywx4E4cFqcTQrhAjHe5PvT78cgcdnVP5ldSWWkHx8aHX/Ntemwg0BOVRSlRuRRb28l1JRFTytcOzqu3ahyWBdPYmB6teI6BHXTVswx70Wf6xTnwntI0cTaN3uPdW1SqSU=
pAVpBso0Ye88u94jpyg6qvaEJ1eNrSoBhh6IHc/VDwesVF1eWt65kPkuSkoYFZvhkQm2gJ9cU/lIkmVSdNDki7mXkHk3LESdVtL4E/xOvUPY3t00j/gC6r5MQsjM0Ql+i2pvU6km
OCmiAkET6tXQ4+Y8WTN1/TfV4vL36NM2V8nVOpp5U2epHx8aHX/Ntemwg0BOVRSlRuRRb28l1JRFTytcOzqu3ahyWBdPYmB6teI6BHXTVswx70Wf6xTnwntI0cTaN3uPdW1SqSU=
1COCvm+ePm8bR0WC0K/WRJAnVndW43+fYmhmUrrMWyCS/R/6k3pFUlrSoZzJwlJmeDlDDaFF7kxfkAu1+H69/hR8fGcJGwj1t6DcEeY+YL+c4mWvaJKF+E80WqaOoJrkrP0Rkrtmd1+pKg==
eJ4CMAjflo2o/gQzMRVEzf7g+trTV7/9w6YiF7NCD1BXh7eEtDdgYz3ktbqbzHWEi0eSY0vR07DUpAkUKxkf4ZPsmAnfdUthXKoVF4gKFXDPvMo+7hhqLOy1IWqbfmdXqSI=
FzpoQrx3qrxhR28LNbIoY+3Gqw31jDM+uon+BXMQWs7wtWUvJQdpky/bDlCkP+wtk6yVAxsnDAn68zVKXpu4hRL0S69oNI+T+39VaFk6xTRvNGRLRXdLEWypGw==
