yn14jqSGxJ7TVlAQ8WfuBYn/dVdr1sS1MhgD06/GKj+TgQJvZW3Mc8xl3Z3pTjMB/VXpNHZXrXz+FJ6ExTPmjAEPV5v7NZKCi+ihREqXK0+lDWKpFQ==
94SkWaGwC3yLgh/JwEtYljV0Z7kkHW1jfE7tABBmSQHSvnNieHgczKSlVXRL/pf2I0Brw71klFqk3tFhaJpYbt25jqgOmnSq4KDmoinO7VflNEEV4iwsQ2Edr4Xs6+02Nxh3SxL5Di/pVdijOI3BO1RmZ3GJTaW0uk9ZjCo8IiTZW5LcFTfbW/fNBlK/QD0kNv9/f5GVrqnZ
Ng/pqlTAY68o6A09xpJ2C+fWvAX13GwgvJa2HnEPQ427vG04KgZe3SyPS3HCS8J50+DFUl05Ewmn9DgLQ8SQiDD0S69oNI+T+XtVaVw6xTRvNGRLRXdLEWypGw==
xw1h3pvV35bAL95kTE5//GzMwPtPWbqzwF92CWuKiv1VyjIoMoTxGFyNhJJo/WO99dc4sYqNDuQhi7p8TUeT27/93rJXkIVkLo8XX6kFZqkR
nGbU/3gHY6nwqCAoSa6SNt/4242Yog+Y1FQMv6lj2N23iAxpRuYQl1yK1XcIqlWTy9wLm274Kgzs1eHKG54nd6kC
BqK+EM3egJUCd7bsNfVbbJAnVndW43+fYmhmUrrMWyCS/R/6k3pFUlrSoZzJwlJmeDlDDaFF7kxfkAu1+Hq/8BR8fGcJGwj1t6DcEeY+YL+c4mWvaJKF+0s0W6OOoJrkrP0Rkrtmd1+pKg==
x1DiEWpIxMIRuh5i+XN6HDfV4vL36NM2V8nVOpp5U2epHx8aHX/Ntemwg0BOVRSlRuRRb28l1JRBTSVcOzqu3ahyWBdPYmB6teI6BHXTVswx70ab6xXiwntI0cTaN3uPdW1SqSU=
PnqNG6e2kSs/3UZFHl9lfvaEJ1eNrSoBhh6IHc/VDwesVF1eWt65kPkuSkoYFZvhkQm2gJ9cU/lIlmdcdNDki7mXkHk3LESdVtL4E/xOvUPY3t03i/gD775MQsjM0Ql+i2pvU6km
UK3a3ljwB8iwtv8430e80THe5PvT78cgcdnVP5ldSWWkHx8aHX/Ntemwg0BOVRSlRuRRb28l1JRBTSVcOzqu3ahyWBdPYmB6teI6BHXTVswx70ab6xXiwntI0cTaN3uPdW1SqSU=
6Q5VzD9HFelF3gWtU+Uojxd+YCxRRiViWuLBrAkSMvb4qeNdYbXOPF9gK8W4qh9glOycN0kr6MW3kDwhpm6ALxxyxX8o4qULS0R7U07wOnQsbXFCe1YXb6ka
LJz/zu9Zczf/wSuMmo70MgNa5PIeq3ADdE8tZlrmybgZBhoS2M3LiTHhBvgfpOOR6H63BDQINKPZv2BBNxS0tTb6KMu8Fm2reLZtzwuAswceJBIQDIlZVmtCH2upHg==
9/Rv2KaG57QM/u8/tUfb8HM1mRjFp93noeDaZE02kZyGhEg/f/eJC6qevwaHPwDEy7LEWmB9AfUsh/dWcHt+oPQd7CSZlQCcgeprYpdpNt4uZjybTUhzSBNtqRw=
zlWznY7zdSD9w8pU9DtSjDHe5PvT78cgcdnVP5ldSWW/Hx8aHX/Ntemwg0BOVRSlRuRRb28l1JRBTSVcOzqu3ahyWBdPYmB6teI6BHXTVswx70Wb6xXiwntI0cTaN3uPdW1SqSU=
1fdc2axDCeGNO0reDe2Lnj1+08E3j1MrWHpnaFr01L5ZTBQSytDNyXv0APdL++rR9W+rRXofcbLWr2pAFVfgtS/JM928Fm2reLZtzAuAswceJBIQDIlZVmtCH2upHg==
ruZFQ0s8kf2uS2kLGoMc5pq9XE1fvGKtSZ1OI7ufd9+a1NhdIBk6q/S+mdwYRCqr3jhx5fWNpm2kBBg+EBro1FG2mikaWpmPlzksnOkt4CTxXeva59HWZl7e/KM9cJNwY1WpJA==
gQv+33m1Wd1yfAso6eBt4JwFinpShUtEvq4hDSOE/4nRUkElUpK3nMVBh6C58gJnOILtBiBPQPjTQ6t6c0OPXc7Z4sQ9g75sqX/SG3OFeiLTGBkEkkdTb00daqkd
0mTJHghJwkLf3AfdsC0vwykFhbdm5hhiED4MWyvL4NAOT3mBjHjJ3trEDWZhzSvPnMIlD+gyxRdLVJsDDgBaxKwd0fI7hjd/qQo=
LjRjRAjAUlcy83h3c79OFCsfg7d6/hliED4MWyvL4NAOT3mBjHjJ3trEDWZhzSvPnMIlD+gyxRdLVJsDDgBaxKwd0fI7hjd/qQo=
J93FMcO8IjnG/pUeTkQejBEzW6zdgKOGIK9KZleW2gtyENF3cTqp9w21fJ0Y1AdnzKQLC0i7KXFYKiF8I9Tow+EHjylwqQc=
vbceaCKFCfRT3c6z2YZsZBIzW6zdgKOGIK9KZleW2gtyENF3cTqp9w21fJ0Y1AdnzKQLC0i7KXFYKiF8I9Tow+EHjylwqQc=
o0BLtJkfk9pBtiIyRV2GOw+ewy7QctQXm2e4PG6j4S089FFSWkiV6tFhsyP8Ln2jWH4dW4sYQ08+LAIozPHJ3guKL3OpBg==
8LeqRuVhxuuANbdjLjljLg6ewy7QctQXm2e4PG6j4S089FFSWkiV6tFhsyP8Ln2jWH4dW4sYQ08+LAIozPHJ3guKL3OpBg==
jk3Li3qF22AS48yJ7g1BJQ2ewy7QctQXm2e4PG6j4S089FFSWkiV6tFhsyP8Ln2jWH4dW4sYQ08+LAIozPHJ3guKL3OpBg==
U7P2LdfqsELL9TIRYfYIkVqx+kifPJNZyHanPHTwpCs591BZNwyE/dZyuDP8Ln2jWH4dW4sYQ08+LAIozPHJ3guKL3OpBg==
9wTrcEferw3SkE8sw/swnlqx+kifPJNZyHKlMnTwpCs591BZNwyE/dZyuDP8Ln2jWH4dW4sYQ08+LAIozPHJ3guKL3OpBg==
4LD6XV35JdGTuQmJ043RC5dW/wLJQ/Agt/t9Y47JX////zl11i4dZHk0Y79gFLdDjPvtOaRazSQH9Mz7zReTIXSpAw==
dModUjGQEgLNXjWTn3LFrjT2+FW7pmre2fVRTaACL1wk9CtvyLQv0xR7dak8uqX0TzSEC6X369EMqXs=
Jfs1xhJxrX+z3hewiIAYioYgOMJxdxrhIlhu8h+NTGCxiXBoGUmrRp8V5kqWqlyfJZTD/MsBqXg=
s6lrc0K0aQF9ly8QXWBsTRee1Sk+zK5vxKiAJLbO40e4POwEWfWAPMEPaYLXyba+7kY8uw2o8+jTDal8
XvoibMupedngbH8FpSkNeXS99hjhikzmiaBDWKsfLFIl9CtvyLQv0xV5dak8uqX0TzSEC6X369EMqXs=
jFtAxWzmyAeBVBWnAp7bfBxVMZURW5KdfRrAbg0gx9Anj7DKwZTPFzTE45vYOLHh8IqZzGsUoBO55+fZCKl/
h8vt916jH5PwGl5eHY/7nTgHyLZXWwJ7mo/tDOMIzmm/LV/aiJxuPyTYgFRWniMXGIxstPklwOyh+Whytxn2bk72vAut+DO4M32pDA==
/elhhti4Mifi82Xr+Q0HUkphyIBvbRDODkS4vd2R2/pEaVKH86JHEtoK/2A1tL0HCn5jRI3jTiz5n+0Yg6Uq4mO46YQCpwMvvT16qQ0=
MyLX+qiIJd3mNuK3y+Hlmikfg7d6/hliED4MWyvL4NAOT3mBjHjJ3trEDWZhzSvPnMIlD+gyxRdPVJsDDgBaxKwd0fI7hjd/qQo=
Rn1peA9zF6dr5QUJg3iYfQ2DvJB9AACHmHFSp8hJf0BKEG3Z3vWwP12/1IqFGBqe+RvGa605DEihkRCgabEvrs/NxkKmkpw3tQwjtDt5qRA=
A8/oBT+/2MsE9Yyx6/YErJPKjFYSj/dkKjTPYAeU7cd6nhPEHUMe7Mm/+RmTxNqis9h5BLIHs+/t3QqpfQ==
eVh2qwNBIY4N4ereqx4Eo0XqcONGZCDrvidD1J6Mc+C7LFl3zja/ZLHrSjydZ6TZzxyOcucwFeTe78cfmSV2qQE=
/pUu2knJ6S6uUxk62xC6AAUg1cxwJRbeFUP37NTVm/tDYF/A4u8HJPoU/2A3tL0HCn5jRI3jTiz5n+wZg6Qq4mO46YQCpwMvvT16qQ0=
puM9L8gW6KY5Qv/tmo+7JFOTj7RnXAKxvHb/J1VMdjHxU+k0rZBQO03ssFA9IPXw989AqlEUf7dkBJN7wTmhwMDKSayblDCzCSe3OXipDw==
1iX8rF+PzwiU/UYSv0xXQVQKcIDdzP7BafNBZFXQiAtlDMhANSD94A+vaJoJ1AdnzKQLC0G4KXBYKiF8I9Tow+EHjylwqQc=
Vae0BO8TfaY9jZbwm/DB1hwcL55eG8DbPSzgcA0gxdAnj7DKwZTPFzTE45vYOLHg8IqZzGsUoBO55+fZCKl/
CpYpPVqeL6voGc/rIX+KEAG4c/lcaFLo9idUyIe7N/rvO0ps1jy/ZLHrSjydZ67ezxqOcucwFeTe78cfmSV2qQE=
m5erQkfJ40f5FwiEJstX4Vqx+kifPJNZyHKlMnTwpCs591BZNwyE/dZyuDP8Ln2jWH4dUIkYR08+LAIozPHJ3guKL3OpBg==
0FNtXQpaRZHbNEGZjmWI4dwQhTciQTjkAUsa/O2HtdnfOb4yN1DlZE5Pd9/JxQapcQ==
xIqFP1xZEC5XCJtpaZNynjT2+FW7pmre2fVRTaACL1wk9CtvyLQv0x95da08uqX0TzSEC6X369EMqXs=
ZjKTjxp/ITHCDM4QgHL9oIYgOMJxdxrhIlhu8h+NTGCxiXBoGUKpRpsV5kqWqlyfJZTD/MsBqXg=
/U3wsRNiLbFwBSSXUUi0gjHe5PvT78cgcdnVP5ldSWW/Hx8aHX/Ntemwg0BOVRSlRuRRb28l1JRFTytcOzqu3ahyWBdPYmB6teI6BHXTVswx70GZ6xHiwntI0cTaN3uPdW1SqSU=
txugiq/xg74NOMnxa0S12nM1mRjFp93noeDaZE02kZyGhEg/f/eJC6qevwaHPwDAybzEWmB9AfUsh/dWcHt+oPQd7CSZlQCcge5pYpNpNt4uZjybTUhzSBNtqRw=
dT7FXmTvB5/EYkrH6plYewNa5PIeq3ADdE8tZlrmybgZBhoS2M3LiTHhBvgfpOOR6Hq1CjQINKPZv2BBNxS0tTb6KMu8Fm2reLZtyAmAtwceJBIQDIlZVmtCH2upHg==
OxDxUkaSm04tKfxruMWRbhd+YCxRRiViWuLBrAkSMvb4qeNdYbXOPF9gK8W4rh1ulOycN0kr6MW3kDwhpm6ALxxyxX8o4qUMSUR/U07wOnQsbXFCe1YXb6ka
XLClGuUqiyc2TxlFaIQvOTHe5PvT78cgcdnVP5ldSWWkHx8aHX/Ntemwg0BOVRSlRuRRb28l1JRFTytcOzqu3ahyWBdPYmB6teI6BHXTVswx70GZ6xHiwntI0cTaN3uPdW1SqSU=
/dB1LL7ocUxOipIywgJAy/aEJ1eNrSoBhh6IHc/VDwesVF1eWt65kPkuSkoYFZvhkQm2gJ9cU/lIkmVSdNDki7mXkHk3LESdVtL4E/xOvUPY3t0wifgH775MQsjM0Ql+i2pvU6km
aNCewLJH5AZQnyFzYUl+7jfV4vL36NM2V8nVOpp5U2epHx8aHX/Ntemwg0BOVRSlRuRRb28l1JRFTytcOzqu3ahyWBdPYmB6teI6BHXTVswx70GZ6xHiwntI0cTaN3uPdW1SqSU=
1ObGEA2jiRAKkFDzcCvCaZAnVndW43+fYmhmUrrMWyCS/R/6k3pFUlrSoZzJwlJmeDlDDaFF7kxfkAu1+H69/hR8fGcJGwj1t6DcEeY+YL+c4mWvaJKF/Ek0X6OOoJrkrP0Rkrtmd1+pKg==
ZZYkXEdUmkLDElYRpCjRYf7g+trTV7/9w6YiF7NCD1BXh7eEtDdgYz3ktbqbzHWEi0eSY0vR07DUpAkUKxkf4ZPsmAnfdUthXKoVF4gKFXTJvM877hhqLOy1IWqbfmdXqSI=
xDJD9vuO2fbCAivNVtcCye3Gqw31jDM+uon+BXMQWs7wtWUvJQdpky/bDlCkP+wtk6yVAxsnDAn68zVKXpu4hRL0S69oNI+T/3lVbVw6xTRvNGRLRXdLEWypGw==
