tx4lg97PUXyZyDG/eAIs84n/dVdr1sS1MhgD06/GKj+TgQJvZW3Mc8xl3Z3pTjMB/VXpNHZXrXz+FJ6ExTPmjAEPW5v7M5eCjOihREqXK0+lDWKpFQ==
SRcPXEqGeGRYD2JN8dX/1DV0Z7kkHW1jfE7tABBmSQHSvnNieHgczKSlVXRL/pf2I0Brw71klFqk3tFhaJpYbt25jqgOmnSq4KDmoinO7VflNEEV4iwsQ2Edr4Xs6+02Nxh3SxL5Di/pVdijOI3BO1RmZ3GJTaW0uk9ZjCo8IiTZW5LcFTfXW/fLA1K4QD0kNv9/f5GVrqnZ
xTGpd98DrdZRinwPNnzUzOfWvAX13GwgvJa2HnEPQ427vG04KgZe3SyPS3HCS8J50+DFUl05Ewmn9DgLQ8SQiDD0S69oNI+T9XtVb1k6wjRvNGRLRXdLEWypGw==
cxEgZy9Zu2DW3aMgIVg/kGzMwPtPWbqzwF92CWuKiv1VyjIoMoTxGFyNhJJo/WO99dc4sYqNDuQhi7p8TUef27/727JQkIVkLo8XX6kFZqkR
F0jvULb5cRmxv0aGw51mJN/4242Yog+Y1FQMv6lj2N23iAxpRuYQl1yK1XcIqlWfy9wNnm7/Kgzs1eHKG54nd6kC
nqbmoeFB2orgr8Sk54uaMZAnVndW43+fYmhmUrrMWyCS/R/6k3pFUlrSoZzJwlJmeDlDDaFF7kxfkAu1+Hq/8BR8fGcJGwj1t6DcEeY+YL+c4mWvaJKF/ko0XaaOp5rkrP0Rkrtmd1+pKg==
k5ePKDF1q5ctMMWfI/kpZzfV4vL36NM2V8nVOpp5U2epHx8aHX/Ntemwg0BOVRSlRuRRb28l1JRBTSVcOzqu3ahyWBdPYmB6teI6BHXTVswx70Oa6xPnwnxI0cTaN3uPdW1SqSU=
WLwujM6v/UgYTlpYzDrjGPaEJ1eNrSoBhh6IHc/VDwesVF1eWt65kPkuSkoYFZvhkQm2gJ9cU/lIlmdcdNDki7mXkHk3LESdVtL4E/xOvUPY3t0yivgF6r5LQsjM0Ql+i2pvU6km
6swsUvKZJ8ru8eOctO2GqTHe5PvT78cgcdnVP5ldSWWkHx8aHX/Ntemwg0BOVRSlRuRRb28l1JRBTSVcOzqu3ahyWBdPYmB6teI6BHXTVswx70Oa6xPnwnxI0cTaN3uPdW1SqSU=
pFSALKduWDC/7R/TZXC+8Bd+YCxRRiViWuLBrAkSMvb4qeNdYbXOPF9gK8W4qh9glOycN0kr6MW3kDwhpm6ALxxyxX8o4qUOSkR9Vk73OnQsbXFCe1YXb6ka
WdlyaSlhFX1e+VTpRIyG5ANa5PIeq3ADdE8tZlrmybgZBhoS2M3LiTHhBvgfpOOR6H63BDQINKPZv2BBNxS0tTb6KMu8Fm2reLZtygqAtQIeIxIQDIlZVmtCH2upHg==
5GOFtFPHEUq6JeVLFfGoznM1mRjFp93noeDaZE02kZyGhEg/f/eJC6qevwaHPwDEy7LEWmB9AfUsh/dWcHt+oPQd7CSZlQCcgexqYpFsNtkuZjybTUhzSBNtqRw=
5NoGUOJOY4iEDxyIMzRdrTHe5PvT78cgcdnVP5ldSWW/Hx8aHX/Ntemwg0BOVRSlRuRRb28l1JRBTSVcOzqu3ahyWBdPYmB6teI6BHXTVswx70Oa6xPnwnxI0cTaN3uPdW1SqSU=
pGTygj83P7/Qm3hA6IGcej1+08E3j1MrWHpnaFr01L5ZTBQSytDNyXv0APdL++rR9W+rRXofcbLWr2pAFVfgtS/JM928Fm2reLZtygqAtQIeIxIQDIlZVmtCH2upHg==
1LnI0YuwntdEYol4vodcm5q9XE1fvGKtSZ1OI7ufd9+a1NhdIBk6q/S+mdwYRCqr3jhx5fWNpm2kBBg+EBro1FG2mikaWpmPlzksnOkt4CTxUera4dTWYV7e/KM9cJNwY1WpJA==
bZXhrV2bnnzqTfA5yzQUDpwFinpShUtEvq4hDSOE/4nRUkElUpK3nMVBh6C58gJnOILtBiBPQPjTQ6t6c0OPXc7Z4sQ9g75sqX/eGnODfyLUGBkEkkdTb00daqkd
PFvomP7UBj9ng+h0IYvzOSkFhbdm5hhiED4MWyvL4NAOT3mBjHjJ3trEDWZhzSvPnMIlD+gyxRtKVJ0GDgdaxKwd0fI7hjd/qQo=
bzNmCzLgfuatIKCN3Rl0Rysfg7d6/hliED4MWyvL4NAOT3mBjHjJ3trEDWZhzSvPnMIlD+gyxRtKVJ0GDgdaxKwd0fI7hjd/qQo=
llW7LgO1iLRUzE+bLikA2REzW6zdgKOGIK9KZleW2gtyENF3cTqp9w21fJ0Y1AdnzKQLC0S6KXddKiZ8I9Tow+EHjylwqQc=
aHYuTEQkXzbqRu6RXfTuyRIzW6zdgKOGIK9KZleW2gtyENF3cTqp9w21fJ0Y1AdnzKQLC0S6KXddKiZ8I9Tow+EHjylwqQc=
MH2m+yW0d65P7+oTPLIJNQ+ewy7QctQXm2e4PG6j4S089FFSWkiV6tFhsyP8Ln2jWH4dV4oYRUo+KwIozPHJ3guKL3OpBg==
zOq5DFWI0gzPoZf0HBPKgQ6ewy7QctQXm2e4PG6j4S089FFSWkiV6tFhsyP8Ln2jWH4dV4oYRUo+KwIozPHJ3guKL3OpBg==
ntX2obf/JzoqD5mKZFdOoQ2ewy7QctQXm2e4PG6j4S089FFSWkiV6tFhsyP8Ln2jWH4dV4oYRUo+KwIozPHJ3guKL3OpBg==
XcH3oVmKRaX4v4vdwrhx2Vqx+kifPJNZyHanPHTwpCs591BZNwyE/dZyuDP8Ln2jWH4dV4oYRUo+KwIozPHJ3guKL3OpBg==
LmMc3jOYalg7aTpLZzOLb1qx+kifPJNZyHKlMnTwpCs591BZNwyE/dZyuDP8Ln2jWH4dV4oYRUo+KwIozPHJ3guKL3OpBg==
mTKk4VZjeTvbM4VeCXutapdW/wLJQ/Agt/t9Y47JX////zl11i4dZHk0Y79gFLdDgPrtP6FayiQH9Mz7zReTIXSpAw==
1Ts4Gx5hqgdNCKpg6PuuszT2+FW7pmre2fVRTaACL1wk9CtvyLQv0xt6da85uqL0TzSEC6X369EMqXs=
TJyOYH4oiquAfN6a/b/e7oYgOMJxdxrhIlhu8h+NTGCxiXBoGUaqRpkQ5k2WqlyfJZTD/MsBqXg=
x1h4AvZuZby9zUANm8PN1ur3T7/ovUvggwZ3Vwp+diR5m7Jcdfc8WVeLI9JYgF0klj+f//HVDql5
E8m5VUQvPo4t+UBWcpTLz4mPygYPiaMydDXPYAeO68dmhhLEHUMe7Mm//BmTw9+itNh5BLIHs+/t3QqpfQ==
P24u9x74h8djGe24trpLSq0kKzoacHpefJgNTsa1yBlMBfdgP77T5062WgRVk7ZMUS9jmAtTR0LcCDHE+vfbD5UtcqkF
jn3asLh54enJ/TFvi9q2vwD99nrKaYYXgiuyNGbt6y19s2cWQByY7stprDP8Ln2jWH4dUIgYRUo+KwIozPHJ3guKL3OpBg==
zuTo9SII8zCZQt4Lh4TCKwD99nrKaYYXgiuyNGbt6y19s2cWQByY7stprDP8Ln2jWH4dUYgYRUo+KwIozPHJ3guKL3OpBg==
zuTo9SII8zCZQt4Lh4TCKwD99nrKaYYXgiuyNGbt6y19s2cWQByY7stprDP8Ln2jWH4dUYgYRUo+KwIozPHJ3guKL3OpBg==
eUWrsOZtfmsgfXkFebe4dVqx+kifPJNZyHKlMnTwpCs591BZNwyE/dZyuDP8Ln2jWH4dUo8YRUo+KwIozPHJ3guKL3OpBg==
d4HjfaGUh7jVncyT+0VKvdwQhTciQTjkAUsa/O2Ht9/fO7syMFDlZE5Pd9/JxQapcQ==
0MIrE+dy5CEPvPqT9UPHeDT2+FW7pmre2fVRTaACL1wk9CtvyLQv0x1/da85uqL0TzSEC6X369EMqXs=
tFc1GMQax01x0uCdE2MDqoYgOMJxdxrhIlhu8h+NTGCxiXBoGUCvRpkQ5k2WqlyfJZTD/MsBqXg=
WusLr53CPlYDh24qeHQbazHe5PvT78cgcdnVP5ldSWW/Hx8aHX/Ntemwg0BOVRSlRuRRb28l1JRFTytcOzqu3ahyWBdPYmB6teI6BHXTVswx70Of6xPnwnxI0cTaN3uPdW1SqSU=
vx7Pd7BvSRQiF74hVj5fcnM1mRjFp93noeDaZE02kZyGhEg/f/eJC6qevwaHPwDAybzEWmB9AfUsh/dWcHt+oPQd7CSZlQCcgexvYpFsNtkuZjybTUhzSBNtqRw=
Xy+m+bEPjYh/I6ZPNGO/LANa5PIeq3ADdE8tZlrmybgZBhoS2M3LiTHhBvgfpOOR6Hq1CjQINKPZv2BBNxS0tTb6KMu8Fm2reLZtyg+AtQIeIxIQDIlZVmtCH2upHg==
JdBpq8SwKFxPcAFJOvC/aBd+YCxRRiViWuLBrAkSMvb4qeNdYbXOPF9gK8W4rh1ulOycN0kr6MW3kDwhpm6ALxxyxX8o4qUOT0R9Vk73OnQsbXFCe1YXb6ka
oY8V+zzp3Q/l7KK5sNMFhzHe5PvT78cgcdnVP5ldSWWkHx8aHX/Ntemwg0BOVRSlRuRRb28l1JRFTytcOzqu3ahyWBdPYmB6teI6BHXTVswx70Of6xPnwnxI0cTaN3uPdW1SqSU=
WeW+5zVOFPo3mMQ8btP7vvaEJ1eNrSoBhh6IHc/VDwesVF1eWt65kPkuSkoYFZvhkQm2gJ9cU/lIkmVSdNDki7mXkHk3LESdVtL4E/xOvUPY3t0yj/gF6r5LQsjM0Ql+i2pvU6km
SofR2H8MJX0WIaxCW+HRjzfV4vL36NM2V8nVOpp5U2epHx8aHX/Ntemwg0BOVRSlRuRRb28l1JRFTytcOzqu3ahyWBdPYmB6teI6BHXTVswx70Of6xPnwnxI0cTaN3uPdW1SqSU=
fcWsZCDJ2+avcREjzXLDwZAnVndW43+fYmhmUrrMWyCS/R/6k3pFUlrSoZzJwlJmeDlDDaFF7kxfkAu1+H69/hR8fGcJGwj1t6DcEeY+YL+c4mWvaJKF/k80XaaOp5rkrP0Rkrtmd1+pKg==
OGOrdnTh4APvAtzRuN7vTf7g+trTV7/9w6YiF7NCD1BXh7eEtDdgYz3ktbqbzHWEi0eSY0vR07DUpAkUKxkf4ZPsmAnfdUthXKoVF4gKFXbPvM0+7h9qLOy1IWqbfmdXqSI=
uusyc0eM3ZdTbgOnRqVBne3Gqw31jDM+uon+BXMQWs7wtWUvJQdpky/bDlCkP+wtk6yVAxsnDAn68zVKXpu4hRL0S69oNI+T/X9Vb1k6wjRvNGRLRXdLEWypGw==
