UDPURLG9NJHigsJx8RSOXIn/dVdr1sS1MhgD06/GKj+TgQJvZW3Mc8xl3Z3pTjMB/VXpNHZXrXz+FJ6ExTPmjAEPV577NJeCgemhREqXK0+lDWKpFQ==
fPxTu9mhzbNlJx2SQOcOXjV0Z7kkHW1jfE7tABBmSQHSvnNieHgczKSlVXRL/pf2I0Brw71klFqk3tFhaJpYbt25jqgOmnSq4KDmoinO7VflNEEV4iwsQ2Edr4Xs6+02Nxh3SxL5Di/pVdijOI3BO1RmZ3GJTaW0uk9ZjCo8IiTZW5LcFTfbXvfMA1K1QT0kNv9/f5GVrqnZ
prOL/FSJ4HwpAZwVYDXjKefWvAX13GwgvJa2HnEPQ427vG04KgZe3SyPS3HCS8J50+DFUl05Ewmn9DgLQ8SQiDD0S69oNI+T+X5VaFk6zzVvNGRLRXdLEWypGw==
Zf0gzwqDiVQJgC5jN2WxBmzMwPtPWbqzwF92CWuKiv1VyjIoMoTxGFyNhJJo/WO99dc4sYqNDuQhi7p8TUeT3r/827JdkYVkLo8XX6kFZqkR
2b1xRL4JrDfV7rHTmOR2wN/4242Yog+Y1FQMv6lj2N23iAxpRuYQl1yK1XcIqlWSztwKnm7yKwzs1eHKG54nd6kC
MghzC/gDmZADkI9Gr64dwkSIZscxhKG6P3g1SypX5c4NH4s7rYnu13VuVfY2zAMs5Vx/g6Fi/2nTndKkgp9ffcWFUX9hGF8pXhKq5K4tWyIeVovfQebEpbrAbH7pEGKehVTJJWmnkFBGuLkO0y4LpgTruOvBTchnaD/aY6hBAA1SQ8C3jxewoyuF2sOPGqBv6QgTIJiZW2EAlH6xXOUlcYsrffKTjppdDh+kkUsgAFovwWHcTubTKv9441wV6mBwtUXsmRoHx4E9CKZ01BfWOM1Em/sV23zxXos4CSsCSO6zPvUucBOpJN0MZs4tV3evdFviqswXeOThC3p8DcfS3v98G7KdEcVkbg/XX2mFJqlR
F5pfADXWsoWDNjPXIUvV4RK36OMfRQgN5hbM54ny7zkHguILZ+0vFdB3lUbroBkhGrQqqB+/d4vB0To3QRZ5Jupkd6wR9CPTjZrLCYdFPhT+N4u9ke1tj01AC4mqqsa0csVvIiq+V48tXjAF7phAjtV4Nl5R/LWVhX/EMHJAlV6Phv8mcENkO+01/Ie8Z7bTVOlUTYar/Mejz2QDXz02E9NylG/dYE/wdCEvwdRMUsFgDfEx34OBQv/WTr06Z4hBl4h02ttpPYxiHudKq6AP7GlCtLDhLdBpNl+TIcmwyiQI/+I4+axHq3ljiFEK0xT5F2ocLmeWiZ6cy/1E6fRKnnH/gy8A8z564G9MBDVTFszxb4aeK5QnwrHJEcQatzuPNe0SqWU=
BiPNqvkjJVETTw2m0Q7XDaTbCBqHMZ1V80CHOUAecOmqLJ54RbT/bEelryjcghqfamCMQLaQNzAcZOFeH1U4+wnsjVA/zhvAtrTx40DdqGfrmGJbHMQLsDj/zdfiS4LwJnGOsE42IWipm2hbSq4iukgoRuHBl5+QcxOvpX2dPxGX870HOZ8TbvkbO1YXbU8GnCPvbIKctCkHIMmtdpkNBZN2oX7xwrbSwFGl0y3z/WIG43oKqw7oXxjIIvJ65EDs/FMAoH/zfTsprNkA2lG4nVGV+AiOVK9khccZsymfdbK0234GpIqq8Z0inEB+8WLEsdTPEfFNXh2pI6ysyb2gNJGh7iqGxJb8f+58kx3gU2CDJalU
P1rhA6XTJx1CHmeHvXJaJYXAH2w7N6KSS76mPwSX5FEr5CsSyWl7eI+Y5RFWfO7oW3e7+30pnlfljuW2ZuzzLJV8r0MRAm/pIz2C5LJ/T33VpaG/MXjvqc6y2qR+zWsiLrZbnzFGVCUKoDy+GTBynpW0+WU5B2DQ1tgJzgMOe6b0y+irca1Y5xifCqOYIRANQmOw91/3ACO7JSoD33qQb9loQ+BoOcvhsHSu8SzFNXGbS00yQy7q3Z7/FNEbAPBaX+GxHP6GQ6oP2LMcJQpwcKVlHFlKZ3cBrajWNAT35jj9pEu7ZXvsce7raMnbIljuo97FbiCzWaRNbNYO/XcHr4R7sup89+hkkauqvD2nwt7vXGvyTfF15P6vJ5855RapYQ==
Bu/48hq57PaBk9NS2GNeuDT2+FW7pmre2fVRTaACL1wk9CtvyLQv0xV7da85uq/1TzSEC6X369EMqXs=
lvKxeLr7Ek4stFoZCnJSK4YgOMJxdxrhIlhu8h+NTGCxiXBoGUirRpkQ5kCXqlyfJZTD/MsBqXg=
Bu/48hq57PaBk9NS2GNeuDT2+FW7pmre2fVRTaACL1wk9CtvyLQv0xV7da85uq/1TzSEC6X369EMqXs=
lvKxeLr7Ek4stFoZCnJSK4YgOMJxdxrhIlhu8h+NTGCxiXBoGUirRpkQ5kCXqlyfJZTD/MsBqXg=
2b+rOyj6GyOLDa5umPnmXzT2+FW7pmre2fVRTaACL1wk9CtvyLQv0xR7da85uq/1TzSEC6X369EMqXs=
F4b0kpvFUmHzYtdsGFecZoYgOMJxdxrhIlhu8h+NTGCxiXBoGUmrRpkQ5kCXqlyfJZTD/MsBqXg=
D9r+JeeS6tUvguBfMiafY5AnVndW43+fYmhmUrrMWyCS/R/6k3pFUlrSoZzJwlJmeDlDDaFF7kxfkAu1+Hq/8BR8fGcJGwj1t6DcEeY+YL+c4mWvaJKF90s0XaaOqpvkrP0Rkrtmd1+pKg==
nGbfs72HUSgq73mIp+6USjfV4vL36NM2V8nVOpp5U2epHx8aHX/Ntemwg0BOVRSlRuRRb28l1JRBTSVcOzqu3ahyWBdPYmB6teI6BHXTVswx70qb6xPnwnFJ0cTaN3uPdW1SqSU=
96m4hD0uat/ZPsYC7pux/faEJ1eNrSoBhh6IHc/VDwesVF1eWt65kPkuSkoYFZvhkQm2gJ9cU/lIlmdcdNDki7mXkHk3LESdVtL4E/xOvUPY3t07i/gF6r5GQ8jM0Ql+i2pvU6km
lUoUh9n3lXqbPv3K7LwlbDHe5PvT78cgcdnVP5ldSWWkHx8aHX/Ntemwg0BOVRSlRuRRb28l1JRBTSVcOzqu3ahyWBdPYmB6teI6BHXTVswx70qb6xPnwnFJ0cTaN3uPdW1SqSU=
DASM081ccdpmAv9u4IEDKxd+YCxRRiViWuLBrAkSMvb4qeNdYbXOPF9gK8W4qh9glOycN0kr6MW3kDwhpm6ALxxyxX8o4qUHS0R9Vk76O3QsbXFCe1YXb6ka
VTgHKsrFBkqem6OmT+BkiANa5PIeq3ADdE8tZlrmybgZBhoS2M3LiTHhBvgfpOOR6H63BDQINKPZv2BBNxS0tTb6KMu8Fm2reLZtwwuAtQIeLhMQDIlZVmtCH2upHg==
+JU1+Tnx4jJ4lyDqIwZFAnM1mRjFp93noeDaZE02kZyGhEg/f/eJC6qevwaHPwDEy7LEWmB9AfUsh/dWcHt+oPQd7CSZlQCcgeVrYpFsNtQvZjybTUhzSBNtqRw=
MiaNLUsux3dEEeObkh/ysTHe5PvT78cgcdnVP5ldSWW/Hx8aHX/Ntemwg0BOVRSlRuRRb28l1JRBTSVcOzqu3ahyWBdPYmB6teI6BHXTVswx70qb6xPnwnFJ0cTaN3uPdW1SqSU=
8fQ1jlDKUwesW/JKJIq4xT1+08E3j1MrWHpnaFr01L5ZTBQSytDNyXv0APdL++rR9W+rRXofcbLWr2pAFVfgtS/JM928Fm2reLZtwwuAtQIeLhMQDIlZVmtCH2upHg==
PSyk237a7XZujbCRKDXsRCkfg7d6/hliED4MWyvL4NAOT3mBjHjJ3trEDWZhzSvPnMIlD+gyxRtKVJ0GDgpbxKwd0fI7hjd/qQo=
v7DROgp9wjveM0z7LW+RA5wFinpShUtEvq4hDSOE/4nRUkElUpK3nMVBh6C58gJnOILtBiBPQPjTQ6t6c0OPXc7Z4sQ9g75sqX/dGnODfyLZGRkEkkdTb00daqkd
ZXh1Y7ULlmZz4uphdXGSP+t/NMAPI4yNkm2Qz+2dheJm+TW80JiFfIRwC7/5FPipOCEFGhdAOx8d3//I3qXIohCVfCbhQpjYEvCEiMLf2Jibk0N6GxNUslJTmoTlc4YM4c81mtvzNwIhKUFEKtfLzwVNQqk1
jZ7jwEIEVueu0rFtb1cHMg2DvJB9AACHmHFSp8hJf0BKEG3Z3vWwP12/1IqFGBqe+RvGa605DEihkRCgab4qrsnIxkinkpw3tQwjtDt5qRA=
ScKOLp+vMSD9pui/MDnQvQG4c/lcaFLo9idUyIe7N/rvO0ps1jy/ZLHrSjydZ6fZzxuLcu0xFeTe78cfmSV2qQE=
IGDxeCBc1r4rO9Ykk8d0zygfg7d6/hliED4MWyvL4NAOT3mBjHjJ3trEDWZhzSvPnMIlD+gyxRhJVJ0GDgpbxKwd0fI7hjd/qQo=
S2P7ODyjA4tD6oR+lmESJkR1gdAieg7OHl6678zAl+lYYG7Iqu8QOOMju3pjo6wSGmNyRI3jTiz5n+0Zg6Mv4mm56YQCpwMvvT16qQ0=
UoxXDBTWhLCzO294hsAxVQC4c/lcaFLo9idUyIe7N/rvO0ps1jy/ZLHrSjydZ6/ZzxuLcu0xFeTe78cfmSV2qQE=
rSh1JN9umlVv39V/FgwhSSsfg7d6/hliED4MWyvL4NAOT3mBjHjJ3trEDWZhzSvPnMIlD+gyxR5IVJ0GDgpbxKwd0fI7hjd/qQo=
p6XZujUxSf8i+kYPuxhOHUR1gdAieg7OHl6678/Al+lYYG7Iqu8QOOMju3pjo6wSGmNyRI3jTiz5n+sYg6Mv4mm56YQCpwMvvT16qQ0=
as+Brgp7NSW3g7WjcirHcykFhbdm5hhiED4MWyvL4NAOT3mBjHjJ3trEDWZhzSvPnMIlD+gyxRpIVJ0GDgpbxKwd0fI7hjd/qQo=
YOxnGNP/cteC/pH5dIAgw23NjAUqHpXk6zUMB8odVLff4rRwxW+qGgBtqelsUPnG2tw9XY6h4ffcOnWnSFo1gsjM7e6uoou8bCWBGluuB2epEg==
qb//X14n1cM7zKyZm9OK2Sofg7d6/hliED4MWyvL4NAOT3mBjHjJ3trEDWZhzSvPnMIlD+gyxRhIVJ0GDgpbxKwd0fI7hjd/qQo=
FwkS599ks+xoFVRd6bPa1g2DvJB9AACHmHFSp8hJf0NKEG3Z3vWwP12/1IqFGBqe+RvGa605DEihkRCgab4orsnIxkinkpw3tQwjtDt5qRA=
Ta+iJopbpI30qQduYoA5Dy0fg7d6/hliED4MWyvL4NAOT3mBjHjJ3trEDWZhzSvPnMIlD+gyxRdIVJ0GDgpbxKwd0fI7hjd/qQo=
PDAWwJePHbL/UHbmZ/o/JA2DvJB9AACHmHFSp8hJf0RKEG3Z3vWwP12/1IqFGBqe+RvGa605DEihkRCgabEorsnIxkinkpw3tQwjtDt5qRA=
iMiQCZckObrp7bGGyk9KNxUEv+8aUqaorc+Sonia2v6zjMN+5+UF+PfnRdBaL+T7Yid8weeMiRxcXUoCbU5hO3cxPqk2+7afyFlLgXUqPz8IPjkR5CVfoK/XbKiGTkygMclwqJkGrwYZ0OYAF2pcX6XUwzxLQak4
HZn8siEy4kX6aXuu/ehaoxQEv+8aUqaorZTHuG+RwO+ejO9o7+AN2L6SF4ZcP//cLRoojqODiBxcXUoCbU5hO3cxPqk2+7afyF9LgXUqPz8IPjkR5CVfoK/XbKiGTkygMclwqJkBrgYZ0OYAF2pcX6XUwzxLQak4
dCP1jLIWm3jCMav2eeezO+d9eH0/wgbGk9/CgvdgGAHk4ab/DJY0zAkBw9LlPAkFVs3Ypqi+l5i3hxNjW9wPyZ50PENZhWlAVyQsEOHjKOOf6vupBAo62NxatUfIOvVhyaysDi7Cy1xsBcG62w5HR6ky
kSPuTDaqpFlv62dpadjL9ZPKjFYSj/dkKjTPYAOU7cd6nhPEHUMe7Mm/+R+Twt+iudl5BLIHs+/t3QqpfQ==
2w5HYrHjupzFEYHg6WqgPUXqcONGZCDrvidD1J6Mc+C/LFl3zja/ZLHrSjydZ6PfzxqLcu0xFeTe78cfmSV2qQE=
UYAY+4p3zvmf8zVPv9D8YvbW6FVIJMuYhXA6jtmnymSpDMrphYNdXEEw/NPZXCQooaBtCGN/1ML9tBNf0FRnI3X+3R7xmreFt3Rcmx1XowFkqRM=
FRFnthExfRpEPoRlQMXzcNHJwajEfX/y65BkrWXtr5PBFmMazAdMSEJ9yc6LnZigJihHe+WQFWa03WfLD/jboKYXCzQm3Jvg1/zhFwYGp6QJe4IchZcPWScpk5Kloe2kxh+Pv2F1Xqkp
OkcS5V6OO4rLbxBW64EPpgE00JIiLwyLWRixptDVm/tDYF/A4u8HJPoU/2AztL0HCn5jRI3jTiz5n+8Zg6Ev4mm56YQCpwMvvT16qQ0=
+Cxu851E75iRP5NxOM2rw5PKjFYSj/dkKjTPYAWU7cd6nhPEHUMe7Mm/+RiTwd+iudl5BLIHs+/t3QqpfQ==
mUCMkWLTL6/Rs8OrxC0/jEXqcONGZCDrvidD1J6Mc+C5LFl3zja/ZLHrSjydZ6TYzxmLcu0xFeTe78cfmSV2qQE=
VgDm+yVhhqYn84c72daHvAjywOgPNiTGzGlErM8EfFlfHH/C3sS4d12oyJOyXADI7grTe7AoDEihkRCgab8orsvIxkinkpw3tQwjtDt5qRA=
XRTUfZiBKsaTZgzuIVy6svepizNYJoaciGUvk9TzhyTvRs7phYNdXEEw/NPZXCQooaBtCGN/1ML9tBNf0FRnI3H/3R3xmreFt3Rcmx1XowFkqRM=
rezldn/u7nUKZC5+sack+Fycz7IqFBO1rnH1IRsGf3WxUu49oNdBdg3akE49IPfw989AqlEUf7dkBJN7zj6hxcXKQ62blDCzCSe3OXipDw==
YJ3UyvtBLsCdI02dKUGlY2Sd2GKTp16BwrBC16D/PgvCKmaB2YOXE31ZHE/aye278zVn8lev9q6hEB7dx6G/nqBgXmv8dADwnsIz4yDAzDCRmTD4uRGqFjqAplC3+tzPBYSDbGtRqSg=
NU2ualW5uSAwW1Ef6sfQ8y8LrTrWCUIXDQ6Ldh32S5b9vlyF3MnCogUzBBYXw8yl4JPBBf7GUY9NcuYteJf5hoW6SJ5VIB+gry/I2unUJ6dsJOvLKboJNP2qS73D1MgDgYdvaVCpJw==
4wZz9HMKKVZmZ5/8dJPg6GSd2GKTp16BwrBC16D/PgvCKmaB2YOXE31ZHE/aye278zVn8lev9q6hEB7dx6G/nqBgXmv8dADwnsIz4yDAzDCRmTD4uRGvFjqAplC3+tzPBYSDbGtRqSg=
drgbljYzbkBvPRplsTiEHiYc7x4Xj/aO4fCevQeBv75gAN6LvFQA0N4is4Pg4MwQUfmwGPk1qzZ1YCYwd9rc78XkA4wrcakI
LLaXQF6whwBCKaYUCpfnsd60KQs81oq1NFEAyOrnZSOxgUArZQGjWuw5mse7Ui8ywnrnYC1EpSfiDquExTPmjAEPU5r7P5eCgemhREqXK0+lDWKpFQ==
eXe1b4qymwQNyQUtFWUzVeRys02VQuo1vPd9PsmqdNaxoHtokz8EYm00Y79gFLdDgfjtM6FaxyUH9Mz7zReTIXSpAw==
bQx9J8/ZfMOig8fnQLYyr1ycz7IqFBO1rnH1IRsGf3WxUu49oNdBdg3akE49IPfw989AqlEUf7dkBJN7zjihy8XKQ62blDCzCSe3OXipDw==
spREldTawv4OTFeYCuxDli8LrTrWCUIXDQ6Magb2TITvokKbwtfcoxRgBAAA1cyl4JPBBf7GUY9NcuYteJf5hoW6SJ5VIB+gry/I2unUJ6dsJOvLJ78JO/2qS73D1MgDgYdvaVCpJw==
bNi4idrNhG9G1AgFHkuKjlok/N80XLK9EoZ9d3kiMoUENyXusUocxrmgc3h7X/wytXTbDzj037MFf2WDCfofVf+0FKv1N7sxfKkL
QdAtevlNdFlvFnjQ0Ip1l66piTEEk6+hF0gH6rrRaPN/WzbSGZSusQ91n4K4RA4nFMCATGaGQ88o1KzsSf2gdBFg7uoNhJa8/658U50gU6ADZakU
9/VjgSkDiROjNGPY8Zudrq6piTEEk6+hF0gH6rrRaPN/WzbSGZSusQ91n4K4RA4nFMCATGaGQ88o1KzsSf2gdBFs7uoNhJa8/658U50gU6ADZakU
0IW3lB1cYaYa1P773o9/7CYc7x4Xj/aO4fCevQeBv75gAN6LvFQA0N4is4Pg4MwQUfmwGPkwqzZ0YCYwd9rc78XkA4wrcakI
whIle9eRcvafff/tc28wkF2cz7IqFBO1rnH1IRsGf3WxUu49oNdBdg3akE49IPfw989AqlEUf7dkBJN7wDuhysXKQ62blDCzCSe3OXipDw==
KspIgQ+LEjuc+HA0hodkCi8LrTrWCUIXDQ6Magb2TITvokObwtfcoxRgBAAA1cyl4JPBBf7GUY9NcuYteJf5hoW6SJ5VIB+gry/I2unUJ6dsJOvLKLoJOv2qS73D1MgDgYdvaVCpJw==
CwbtlU7lKY+/uj0RoLaa2lok/N80XLK9EoZ9d3kiMoUENyXusUocxrmgc3h7X/wytXTbDzj037MNeWWCCfofVf+0FKv1N7sxfKkL
hGA/DDa9rUpw923CfyLsqPaBMh68rC4bwACfDvrUQRClVBJDTdm1mLQrWwYLBJPj3g29j9oCG/JMjX0SIJmhgryE1HkOLFeDVtb6E/xOvUPY3t0zjvgI6r5GQ8jM0Ql+i2pvU6km
TzqruGAifTriVQzgNcaCdNG70I+EsA6KxURPr7Y22NeMyQs5SvgaglyK1XcIqlWXztwAnm7yKwzs1eHKG54nd6kC
r+o0VEsY6IxnkyPAFjFZhjT2+FW7pmre2fVRTaACL1wk9CtvyLQv0xx+daI5uq/1TzSEC6X369EMqXs=
Mb5H9qtFLyGFgT1SFWrRn4YgOMJxdxrhIlhu8h+NTGCxiXBoGUGuRpQQ5kCXqlyfJZTD/MsBqXg=
auIsz9iY6+WBi/yZEtxrAj1+08E3j1MrWHpnaFr01L5ZTBQSytDNyXv0APdL++rR9W+rRXofcbLWr2pAFVfgtS/JM928Fm2reLZtzQ6AuAIeLhMQDIlZVmtCH2upHg==
vwWPNynW8F6KRSnI6XtPYlqx+kifPJNZyHKlMnTwpCs591BZNwyE/dZyuDP8Ln2jWH4dWo4YSEo+JgMozPHJ3guKL3OpBg==
ofgcRMupvQLAbbnZJM9witwQhTciQTjkAUsa/O2Hv97fNrsyPVHlZE5Pd9/JxQapcQ==
3s/HxYBgS3g00ZcrVcbl8DT2+FW7pmre2fVRTaACL1wk9CtvyLQv0xV+daI5uq/1TzSEC6X369EMqXs=
1Kiw1+uUz7rI5DwfjBxMboYgOMJxdxrhIlhu8h+NTGCxiXBoGUiuRpQQ5kCXqlyfJZTD/MsBqXg=
vZi9DpPhMqZXsvRw2lSHrjHe5PvT78cgcdnVP5ldSWW/Hx8aHX/Ntemwg0BOVRSlRuRRb28l1JRFTytcOzqu3ahyWBdPYmB6teI6BHXTVswx70ue6x7nwnFJ0cTaN3uPdW1SqSU=
b9mQ9GAmh6m+wc0UYRkodHM1mRjFp93noeDaZE02kZyGhEg/f/eJC6qevwaHPwDAybzEWmB9AfUsh/dWcHt+oPQd7CSZlQCcgeRuYpxsNtQvZjybTUhzSBNtqRw=
52iOpsvDTSSL7OWFzQWhbwNa5PIeq3ADdE8tZlrmybgZBhoS2M3LiTHhBvgfpOOR6Hq1CjQINKPZv2BBNxS0tTb6KMu8Fm2reLZtwg6AuAIeLhMQDIlZVmtCH2upHg==
07eZ2m4byYPVuuneSYCChxd+YCxRRiViWuLBrAkSMvb4qeNdYbXOPF9gK8W4rh1ulOycN0kr6MW3kDwhpm6ALxxyxX8o4qUGTkRwVk76O3QsbXFCe1YXb6ka
jAcqbSPFyMH1IfnWEK9ooTHe5PvT78cgcdnVP5ldSWWkHx8aHX/Ntemwg0BOVRSlRuRRb28l1JRFTytcOzqu3ahyWBdPYmB6teI6BHXTVswx70ue6x7nwnFJ0cTaN3uPdW1SqSU=
/+g2XMGinGP5gy20QWWccPaEJ1eNrSoBhh6IHc/VDwesVF1eWt65kPkuSkoYFZvhkQm2gJ9cU/lIkmVSdNDki7mXkHk3LESdVtL4E/xOvUPY3t06jvgI6r5GQ8jM0Ql+i2pvU6km
QtK+LB2S1lZJMVmxvs0nZjfV4vL36NM2V8nVOpp5U2epHx8aHX/Ntemwg0BOVRSlRuRRb28l1JRFTytcOzqu3ahyWBdPYmB6teI6BHXTVswx70ue6x7nwnFJ0cTaN3uPdW1SqSU=
q8Es8TeCszCvlrDRWyoFV5AnVndW43+fYmhmUrrMWyCS/R/6k3pFUlrSoZzJwlJmeDlDDaFF7kxfkAu1+H69/hR8fGcJGwj1t6DcEeY+YL+c4mWvaJKF9k40UKaOqpvkrP0Rkrtmd1+pKg==
v3r82nypoMVXwwVvBOYAP/7g+trTV7/9w6YiF7NCD1BXh7eEtDdgYz3ktbqbzHWEi0eSY0vR07DUpAkUKxkf4ZPsmAnfdUthXKoVF4gKFX7OvMA+7hJrLOy1IWqbfmdXqSI=
DBZVluIJ14CE1lq5nwYTOe3Gqw31jDM+uon+BXMQWs7wtWUvJQdpky/bDlCkP+wtk6yVAxsnDAn68zVKXpu4hRL0S69oNI+T9X5VYlk6zzVvNGRLRXdLEWypGw==
